Apr 28, 2017 7:22:43 AM org.apache.catalina.startup.VersionLoggerListener log
INFO: Server version:        Apache Tomcat/7.0.75
Apr 28, 2017 7:22:43 AM org.apache.catalina.startup.VersionLoggerListener log
INFO: Server built:          Jan 18 2017 20:54:42 UTC
Apr 28, 2017 7:22:43 AM org.apache.catalina.startup.VersionLoggerListener log
INFO: Server number:         7.0.75.0
Apr 28, 2017 7:22:43 AM org.apache.catalina.startup.VersionLoggerListener log
INFO: OS Name:               Linux
Apr 28, 2017 7:22:43 AM org.apache.catalina.startup.VersionLoggerListener log
INFO: OS Version:            4.4.0-75-generic
Apr 28, 2017 7:22:43 AM org.apache.catalina.startup.VersionLoggerListener log
INFO: Architecture:          amd64
Apr 28, 2017 7:22:43 AM org.apache.catalina.startup.VersionLoggerListener log
INFO: Java Home:             /usr/lib/jvm/java-8-openjdk-amd64/jre
Apr 28, 2017 7:22:43 AM org.apache.catalina.startup.VersionLoggerListener log
INFO: JVM Version:           1.8.0_121-8u121-b13-1~bpo8+1-b13
Apr 28, 2017 7:22:43 AM org.apache.catalina.startup.VersionLoggerListener log
INFO: JVM Vendor:            Oracle Corporation
Apr 28, 2017 7:22:43 AM org.apache.catalina.startup.VersionLoggerListener log
INFO: CATALINA_BASE:         /usr/local/tomcat
Apr 28, 2017 7:22:43 AM org.apache.catalina.startup.VersionLoggerListener log
INFO: CATALINA_HOME:         /usr/local/tomcat
Apr 28, 2017 7:22:43 AM org.apache.catalina.startup.VersionLoggerListener log
INFO: Command line argument: -Djava.util.logging.config.file=/usr/local/tomcat/conf/logging.properties
Apr 28, 2017 7:22:43 AM org.apache.catalina.startup.VersionLoggerListener log
INFO: Command line argument: -Djava.util.logging.manager=org.apache.juli.ClassLoaderLogManager
Apr 28, 2017 7:22:43 AM org.apache.catalina.startup.VersionLoggerListener log
INFO: Command line argument: -Djdk.tls.ephemeralDHKeySize=2048
Apr 28, 2017 7:22:43 AM org.apache.catalina.startup.VersionLoggerListener log
INFO: Command line argument: -Djava.endorsed.dirs=/usr/local/tomcat/endorsed
Apr 28, 2017 7:22:43 AM org.apache.catalina.startup.VersionLoggerListener log
INFO: Command line argument: -Dcatalina.base=/usr/local/tomcat
Apr 28, 2017 7:22:43 AM org.apache.catalina.startup.VersionLoggerListener log
INFO: Command line argument: -Dcatalina.home=/usr/local/tomcat
Apr 28, 2017 7:22:43 AM org.apache.catalina.startup.VersionLoggerListener log
INFO: Command line argument: -Djava.io.tmpdir=/usr/local/tomcat/temp
Apr 28, 2017 7:22:43 AM org.apache.catalina.core.AprLifecycleListener lifecycleEvent
INFO: Loaded APR based Apache Tomcat Native library 1.2.10 using APR version 1.5.1.
Apr 28, 2017 7:22:43 AM org.apache.catalina.core.AprLifecycleListener lifecycleEvent
INFO: APR capabilities: IPv6 [true], sendfile [true], accept filters [false], random [true].
Apr 28, 2017 7:22:43 AM org.apache.catalina.core.AprLifecycleListener initializeSSL
INFO: OpenSSL successfully initialized (OpenSSL 1.1.0d  26 Jan 2017)
Apr 28, 2017 7:22:43 AM org.apache.coyote.AbstractProtocol init
INFO: Initializing ProtocolHandler ["http-apr-8080"]
Apr 28, 2017 7:22:43 AM org.apache.coyote.AbstractProtocol init
INFO: Initializing ProtocolHandler ["ajp-apr-8009"]
Apr 28, 2017 7:22:43 AM org.apache.catalina.startup.Catalina load
INFO: Initialization processed in 803 ms
Apr 28, 2017 7:22:43 AM org.apache.catalina.core.StandardService startInternal
INFO: Starting service Catalina
Apr 28, 2017 7:22:43 AM org.apache.catalina.core.StandardEngine startInternal
INFO: Starting Servlet Engine: Apache Tomcat/7.0.75
Apr 28, 2017 7:22:43 AM org.apache.catalina.startup.HostConfig deployDirectory
INFO: Deploying web application directory /usr/local/tomcat/webapps/examples
Apr 28, 2017 7:22:44 AM org.apache.catalina.startup.HostConfig deployDirectory
INFO: Deployment of web application directory /usr/local/tomcat/webapps/examples has finished in 828 ms
Apr 28, 2017 7:22:44 AM org.apache.catalina.startup.HostConfig deployDirectory
INFO: Deploying web application directory /usr/local/tomcat/webapps/manager
Apr 28, 2017 7:22:44 AM org.apache.catalina.startup.HostConfig deployDirectory
INFO: Deployment of web application directory /usr/local/tomcat/webapps/manager has finished in 115 ms
Apr 28, 2017 7:22:44 AM org.apache.catalina.startup.HostConfig deployDirectory
INFO: Deploying web application directory /usr/local/tomcat/webapps/ROOT
Apr 28, 2017 7:22:44 AM org.apache.catalina.startup.HostConfig deployDirectory
INFO: Deployment of web application directory /usr/local/tomcat/webapps/ROOT has finished in 82 ms
Apr 28, 2017 7:22:44 AM org.apache.catalina.startup.HostConfig deployDirectory
INFO: Deploying web application directory /usr/local/tomcat/webapps/docs
Apr 28, 2017 7:22:44 AM org.apache.catalina.startup.HostConfig deployDirectory
INFO: Deployment of web application directory /usr/local/tomcat/webapps/docs has finished in 62 ms
Apr 28, 2017 7:22:44 AM org.apache.catalina.startup.HostConfig deployDirectory
INFO: Deploying web application directory /usr/local/tomcat/webapps/host-manager
Apr 28, 2017 7:22:44 AM org.apache.catalina.startup.HostConfig deployDirectory
INFO: Deployment of web application directory /usr/local/tomcat/webapps/host-manager has finished in 75 ms
Apr 28, 2017 7:22:44 AM org.apache.coyote.AbstractProtocol start
INFO: Starting ProtocolHandler ["http-apr-8080"]
Apr 28, 2017 7:22:44 AM org.apache.coyote.AbstractProtocol start
INFO: Starting ProtocolHandler ["ajp-apr-8009"]
Apr 28, 2017 7:22:44 AM org.apache.catalina.startup.Catalina start
INFO: Server startup in 1272 ms
Apr 28, 2017 7:23:16 AM org.apache.catalina.startup.HostConfig undeploy
INFO: Undeploying context []
Apr 28, 2017 7:23:16 AM org.apache.catalina.startup.HostConfig deployWAR
INFO: Deploying web application archive /usr/local/tomcat/webapps/ROOT.war
Apr 28, 2017 7:23:16 AM org.apache.catalina.startup.HostConfig deployWAR
INFO: Deployment of web application archive /usr/local/tomcat/webapps/ROOT.war has finished in 476 ms
Apr 28, 2017 7:23:27 AM org.apache.jasper.compiler.TldLocationsCache tldScanJar
INFO: At least one JAR was scanned for TLDs yet contained no TLDs. Enable debug logging for this logger for a complete list of JARs that were scanned but no TLDs were found in them. Skipping unneeded JARs during scanning can improve startup time and JSP compilation time.
Apr 28, 2017 7:27:32 AM org.apache.catalina.startup.HostConfig undeploy
INFO: Undeploying context []
Apr 28, 2017 7:27:32 AM org.apache.catalina.loader.WebappClassLoaderBase clearReferencesJdbc
SEVERE: The web application [] registered the JDBC driver [com.mysql.jdbc.Driver] but failed to unregister it when the web application was stopped. To prevent a memory leak, the JDBC Driver has been forcibly unregistered.
Apr 28, 2017 7:27:32 AM org.apache.catalina.loader.WebappClassLoaderBase clearReferencesThreads
SEVERE: The web application [] appears to have started a thread named [MySQL Statement Cancellation Timer] but has failed to stop it. This is very likely to create a memory leak.
Apr 28, 2017 7:27:32 AM org.apache.catalina.startup.HostConfig deployWAR
INFO: Deploying web application archive /usr/local/tomcat/webapps/ROOT.war
Apr 28, 2017 7:27:32 AM org.apache.catalina.startup.HostConfig deployWAR
INFO: Deployment of web application archive /usr/local/tomcat/webapps/ROOT.war has finished in 354 ms
Apr 28, 2017 7:31:36 AM org.apache.catalina.startup.HostConfig undeploy
INFO: Undeploying context []
Apr 28, 2017 7:31:36 AM org.apache.catalina.loader.WebappClassLoaderBase clearReferencesJdbc
SEVERE: The web application [] registered the JDBC driver [com.mysql.jdbc.Driver] but failed to unregister it when the web application was stopped. To prevent a memory leak, the JDBC Driver has been forcibly unregistered.
Apr 28, 2017 7:31:36 AM org.apache.catalina.loader.WebappClassLoaderBase clearReferencesThreads
SEVERE: The web application [] appears to have started a thread named [MySQL Statement Cancellation Timer] but has failed to stop it. This is very likely to create a memory leak.
Apr 28, 2017 7:31:36 AM org.apache.catalina.startup.HostConfig deployWAR
INFO: Deploying web application archive /usr/local/tomcat/webapps/ROOT.war
Apr 28, 2017 7:31:36 AM org.apache.catalina.startup.HostConfig deployWAR
INFO: Deployment of web application archive /usr/local/tomcat/webapps/ROOT.war has finished in 377 ms
Apr 28, 2017 7:32:53 AM org.apache.catalina.startup.HostConfig undeploy
INFO: Undeploying context []
Apr 28, 2017 7:32:54 AM org.apache.catalina.startup.HostConfig deployWAR
INFO: Deploying web application archive /usr/local/tomcat/webapps/ROOT.war
Apr 28, 2017 7:32:54 AM org.apache.catalina.startup.HostConfig deployWAR
INFO: Deployment of web application archive /usr/local/tomcat/webapps/ROOT.war has finished in 306 ms
Apr 28, 2017 7:40:02 AM org.apache.catalina.startup.HostConfig undeploy
INFO: Undeploying context []
Apr 28, 2017 7:40:03 AM org.apache.catalina.loader.WebappClassLoaderBase clearReferencesJdbc
SEVERE: The web application [] registered the JDBC driver [com.mysql.jdbc.Driver] but failed to unregister it when the web application was stopped. To prevent a memory leak, the JDBC Driver has been forcibly unregistered.
Apr 28, 2017 7:40:03 AM org.apache.catalina.loader.WebappClassLoaderBase clearReferencesThreads
SEVERE: The web application [] appears to have started a thread named [MySQL Statement Cancellation Timer] but has failed to stop it. This is very likely to create a memory leak.
Apr 28, 2017 7:40:03 AM org.apache.catalina.startup.HostConfig deployWAR
INFO: Deploying web application archive /usr/local/tomcat/webapps/ROOT.war
Apr 28, 2017 7:40:05 AM org.apache.catalina.startup.HostConfig deployWAR
INFO: Deployment of web application archive /usr/local/tomcat/webapps/ROOT.war has finished in 1,466 ms
Apr 28, 2017 7:43:10 AM org.apache.catalina.startup.HostConfig undeploy
INFO: Undeploying context []
Apr 28, 2017 7:43:10 AM org.apache.catalina.loader.WebappClassLoaderBase clearReferencesJdbc
SEVERE: The web application [] registered the JDBC driver [com.mysql.jdbc.Driver] but failed to unregister it when the web application was stopped. To prevent a memory leak, the JDBC Driver has been forcibly unregistered.
Apr 28, 2017 7:43:10 AM org.apache.catalina.loader.WebappClassLoaderBase clearReferencesThreads
SEVERE: The web application [] appears to have started a thread named [MySQL Statement Cancellation Timer] but has failed to stop it. This is very likely to create a memory leak.
Apr 28, 2017 7:43:10 AM org.apache.catalina.startup.HostConfig deployWAR
INFO: Deploying web application archive /usr/local/tomcat/webapps/ROOT.war
Apr 28, 2017 7:43:10 AM org.apache.catalina.startup.HostConfig deployWAR
INFO: Deployment of web application archive /usr/local/tomcat/webapps/ROOT.war has finished in 276 ms
Apr 28, 2017 8:07:49 AM org.apache.catalina.startup.HostConfig undeploy
INFO: Undeploying context []
Apr 28, 2017 8:07:49 AM org.apache.catalina.loader.WebappClassLoaderBase clearReferencesJdbc
SEVERE: The web application [] registered the JDBC driver [com.mysql.jdbc.Driver] but failed to unregister it when the web application was stopped. To prevent a memory leak, the JDBC Driver has been forcibly unregistered.
Apr 28, 2017 8:07:50 AM org.apache.catalina.loader.WebappClassLoaderBase clearReferencesThreads
SEVERE: The web application [] appears to have started a thread named [MySQL Statement Cancellation Timer] but has failed to stop it. This is very likely to create a memory leak.
Apr 28, 2017 8:07:50 AM org.apache.catalina.startup.HostConfig deployWAR
INFO: Deploying web application archive /usr/local/tomcat/webapps/ROOT.war
Apr 28, 2017 8:07:50 AM org.apache.catalina.startup.HostConfig deployWAR
INFO: Deployment of web application archive /usr/local/tomcat/webapps/ROOT.war has finished in 358 ms
Apr 28, 2017 8:11:06 AM org.apache.catalina.startup.HostConfig undeploy
INFO: Undeploying context []
Apr 28, 2017 8:11:06 AM org.apache.catalina.loader.WebappClassLoaderBase clearReferencesJdbc
SEVERE: The web application [] registered the JDBC driver [com.mysql.jdbc.Driver] but failed to unregister it when the web application was stopped. To prevent a memory leak, the JDBC Driver has been forcibly unregistered.
Apr 28, 2017 8:11:06 AM org.apache.catalina.loader.WebappClassLoaderBase clearReferencesThreads
SEVERE: The web application [] appears to have started a thread named [MySQL Statement Cancellation Timer] but has failed to stop it. This is very likely to create a memory leak.
Apr 28, 2017 8:11:06 AM org.apache.catalina.startup.HostConfig deployWAR
INFO: Deploying web application archive /usr/local/tomcat/webapps/ROOT.war
Apr 28, 2017 8:11:07 AM org.apache.catalina.startup.HostConfig deployWAR
INFO: Deployment of web application archive /usr/local/tomcat/webapps/ROOT.war has finished in 192 ms
Apr 28, 2017 8:13:53 AM org.apache.catalina.startup.HostConfig undeploy
INFO: Undeploying context []
Apr 28, 2017 8:13:53 AM org.apache.catalina.loader.WebappClassLoaderBase clearReferencesJdbc
SEVERE: The web application [] registered the JDBC driver [com.mysql.jdbc.Driver] but failed to unregister it when the web application was stopped. To prevent a memory leak, the JDBC Driver has been forcibly unregistered.
Apr 28, 2017 8:13:53 AM org.apache.catalina.loader.WebappClassLoaderBase clearReferencesThreads
SEVERE: The web application [] appears to have started a thread named [MySQL Statement Cancellation Timer] but has failed to stop it. This is very likely to create a memory leak.
Apr 28, 2017 8:13:53 AM org.apache.catalina.startup.HostConfig deployWAR
INFO: Deploying web application archive /usr/local/tomcat/webapps/ROOT.war
Apr 28, 2017 8:13:53 AM org.apache.catalina.startup.HostConfig deployWAR
INFO: Deployment of web application archive /usr/local/tomcat/webapps/ROOT.war has finished in 284 ms
Apr 28, 2017 8:15:19 AM org.apache.catalina.startup.HostConfig undeploy
INFO: Undeploying context []
Apr 28, 2017 8:15:19 AM org.apache.catalina.loader.WebappClassLoaderBase clearReferencesJdbc
SEVERE: The web application [] registered the JDBC driver [com.mysql.jdbc.Driver] but failed to unregister it when the web application was stopped. To prevent a memory leak, the JDBC Driver has been forcibly unregistered.
Apr 28, 2017 8:15:19 AM org.apache.catalina.loader.WebappClassLoaderBase clearReferencesThreads
SEVERE: The web application [] appears to have started a thread named [MySQL Statement Cancellation Timer] but has failed to stop it. This is very likely to create a memory leak.
Apr 28, 2017 8:15:19 AM org.apache.catalina.startup.HostConfig deployWAR
INFO: Deploying web application archive /usr/local/tomcat/webapps/ROOT.war
Apr 28, 2017 8:15:19 AM org.apache.catalina.startup.HostConfig deployWAR
INFO: Deployment of web application archive /usr/local/tomcat/webapps/ROOT.war has finished in 247 ms
Apr 28, 2017 8:39:06 AM org.apache.catalina.startup.HostConfig undeploy
INFO: Undeploying context []
Apr 28, 2017 8:39:07 AM org.apache.catalina.loader.WebappClassLoaderBase clearReferencesJdbc
SEVERE: The web application [] registered the JDBC driver [com.mysql.jdbc.Driver] but failed to unregister it when the web application was stopped. To prevent a memory leak, the JDBC Driver has been forcibly unregistered.
Apr 28, 2017 8:39:07 AM org.apache.catalina.loader.WebappClassLoaderBase clearReferencesThreads
SEVERE: The web application [] appears to have started a thread named [MySQL Statement Cancellation Timer] but has failed to stop it. This is very likely to create a memory leak.
Apr 28, 2017 8:39:07 AM org.apache.catalina.startup.HostConfig deployWAR
INFO: Deploying web application archive /usr/local/tomcat/webapps/ROOT.war
Apr 28, 2017 8:39:07 AM org.apache.catalina.startup.HostConfig deployWAR
INFO: Deployment of web application archive /usr/local/tomcat/webapps/ROOT.war has finished in 772 ms
Apr 28, 2017 8:46:15 AM org.apache.catalina.startup.HostConfig undeploy
INFO: Undeploying context []
Apr 28, 2017 8:46:15 AM org.apache.catalina.loader.WebappClassLoaderBase clearReferencesJdbc
SEVERE: The web application [] registered the JDBC driver [com.mysql.jdbc.Driver] but failed to unregister it when the web application was stopped. To prevent a memory leak, the JDBC Driver has been forcibly unregistered.
Apr 28, 2017 8:46:15 AM org.apache.catalina.loader.WebappClassLoaderBase clearReferencesThreads
SEVERE: The web application [] appears to have started a thread named [MySQL Statement Cancellation Timer] but has failed to stop it. This is very likely to create a memory leak.
Apr 28, 2017 8:46:15 AM org.apache.catalina.startup.HostConfig deployWAR
INFO: Deploying web application archive /usr/local/tomcat/webapps/ROOT.war
Apr 28, 2017 8:46:15 AM org.apache.catalina.startup.HostConfig deployWAR
INFO: Deployment of web application archive /usr/local/tomcat/webapps/ROOT.war has finished in 208 ms
Apr 28, 2017 8:48:39 AM org.apache.catalina.startup.HostConfig undeploy
INFO: Undeploying context []
Apr 28, 2017 8:48:39 AM org.apache.catalina.loader.WebappClassLoaderBase clearReferencesJdbc
SEVERE: The web application [] registered the JDBC driver [com.mysql.jdbc.Driver] but failed to unregister it when the web application was stopped. To prevent a memory leak, the JDBC Driver has been forcibly unregistered.
Apr 28, 2017 8:48:39 AM org.apache.catalina.loader.WebappClassLoaderBase clearReferencesThreads
SEVERE: The web application [] appears to have started a thread named [MySQL Statement Cancellation Timer] but has failed to stop it. This is very likely to create a memory leak.
Apr 28, 2017 8:48:39 AM org.apache.catalina.startup.HostConfig deployWAR
INFO: Deploying web application archive /usr/local/tomcat/webapps/ROOT.war
Apr 28, 2017 8:48:39 AM org.apache.catalina.startup.HostConfig deployWAR
INFO: Deployment of web application archive /usr/local/tomcat/webapps/ROOT.war has finished in 210 ms
Apr 28, 2017 8:49:38 AM org.apache.catalina.startup.HostConfig undeploy
INFO: Undeploying context []
Apr 28, 2017 8:49:38 AM org.apache.catalina.loader.WebappClassLoaderBase clearReferencesJdbc
SEVERE: The web application [] registered the JDBC driver [com.mysql.jdbc.Driver] but failed to unregister it when the web application was stopped. To prevent a memory leak, the JDBC Driver has been forcibly unregistered.
Apr 28, 2017 8:49:38 AM org.apache.catalina.loader.WebappClassLoaderBase clearReferencesThreads
SEVERE: The web application [] appears to have started a thread named [MySQL Statement Cancellation Timer] but has failed to stop it. This is very likely to create a memory leak.
Apr 28, 2017 8:49:38 AM org.apache.catalina.startup.HostConfig deployWAR
INFO: Deploying web application archive /usr/local/tomcat/webapps/ROOT.war
Apr 28, 2017 8:49:39 AM org.apache.catalina.startup.HostConfig deployWAR
INFO: Deployment of web application archive /usr/local/tomcat/webapps/ROOT.war has finished in 188 ms
Apr 28, 2017 8:55:08 AM org.apache.catalina.startup.HostConfig undeploy
INFO: Undeploying context []
Apr 28, 2017 8:55:08 AM org.apache.catalina.loader.WebappClassLoaderBase clearReferencesJdbc
SEVERE: The web application [] registered the JDBC driver [com.mysql.jdbc.Driver] but failed to unregister it when the web application was stopped. To prevent a memory leak, the JDBC Driver has been forcibly unregistered.
Apr 28, 2017 8:55:08 AM org.apache.catalina.loader.WebappClassLoaderBase clearReferencesThreads
SEVERE: The web application [] appears to have started a thread named [MySQL Statement Cancellation Timer] but has failed to stop it. This is very likely to create a memory leak.
Apr 28, 2017 8:55:08 AM org.apache.catalina.startup.HostConfig deployWAR
INFO: Deploying web application archive /usr/local/tomcat/webapps/ROOT.war
Apr 28, 2017 8:55:08 AM org.apache.catalina.startup.HostConfig deployWAR
INFO: Deployment of web application archive /usr/local/tomcat/webapps/ROOT.war has finished in 245 ms
Apr 28, 2017 9:45:02 AM org.apache.catalina.startup.HostConfig undeploy
INFO: Undeploying context []
Apr 28, 2017 9:45:02 AM org.apache.catalina.loader.WebappClassLoaderBase clearReferencesJdbc
SEVERE: The web application [] registered the JDBC driver [com.mysql.jdbc.Driver] but failed to unregister it when the web application was stopped. To prevent a memory leak, the JDBC Driver has been forcibly unregistered.
Apr 28, 2017 9:45:02 AM org.apache.catalina.loader.WebappClassLoaderBase clearReferencesThreads
SEVERE: The web application [] appears to have started a thread named [MySQL Statement Cancellation Timer] but has failed to stop it. This is very likely to create a memory leak.
Apr 28, 2017 9:45:03 AM org.apache.catalina.startup.HostConfig deployWAR
INFO: Deploying web application archive /usr/local/tomcat/webapps/ROOT.war
Apr 28, 2017 9:45:04 AM org.apache.catalina.startup.HostConfig deployWAR
INFO: Deployment of web application archive /usr/local/tomcat/webapps/ROOT.war has finished in 1,220 ms
Apr 28, 2017 9:47:29 AM org.apache.catalina.startup.HostConfig undeploy
INFO: Undeploying context []
Apr 28, 2017 9:47:29 AM org.apache.catalina.loader.WebappClassLoaderBase clearReferencesJdbc
SEVERE: The web application [] registered the JDBC driver [com.mysql.jdbc.Driver] but failed to unregister it when the web application was stopped. To prevent a memory leak, the JDBC Driver has been forcibly unregistered.
Apr 28, 2017 9:47:29 AM org.apache.catalina.loader.WebappClassLoaderBase clearReferencesThreads
SEVERE: The web application [] appears to have started a thread named [MySQL Statement Cancellation Timer] but has failed to stop it. This is very likely to create a memory leak.
Apr 28, 2017 9:47:29 AM org.apache.catalina.startup.HostConfig deployWAR
INFO: Deploying web application archive /usr/local/tomcat/webapps/ROOT.war
Apr 28, 2017 9:47:30 AM org.apache.catalina.startup.HostConfig deployWAR
INFO: Deployment of web application archive /usr/local/tomcat/webapps/ROOT.war has finished in 225 ms
Apr 28, 2017 9:53:04 AM org.apache.catalina.startup.HostConfig undeploy
INFO: Undeploying context []
Apr 28, 2017 9:53:04 AM org.apache.catalina.loader.WebappClassLoaderBase clearReferencesJdbc
SEVERE: The web application [] registered the JDBC driver [com.mysql.jdbc.Driver] but failed to unregister it when the web application was stopped. To prevent a memory leak, the JDBC Driver has been forcibly unregistered.
Apr 28, 2017 9:53:04 AM org.apache.catalina.loader.WebappClassLoaderBase clearReferencesThreads
SEVERE: The web application [] appears to have started a thread named [MySQL Statement Cancellation Timer] but has failed to stop it. This is very likely to create a memory leak.
Apr 28, 2017 9:53:04 AM org.apache.catalina.startup.HostConfig deployWAR
INFO: Deploying web application archive /usr/local/tomcat/webapps/ROOT.war
Apr 28, 2017 9:53:04 AM org.apache.catalina.startup.HostConfig deployWAR
INFO: Deployment of web application archive /usr/local/tomcat/webapps/ROOT.war has finished in 266 ms
Apr 28, 2017 9:54:27 AM org.apache.catalina.startup.HostConfig undeploy
INFO: Undeploying context []
Apr 28, 2017 9:54:27 AM org.apache.catalina.loader.WebappClassLoaderBase clearReferencesJdbc
SEVERE: The web application [] registered the JDBC driver [com.mysql.jdbc.Driver] but failed to unregister it when the web application was stopped. To prevent a memory leak, the JDBC Driver has been forcibly unregistered.
Apr 28, 2017 9:54:27 AM org.apache.catalina.loader.WebappClassLoaderBase clearReferencesThreads
SEVERE: The web application [] appears to have started a thread named [MySQL Statement Cancellation Timer] but has failed to stop it. This is very likely to create a memory leak.
Apr 28, 2017 9:54:27 AM org.apache.catalina.startup.HostConfig deployWAR
INFO: Deploying web application archive /usr/local/tomcat/webapps/ROOT.war
Apr 28, 2017 9:54:27 AM org.apache.catalina.startup.HostConfig deployWAR
INFO: Deployment of web application archive /usr/local/tomcat/webapps/ROOT.war has finished in 259 ms
Apr 28, 2017 10:00:08 AM org.apache.catalina.startup.HostConfig undeploy
INFO: Undeploying context []
Apr 28, 2017 10:00:08 AM org.apache.catalina.loader.WebappClassLoaderBase clearReferencesJdbc
SEVERE: The web application [] registered the JDBC driver [com.mysql.jdbc.Driver] but failed to unregister it when the web application was stopped. To prevent a memory leak, the JDBC Driver has been forcibly unregistered.
Apr 28, 2017 10:00:08 AM org.apache.catalina.loader.WebappClassLoaderBase clearReferencesThreads
SEVERE: The web application [] appears to have started a thread named [MySQL Statement Cancellation Timer] but has failed to stop it. This is very likely to create a memory leak.
Apr 28, 2017 10:00:08 AM org.apache.catalina.startup.HostConfig deployWAR
INFO: Deploying web application archive /usr/local/tomcat/webapps/ROOT.war
Apr 28, 2017 10:00:08 AM org.apache.catalina.startup.HostConfig deployWAR
INFO: Deployment of web application archive /usr/local/tomcat/webapps/ROOT.war has finished in 257 ms
Apr 28, 2017 10:03:43 AM org.apache.catalina.startup.HostConfig undeploy
INFO: Undeploying context []
Apr 28, 2017 10:03:43 AM org.apache.catalina.loader.WebappClassLoaderBase clearReferencesJdbc
SEVERE: The web application [] registered the JDBC driver [com.mysql.jdbc.Driver] but failed to unregister it when the web application was stopped. To prevent a memory leak, the JDBC Driver has been forcibly unregistered.
Apr 28, 2017 10:03:43 AM org.apache.catalina.loader.WebappClassLoaderBase clearReferencesThreads
SEVERE: The web application [] appears to have started a thread named [MySQL Statement Cancellation Timer] but has failed to stop it. This is very likely to create a memory leak.
Apr 28, 2017 10:03:43 AM org.apache.catalina.startup.HostConfig deployWAR
INFO: Deploying web application archive /usr/local/tomcat/webapps/ROOT.war
Apr 28, 2017 10:03:43 AM org.apache.catalina.startup.HostConfig deployWAR
INFO: Deployment of web application archive /usr/local/tomcat/webapps/ROOT.war has finished in 307 ms
Apr 28, 2017 10:07:26 AM org.apache.catalina.startup.HostConfig undeploy
INFO: Undeploying context []
Apr 28, 2017 10:07:26 AM org.apache.catalina.loader.WebappClassLoaderBase clearReferencesJdbc
SEVERE: The web application [] registered the JDBC driver [com.mysql.jdbc.Driver] but failed to unregister it when the web application was stopped. To prevent a memory leak, the JDBC Driver has been forcibly unregistered.
Apr 28, 2017 10:07:26 AM org.apache.catalina.loader.WebappClassLoaderBase clearReferencesThreads
SEVERE: The web application [] appears to have started a thread named [MySQL Statement Cancellation Timer] but has failed to stop it. This is very likely to create a memory leak.
Apr 28, 2017 10:07:26 AM org.apache.catalina.startup.HostConfig deployWAR
INFO: Deploying web application archive /usr/local/tomcat/webapps/ROOT.war
Apr 28, 2017 10:07:26 AM org.apache.catalina.startup.HostConfig deployWAR
INFO: Deployment of web application archive /usr/local/tomcat/webapps/ROOT.war has finished in 216 ms
Apr 28, 2017 10:11:08 AM org.apache.catalina.startup.HostConfig undeploy
INFO: Undeploying context []
Apr 28, 2017 10:11:08 AM org.apache.catalina.startup.HostConfig deployWAR
INFO: Deploying web application archive /usr/local/tomcat/webapps/ROOT.war
Apr 28, 2017 10:11:09 AM org.apache.catalina.startup.HostConfig deployWAR
INFO: Deployment of web application archive /usr/local/tomcat/webapps/ROOT.war has finished in 262 ms
Apr 28, 2017 10:12:47 AM org.apache.catalina.startup.HostConfig undeploy
INFO: Undeploying context []
Apr 28, 2017 10:12:47 AM org.apache.catalina.loader.WebappClassLoaderBase clearReferencesJdbc
SEVERE: The web application [] registered the JDBC driver [com.mysql.jdbc.Driver] but failed to unregister it when the web application was stopped. To prevent a memory leak, the JDBC Driver has been forcibly unregistered.
Apr 28, 2017 10:12:47 AM org.apache.catalina.loader.WebappClassLoaderBase clearReferencesThreads
SEVERE: The web application [] appears to have started a thread named [MySQL Statement Cancellation Timer] but has failed to stop it. This is very likely to create a memory leak.
Apr 28, 2017 10:12:47 AM org.apache.catalina.startup.HostConfig deployWAR
INFO: Deploying web application archive /usr/local/tomcat/webapps/ROOT.war
Apr 28, 2017 10:12:47 AM org.apache.catalina.startup.HostConfig deployWAR
INFO: Deployment of web application archive /usr/local/tomcat/webapps/ROOT.war has finished in 173 ms
Apr 28, 2017 10:14:13 AM org.apache.catalina.startup.HostConfig undeploy
INFO: Undeploying context []
Apr 28, 2017 10:14:13 AM org.apache.catalina.loader.WebappClassLoaderBase clearReferencesJdbc
SEVERE: The web application [] registered the JDBC driver [com.mysql.jdbc.Driver] but failed to unregister it when the web application was stopped. To prevent a memory leak, the JDBC Driver has been forcibly unregistered.
Apr 28, 2017 10:14:13 AM org.apache.catalina.loader.WebappClassLoaderBase clearReferencesThreads
SEVERE: The web application [] appears to have started a thread named [MySQL Statement Cancellation Timer] but has failed to stop it. This is very likely to create a memory leak.
Apr 28, 2017 10:14:13 AM org.apache.catalina.startup.HostConfig deployWAR
INFO: Deploying web application archive /usr/local/tomcat/webapps/ROOT.war
Apr 28, 2017 10:14:13 AM org.apache.catalina.startup.HostConfig deployWAR
INFO: Deployment of web application archive /usr/local/tomcat/webapps/ROOT.war has finished in 203 ms
Apr 28, 2017 10:15:51 AM org.apache.catalina.startup.HostConfig undeploy
INFO: Undeploying context []
Apr 28, 2017 10:15:51 AM org.apache.catalina.loader.WebappClassLoaderBase clearReferencesJdbc
SEVERE: The web application [] registered the JDBC driver [com.mysql.jdbc.Driver] but failed to unregister it when the web application was stopped. To prevent a memory leak, the JDBC Driver has been forcibly unregistered.
Apr 28, 2017 10:15:51 AM org.apache.catalina.loader.WebappClassLoaderBase clearReferencesThreads
SEVERE: The web application [] appears to have started a thread named [MySQL Statement Cancellation Timer] but has failed to stop it. This is very likely to create a memory leak.
Apr 28, 2017 10:15:51 AM org.apache.catalina.startup.HostConfig deployWAR
INFO: Deploying web application archive /usr/local/tomcat/webapps/ROOT.war
Apr 28, 2017 10:15:51 AM org.apache.catalina.startup.HostConfig deployWAR
INFO: Deployment of web application archive /usr/local/tomcat/webapps/ROOT.war has finished in 297 ms
Apr 28, 2017 10:17:13 AM org.apache.catalina.startup.HostConfig undeploy
INFO: Undeploying context []
Apr 28, 2017 10:17:13 AM org.apache.catalina.startup.HostConfig deployWAR
INFO: Deploying web application archive /usr/local/tomcat/webapps/ROOT.war
Apr 28, 2017 10:17:13 AM org.apache.catalina.startup.HostConfig deployWAR
INFO: Deployment of web application archive /usr/local/tomcat/webapps/ROOT.war has finished in 183 ms
Apr 28, 2017 10:18:22 AM org.apache.catalina.startup.HostConfig undeploy
INFO: Undeploying context []
Apr 28, 2017 10:18:22 AM org.apache.catalina.startup.HostConfig deployWAR
INFO: Deploying web application archive /usr/local/tomcat/webapps/ROOT.war
Apr 28, 2017 10:18:22 AM org.apache.catalina.startup.HostConfig deployWAR
INFO: Deployment of web application archive /usr/local/tomcat/webapps/ROOT.war has finished in 232 ms
Apr 28, 2017 10:37:39 AM org.apache.catalina.startup.HostConfig undeploy
INFO: Undeploying context []
Apr 28, 2017 10:37:39 AM org.apache.catalina.loader.WebappClassLoaderBase clearReferencesJdbc
SEVERE: The web application [] registered the JDBC driver [com.mysql.jdbc.Driver] but failed to unregister it when the web application was stopped. To prevent a memory leak, the JDBC Driver has been forcibly unregistered.
Apr 28, 2017 10:37:39 AM org.apache.catalina.loader.WebappClassLoaderBase clearReferencesThreads
SEVERE: The web application [] appears to have started a thread named [MySQL Statement Cancellation Timer] but has failed to stop it. This is very likely to create a memory leak.
Apr 28, 2017 10:37:39 AM org.apache.catalina.startup.HostConfig deployWAR
INFO: Deploying web application archive /usr/local/tomcat/webapps/ROOT.war
Apr 28, 2017 10:37:40 AM org.apache.catalina.startup.HostConfig deployWAR
INFO: Deployment of web application archive /usr/local/tomcat/webapps/ROOT.war has finished in 191 ms
Apr 28, 2017 12:03:02 PM org.apache.catalina.startup.HostConfig undeploy
INFO: Undeploying context []
Apr 28, 2017 12:03:02 PM org.apache.catalina.loader.WebappClassLoaderBase clearReferencesJdbc
SEVERE: The web application [] registered the JDBC driver [com.mysql.jdbc.Driver] but failed to unregister it when the web application was stopped. To prevent a memory leak, the JDBC Driver has been forcibly unregistered.
Apr 28, 2017 12:03:02 PM org.apache.catalina.loader.WebappClassLoaderBase clearReferencesThreads
SEVERE: The web application [] appears to have started a thread named [MySQL Statement Cancellation Timer] but has failed to stop it. This is very likely to create a memory leak.
Apr 28, 2017 12:03:02 PM org.apache.catalina.startup.HostConfig deployWAR
INFO: Deploying web application archive /usr/local/tomcat/webapps/ROOT.war
Apr 28, 2017 12:03:02 PM org.apache.catalina.startup.HostConfig deployWAR
INFO: Deployment of web application archive /usr/local/tomcat/webapps/ROOT.war has finished in 181 ms
Apr 28, 2017 12:15:13 PM org.apache.catalina.startup.HostConfig undeploy
INFO: Undeploying context []
Apr 28, 2017 12:15:13 PM org.apache.catalina.loader.WebappClassLoaderBase clearReferencesJdbc
SEVERE: The web application [] registered the JDBC driver [com.mysql.jdbc.Driver] but failed to unregister it when the web application was stopped. To prevent a memory leak, the JDBC Driver has been forcibly unregistered.
Apr 28, 2017 12:15:13 PM org.apache.catalina.loader.WebappClassLoaderBase clearReferencesThreads
SEVERE: The web application [] appears to have started a thread named [MySQL Statement Cancellation Timer] but has failed to stop it. This is very likely to create a memory leak.
Apr 28, 2017 12:15:13 PM org.apache.catalina.startup.HostConfig deployWAR
INFO: Deploying web application archive /usr/local/tomcat/webapps/ROOT.war
Apr 28, 2017 12:15:13 PM org.apache.catalina.startup.HostConfig deployWAR
INFO: Deployment of web application archive /usr/local/tomcat/webapps/ROOT.war has finished in 200 ms
Apr 28, 2017 12:18:42 PM org.apache.catalina.startup.HostConfig undeploy
INFO: Undeploying context []
Apr 28, 2017 12:18:42 PM org.apache.catalina.loader.WebappClassLoaderBase clearReferencesJdbc
SEVERE: The web application [] registered the JDBC driver [com.mysql.jdbc.Driver] but failed to unregister it when the web application was stopped. To prevent a memory leak, the JDBC Driver has been forcibly unregistered.
Apr 28, 2017 12:18:42 PM org.apache.catalina.loader.WebappClassLoaderBase clearReferencesThreads
SEVERE: The web application [] appears to have started a thread named [MySQL Statement Cancellation Timer] but has failed to stop it. This is very likely to create a memory leak.
Apr 28, 2017 12:18:42 PM org.apache.catalina.startup.HostConfig deployWAR
INFO: Deploying web application archive /usr/local/tomcat/webapps/ROOT.war
Apr 28, 2017 12:18:42 PM org.apache.catalina.startup.HostConfig deployWAR
INFO: Deployment of web application archive /usr/local/tomcat/webapps/ROOT.war has finished in 179 ms
Apr 28, 2017 12:25:50 PM org.apache.catalina.startup.HostConfig undeploy
INFO: Undeploying context []
Apr 28, 2017 12:25:50 PM org.apache.catalina.loader.WebappClassLoaderBase clearReferencesJdbc
SEVERE: The web application [] registered the JDBC driver [com.mysql.jdbc.Driver] but failed to unregister it when the web application was stopped. To prevent a memory leak, the JDBC Driver has been forcibly unregistered.
Apr 28, 2017 12:25:50 PM org.apache.catalina.loader.WebappClassLoaderBase clearReferencesThreads
SEVERE: The web application [] appears to have started a thread named [MySQL Statement Cancellation Timer] but has failed to stop it. This is very likely to create a memory leak.
Apr 28, 2017 12:25:50 PM org.apache.catalina.startup.HostConfig deployWAR
INFO: Deploying web application archive /usr/local/tomcat/webapps/ROOT.war
Apr 28, 2017 12:25:50 PM org.apache.catalina.startup.HostConfig deployWAR
INFO: Deployment of web application archive /usr/local/tomcat/webapps/ROOT.war has finished in 237 ms
Apr 28, 2017 12:27:49 PM org.apache.catalina.startup.HostConfig undeploy
INFO: Undeploying context []
Apr 28, 2017 12:27:49 PM org.apache.catalina.loader.WebappClassLoaderBase clearReferencesJdbc
SEVERE: The web application [] registered the JDBC driver [com.mysql.jdbc.Driver] but failed to unregister it when the web application was stopped. To prevent a memory leak, the JDBC Driver has been forcibly unregistered.
Apr 28, 2017 12:27:49 PM org.apache.catalina.loader.WebappClassLoaderBase clearReferencesThreads
SEVERE: The web application [] appears to have started a thread named [MySQL Statement Cancellation Timer] but has failed to stop it. This is very likely to create a memory leak.
Apr 28, 2017 12:27:49 PM org.apache.catalina.startup.HostConfig deployWAR
INFO: Deploying web application archive /usr/local/tomcat/webapps/ROOT.war
Apr 28, 2017 12:27:50 PM org.apache.catalina.startup.HostConfig deployWAR
INFO: Deployment of web application archive /usr/local/tomcat/webapps/ROOT.war has finished in 259 ms
Apr 28, 2017 12:31:15 PM org.apache.catalina.startup.HostConfig undeploy
INFO: Undeploying context []
Apr 28, 2017 12:31:15 PM org.apache.catalina.loader.WebappClassLoaderBase clearReferencesJdbc
SEVERE: The web application [] registered the JDBC driver [com.mysql.jdbc.Driver] but failed to unregister it when the web application was stopped. To prevent a memory leak, the JDBC Driver has been forcibly unregistered.
Apr 28, 2017 12:31:15 PM org.apache.catalina.loader.WebappClassLoaderBase clearReferencesThreads
SEVERE: The web application [] appears to have started a thread named [MySQL Statement Cancellation Timer] but has failed to stop it. This is very likely to create a memory leak.
Apr 28, 2017 12:31:15 PM org.apache.catalina.startup.HostConfig deployWAR
INFO: Deploying web application archive /usr/local/tomcat/webapps/ROOT.war
Apr 28, 2017 12:31:15 PM org.apache.catalina.startup.HostConfig deployWAR
INFO: Deployment of web application archive /usr/local/tomcat/webapps/ROOT.war has finished in 168 ms
Apr 28, 2017 12:34:52 PM org.apache.catalina.startup.HostConfig undeploy
INFO: Undeploying context []
Apr 28, 2017 12:34:52 PM org.apache.catalina.loader.WebappClassLoaderBase clearReferencesJdbc
SEVERE: The web application [] registered the JDBC driver [com.mysql.jdbc.Driver] but failed to unregister it when the web application was stopped. To prevent a memory leak, the JDBC Driver has been forcibly unregistered.
Apr 28, 2017 12:34:52 PM org.apache.catalina.loader.WebappClassLoaderBase clearReferencesThreads
SEVERE: The web application [] appears to have started a thread named [MySQL Statement Cancellation Timer] but has failed to stop it. This is very likely to create a memory leak.
Apr 28, 2017 12:34:53 PM org.apache.catalina.startup.HostConfig deployWAR
INFO: Deploying web application archive /usr/local/tomcat/webapps/ROOT.war
Apr 28, 2017 12:34:53 PM org.apache.catalina.startup.HostConfig deployWAR
INFO: Deployment of web application archive /usr/local/tomcat/webapps/ROOT.war has finished in 301 ms
Apr 28, 2017 12:36:18 PM org.apache.catalina.startup.HostConfig undeploy
INFO: Undeploying context []
Apr 28, 2017 12:36:18 PM org.apache.catalina.loader.WebappClassLoaderBase clearReferencesJdbc
SEVERE: The web application [] registered the JDBC driver [com.mysql.jdbc.Driver] but failed to unregister it when the web application was stopped. To prevent a memory leak, the JDBC Driver has been forcibly unregistered.
Apr 28, 2017 12:36:18 PM org.apache.catalina.loader.WebappClassLoaderBase clearReferencesThreads
SEVERE: The web application [] appears to have started a thread named [MySQL Statement Cancellation Timer] but has failed to stop it. This is very likely to create a memory leak.
Apr 28, 2017 12:36:18 PM org.apache.catalina.startup.HostConfig deployWAR
INFO: Deploying web application archive /usr/local/tomcat/webapps/ROOT.war
Apr 28, 2017 12:36:18 PM org.apache.catalina.startup.HostConfig deployWAR
INFO: Deployment of web application archive /usr/local/tomcat/webapps/ROOT.war has finished in 287 ms
Apr 28, 2017 12:37:53 PM org.apache.catalina.startup.HostConfig undeploy
INFO: Undeploying context []
Apr 28, 2017 12:37:53 PM org.apache.catalina.loader.WebappClassLoaderBase clearReferencesJdbc
SEVERE: The web application [] registered the JDBC driver [com.mysql.jdbc.Driver] but failed to unregister it when the web application was stopped. To prevent a memory leak, the JDBC Driver has been forcibly unregistered.
Apr 28, 2017 12:37:53 PM org.apache.catalina.loader.WebappClassLoaderBase clearReferencesThreads
SEVERE: The web application [] appears to have started a thread named [MySQL Statement Cancellation Timer] but has failed to stop it. This is very likely to create a memory leak.
Apr 28, 2017 12:37:53 PM org.apache.catalina.startup.HostConfig deployWAR
INFO: Deploying web application archive /usr/local/tomcat/webapps/ROOT.war
Apr 28, 2017 12:37:53 PM org.apache.catalina.startup.HostConfig deployWAR
INFO: Deployment of web application archive /usr/local/tomcat/webapps/ROOT.war has finished in 272 ms
Apr 28, 2017 12:41:00 PM org.apache.catalina.startup.HostConfig undeploy
INFO: Undeploying context []
Apr 28, 2017 12:41:00 PM org.apache.catalina.loader.WebappClassLoaderBase clearReferencesJdbc
SEVERE: The web application [] registered the JDBC driver [com.mysql.jdbc.Driver] but failed to unregister it when the web application was stopped. To prevent a memory leak, the JDBC Driver has been forcibly unregistered.
Apr 28, 2017 12:41:00 PM org.apache.catalina.loader.WebappClassLoaderBase clearReferencesThreads
SEVERE: The web application [] appears to have started a thread named [MySQL Statement Cancellation Timer] but has failed to stop it. This is very likely to create a memory leak.
Apr 28, 2017 12:41:00 PM org.apache.catalina.startup.HostConfig deployWAR
INFO: Deploying web application archive /usr/local/tomcat/webapps/ROOT.war
Apr 28, 2017 12:41:01 PM org.apache.catalina.startup.HostConfig deployWAR
INFO: Deployment of web application archive /usr/local/tomcat/webapps/ROOT.war has finished in 495 ms
Apr 28, 2017 12:42:49 PM org.apache.catalina.startup.HostConfig undeploy
INFO: Undeploying context []
Apr 28, 2017 12:42:49 PM org.apache.catalina.loader.WebappClassLoaderBase clearReferencesJdbc
SEVERE: The web application [] registered the JDBC driver [com.mysql.jdbc.Driver] but failed to unregister it when the web application was stopped. To prevent a memory leak, the JDBC Driver has been forcibly unregistered.
Apr 28, 2017 12:42:49 PM org.apache.catalina.loader.WebappClassLoaderBase clearReferencesThreads
SEVERE: The web application [] appears to have started a thread named [MySQL Statement Cancellation Timer] but has failed to stop it. This is very likely to create a memory leak.
Apr 28, 2017 12:42:49 PM org.apache.catalina.startup.HostConfig deployWAR
INFO: Deploying web application archive /usr/local/tomcat/webapps/ROOT.war
Apr 28, 2017 12:42:49 PM org.apache.catalina.startup.HostConfig deployWAR
INFO: Deployment of web application archive /usr/local/tomcat/webapps/ROOT.war has finished in 266 ms
Apr 28, 2017 12:48:08 PM org.apache.catalina.startup.HostConfig undeploy
INFO: Undeploying context []
Apr 28, 2017 12:48:08 PM org.apache.catalina.loader.WebappClassLoaderBase clearReferencesJdbc
SEVERE: The web application [] registered the JDBC driver [com.mysql.jdbc.Driver] but failed to unregister it when the web application was stopped. To prevent a memory leak, the JDBC Driver has been forcibly unregistered.
Apr 28, 2017 12:48:08 PM org.apache.catalina.loader.WebappClassLoaderBase clearReferencesThreads
SEVERE: The web application [] appears to have started a thread named [MySQL Statement Cancellation Timer] but has failed to stop it. This is very likely to create a memory leak.
Apr 28, 2017 12:48:08 PM org.apache.catalina.startup.HostConfig deployWAR
INFO: Deploying web application archive /usr/local/tomcat/webapps/ROOT.war
Apr 28, 2017 12:48:08 PM org.apache.catalina.startup.HostConfig deployWAR
INFO: Deployment of web application archive /usr/local/tomcat/webapps/ROOT.war has finished in 163 ms
Apr 28, 2017 12:50:58 PM org.apache.catalina.startup.HostConfig undeploy
INFO: Undeploying context []
Apr 28, 2017 12:50:58 PM org.apache.catalina.loader.WebappClassLoaderBase clearReferencesJdbc
SEVERE: The web application [] registered the JDBC driver [com.mysql.jdbc.Driver] but failed to unregister it when the web application was stopped. To prevent a memory leak, the JDBC Driver has been forcibly unregistered.
Apr 28, 2017 12:50:58 PM org.apache.catalina.loader.WebappClassLoaderBase clearReferencesThreads
SEVERE: The web application [] appears to have started a thread named [MySQL Statement Cancellation Timer] but has failed to stop it. This is very likely to create a memory leak.
Apr 28, 2017 12:50:58 PM org.apache.catalina.startup.HostConfig deployWAR
INFO: Deploying web application archive /usr/local/tomcat/webapps/ROOT.war
Apr 28, 2017 12:50:58 PM org.apache.catalina.startup.HostConfig deployWAR
INFO: Deployment of web application archive /usr/local/tomcat/webapps/ROOT.war has finished in 248 ms
Apr 28, 2017 12:52:29 PM org.apache.catalina.startup.HostConfig undeploy
INFO: Undeploying context []
Apr 28, 2017 12:52:30 PM org.apache.catalina.loader.WebappClassLoaderBase clearReferencesJdbc
SEVERE: The web application [] registered the JDBC driver [com.mysql.jdbc.Driver] but failed to unregister it when the web application was stopped. To prevent a memory leak, the JDBC Driver has been forcibly unregistered.
Apr 28, 2017 12:52:30 PM org.apache.catalina.loader.WebappClassLoaderBase clearReferencesThreads
SEVERE: The web application [] appears to have started a thread named [MySQL Statement Cancellation Timer] but has failed to stop it. This is very likely to create a memory leak.
Apr 28, 2017 12:52:30 PM org.apache.catalina.startup.HostConfig deployWAR
INFO: Deploying web application archive /usr/local/tomcat/webapps/ROOT.war
Apr 28, 2017 12:52:30 PM org.apache.catalina.startup.HostConfig deployWAR
INFO: Deployment of web application archive /usr/local/tomcat/webapps/ROOT.war has finished in 263 ms
Apr 28, 2017 12:53:14 PM org.apache.catalina.startup.HostConfig undeploy
INFO: Undeploying context []
Apr 28, 2017 12:53:14 PM org.apache.catalina.loader.WebappClassLoaderBase clearReferencesJdbc
SEVERE: The web application [] registered the JDBC driver [com.mysql.jdbc.Driver] but failed to unregister it when the web application was stopped. To prevent a memory leak, the JDBC Driver has been forcibly unregistered.
Apr 28, 2017 12:53:14 PM org.apache.catalina.loader.WebappClassLoaderBase clearReferencesThreads
SEVERE: The web application [] appears to have started a thread named [MySQL Statement Cancellation Timer] but has failed to stop it. This is very likely to create a memory leak.
Apr 28, 2017 12:53:14 PM org.apache.catalina.startup.HostConfig deployWAR
INFO: Deploying web application archive /usr/local/tomcat/webapps/ROOT.war
Apr 28, 2017 12:53:14 PM org.apache.catalina.startup.HostConfig deployWAR
INFO: Deployment of web application archive /usr/local/tomcat/webapps/ROOT.war has finished in 602 ms
Apr 28, 2017 12:54:08 PM org.apache.catalina.startup.HostConfig undeploy
INFO: Undeploying context []
Apr 28, 2017 12:54:08 PM org.apache.catalina.loader.WebappClassLoaderBase clearReferencesJdbc
SEVERE: The web application [] registered the JDBC driver [com.mysql.jdbc.Driver] but failed to unregister it when the web application was stopped. To prevent a memory leak, the JDBC Driver has been forcibly unregistered.
Apr 28, 2017 12:54:08 PM org.apache.catalina.loader.WebappClassLoaderBase clearReferencesThreads
SEVERE: The web application [] appears to have started a thread named [MySQL Statement Cancellation Timer] but has failed to stop it. This is very likely to create a memory leak.
Apr 28, 2017 12:54:08 PM org.apache.catalina.startup.HostConfig deployWAR
INFO: Deploying web application archive /usr/local/tomcat/webapps/ROOT.war
Apr 28, 2017 12:54:09 PM org.apache.catalina.startup.HostConfig deployWAR
INFO: Deployment of web application archive /usr/local/tomcat/webapps/ROOT.war has finished in 329 ms
Apr 28, 2017 12:58:24 PM org.apache.catalina.startup.HostConfig undeploy
INFO: Undeploying context []
Apr 28, 2017 12:58:24 PM org.apache.catalina.loader.WebappClassLoaderBase clearReferencesJdbc
SEVERE: The web application [] registered the JDBC driver [com.mysql.jdbc.Driver] but failed to unregister it when the web application was stopped. To prevent a memory leak, the JDBC Driver has been forcibly unregistered.
Apr 28, 2017 12:58:24 PM org.apache.catalina.loader.WebappClassLoaderBase clearReferencesThreads
SEVERE: The web application [] appears to have started a thread named [MySQL Statement Cancellation Timer] but has failed to stop it. This is very likely to create a memory leak.
Apr 28, 2017 12:58:24 PM org.apache.catalina.startup.HostConfig deployWAR
INFO: Deploying web application archive /usr/local/tomcat/webapps/ROOT.war
Apr 28, 2017 12:58:24 PM org.apache.catalina.startup.HostConfig deployWAR
INFO: Deployment of web application archive /usr/local/tomcat/webapps/ROOT.war has finished in 240 ms
Apr 28, 2017 1:02:28 PM org.apache.catalina.startup.HostConfig undeploy
INFO: Undeploying context []
Apr 28, 2017 1:02:28 PM org.apache.catalina.loader.WebappClassLoaderBase clearReferencesJdbc
SEVERE: The web application [] registered the JDBC driver [com.mysql.jdbc.Driver] but failed to unregister it when the web application was stopped. To prevent a memory leak, the JDBC Driver has been forcibly unregistered.
Apr 28, 2017 1:02:28 PM org.apache.catalina.loader.WebappClassLoaderBase clearReferencesThreads
SEVERE: The web application [] appears to have started a thread named [MySQL Statement Cancellation Timer] but has failed to stop it. This is very likely to create a memory leak.
Apr 28, 2017 1:02:28 PM org.apache.catalina.startup.HostConfig deployWAR
INFO: Deploying web application archive /usr/local/tomcat/webapps/ROOT.war
Apr 28, 2017 1:02:28 PM org.apache.catalina.startup.HostConfig deployWAR
INFO: Deployment of web application archive /usr/local/tomcat/webapps/ROOT.war has finished in 238 ms
Apr 28, 2017 1:07:54 PM org.apache.catalina.startup.HostConfig undeploy
INFO: Undeploying context []
Apr 28, 2017 1:07:54 PM org.apache.catalina.loader.WebappClassLoaderBase clearReferencesJdbc
SEVERE: The web application [] registered the JDBC driver [com.mysql.jdbc.Driver] but failed to unregister it when the web application was stopped. To prevent a memory leak, the JDBC Driver has been forcibly unregistered.
Apr 28, 2017 1:07:54 PM org.apache.catalina.loader.WebappClassLoaderBase clearReferencesThreads
SEVERE: The web application [] appears to have started a thread named [MySQL Statement Cancellation Timer] but has failed to stop it. This is very likely to create a memory leak.
Apr 28, 2017 1:07:54 PM org.apache.catalina.startup.HostConfig deployWAR
INFO: Deploying web application archive /usr/local/tomcat/webapps/ROOT.war
Apr 28, 2017 1:07:55 PM org.apache.catalina.startup.HostConfig deployWAR
INFO: Deployment of web application archive /usr/local/tomcat/webapps/ROOT.war has finished in 255 ms
Apr 28, 2017 1:09:54 PM org.apache.catalina.startup.HostConfig undeploy
INFO: Undeploying context []
Apr 28, 2017 1:09:54 PM org.apache.catalina.loader.WebappClassLoaderBase clearReferencesJdbc
SEVERE: The web application [] registered the JDBC driver [com.mysql.jdbc.Driver] but failed to unregister it when the web application was stopped. To prevent a memory leak, the JDBC Driver has been forcibly unregistered.
Apr 28, 2017 1:09:54 PM org.apache.catalina.loader.WebappClassLoaderBase clearReferencesThreads
SEVERE: The web application [] appears to have started a thread named [MySQL Statement Cancellation Timer] but has failed to stop it. This is very likely to create a memory leak.
Apr 28, 2017 1:09:54 PM org.apache.catalina.startup.HostConfig deployWAR
INFO: Deploying web application archive /usr/local/tomcat/webapps/ROOT.war
Apr 28, 2017 1:09:54 PM org.apache.catalina.startup.HostConfig deployWAR
INFO: Deployment of web application archive /usr/local/tomcat/webapps/ROOT.war has finished in 389 ms
Apr 28, 2017 1:10:35 PM org.apache.catalina.startup.HostConfig undeploy
INFO: Undeploying context []
Apr 28, 2017 1:10:35 PM org.apache.catalina.loader.WebappClassLoaderBase clearReferencesJdbc
SEVERE: The web application [] registered the JDBC driver [com.mysql.jdbc.Driver] but failed to unregister it when the web application was stopped. To prevent a memory leak, the JDBC Driver has been forcibly unregistered.
Apr 28, 2017 1:10:35 PM org.apache.catalina.loader.WebappClassLoaderBase clearReferencesThreads
SEVERE: The web application [] appears to have started a thread named [MySQL Statement Cancellation Timer] but has failed to stop it. This is very likely to create a memory leak.
Apr 28, 2017 1:10:35 PM org.apache.catalina.startup.HostConfig deployWAR
INFO: Deploying web application archive /usr/local/tomcat/webapps/ROOT.war
Apr 28, 2017 1:10:36 PM org.apache.catalina.startup.HostConfig deployWAR
INFO: Deployment of web application archive /usr/local/tomcat/webapps/ROOT.war has finished in 185 ms
Apr 28, 2017 1:11:28 PM org.apache.catalina.startup.HostConfig undeploy
INFO: Undeploying context []
Apr 28, 2017 1:11:28 PM org.apache.catalina.startup.HostConfig deployWAR
INFO: Deploying web application archive /usr/local/tomcat/webapps/ROOT.war
Apr 28, 2017 1:11:28 PM org.apache.catalina.startup.HostConfig deployWAR
INFO: Deployment of web application archive /usr/local/tomcat/webapps/ROOT.war has finished in 261 ms
Apr 28, 2017 1:12:34 PM org.apache.catalina.startup.HostConfig undeploy
INFO: Undeploying context []
Apr 28, 2017 1:12:34 PM org.apache.catalina.startup.HostConfig deployWAR
INFO: Deploying web application archive /usr/local/tomcat/webapps/ROOT.war
Apr 28, 2017 1:12:34 PM org.apache.catalina.startup.HostConfig deployWAR
INFO: Deployment of web application archive /usr/local/tomcat/webapps/ROOT.war has finished in 165 ms
Apr 28, 2017 1:14:38 PM org.apache.catalina.startup.HostConfig undeploy
INFO: Undeploying context []
Apr 28, 2017 1:14:38 PM org.apache.catalina.loader.WebappClassLoaderBase clearReferencesJdbc
SEVERE: The web application [] registered the JDBC driver [com.mysql.jdbc.Driver] but failed to unregister it when the web application was stopped. To prevent a memory leak, the JDBC Driver has been forcibly unregistered.
Apr 28, 2017 1:14:38 PM org.apache.catalina.loader.WebappClassLoaderBase clearReferencesThreads
SEVERE: The web application [] appears to have started a thread named [MySQL Statement Cancellation Timer] but has failed to stop it. This is very likely to create a memory leak.
Apr 28, 2017 1:14:39 PM org.apache.catalina.startup.HostConfig deployWAR
INFO: Deploying web application archive /usr/local/tomcat/webapps/ROOT.war
Apr 28, 2017 1:14:39 PM org.apache.catalina.startup.HostConfig deployWAR
INFO: Deployment of web application archive /usr/local/tomcat/webapps/ROOT.war has finished in 332 ms
Apr 28, 2017 1:15:53 PM org.apache.catalina.startup.HostConfig undeploy
INFO: Undeploying context []
Apr 28, 2017 1:15:53 PM org.apache.catalina.loader.WebappClassLoaderBase clearReferencesJdbc
SEVERE: The web application [] registered the JDBC driver [com.mysql.jdbc.Driver] but failed to unregister it when the web application was stopped. To prevent a memory leak, the JDBC Driver has been forcibly unregistered.
Apr 28, 2017 1:15:53 PM org.apache.catalina.loader.WebappClassLoaderBase clearReferencesThreads
SEVERE: The web application [] appears to have started a thread named [MySQL Statement Cancellation Timer] but has failed to stop it. This is very likely to create a memory leak.
Apr 28, 2017 1:15:53 PM org.apache.catalina.startup.HostConfig deployWAR
INFO: Deploying web application archive /usr/local/tomcat/webapps/ROOT.war
Apr 28, 2017 1:15:53 PM org.apache.catalina.startup.HostConfig deployWAR
INFO: Deployment of web application archive /usr/local/tomcat/webapps/ROOT.war has finished in 222 ms
Apr 28, 2017 7:01:00 PM org.apache.catalina.startup.HostConfig undeploy
INFO: Undeploying context []
Apr 28, 2017 7:01:05 PM org.apache.catalina.loader.WebappClassLoaderBase clearReferencesJdbc
SEVERE: The web application [] registered the JDBC driver [com.mysql.jdbc.Driver] but failed to unregister it when the web application was stopped. To prevent a memory leak, the JDBC Driver has been forcibly unregistered.
Apr 28, 2017 7:01:05 PM org.apache.catalina.loader.WebappClassLoaderBase clearReferencesThreads
SEVERE: The web application [] appears to have started a thread named [MySQL Statement Cancellation Timer] but has failed to stop it. This is very likely to create a memory leak.
Apr 28, 2017 7:01:08 PM org.apache.catalina.startup.HostConfig deployWAR
INFO: Deploying web application archive /usr/local/tomcat/webapps/ROOT.war
Apr 28, 2017 7:01:21 PM org.apache.catalina.util.SessionIdGeneratorBase createSecureRandom
INFO: Creation of SecureRandom instance for session ID generation using [SHA1PRNG] took [121] milliseconds.
Apr 28, 2017 7:01:22 PM org.apache.catalina.startup.HostConfig deployWAR
INFO: Deployment of web application archive /usr/local/tomcat/webapps/ROOT.war has finished in 14,042 ms
Apr 28, 2017 7:03:39 PM org.apache.catalina.startup.HostConfig undeploy
INFO: Undeploying context []
Apr 28, 2017 7:03:39 PM org.apache.catalina.core.StandardWrapper unload
INFO: Waiting for 1 instance(s) to be deallocated for Servlet [jsp]
Apr 28, 2017 7:03:39 PM org.apache.coyote.AbstractProtocol pause
INFO: Pausing ProtocolHandler ["http-apr-8080"]
Apr 28, 2017 7:03:40 PM org.apache.catalina.core.StandardWrapper unload
INFO: Waiting for 1 instance(s) to be deallocated for Servlet [jsp]
Apr 28, 2017 7:03:40 PM org.apache.coyote.AbstractProtocol pause
INFO: Pausing ProtocolHandler ["ajp-apr-8009"]
Apr 28, 2017 7:03:40 PM org.apache.catalina.core.StandardService stopInternal
INFO: Stopping service Catalina
Apr 28, 2017 7:03:41 PM org.apache.catalina.core.StandardWrapper unload
INFO: Waiting for 1 instance(s) to be deallocated for Servlet [jsp]
Apr 28, 2017 7:03:41 PM org.apache.catalina.loader.WebappClassLoaderBase clearReferencesThreads
SEVERE: The web application [] is still processing a request that has yet to finish. This is very likely to create a memory leak. You can control the time allowed for requests to finish by using the unloadDelay attribute of the standard Context implementation.
Apr 28, 2017 7:03:42 PM org.apache.catalina.loader.WebappClassLoaderBase findResourceInternal
INFO: Illegal access: this web application instance has been stopped already.  Could not load org/apache/jasper/runtime/package-info.class.  The eventual following stack trace is caused by an error thrown for debugging purposes as well as to attempt to terminate the thread which caused the illegal access, and has no functional impact.
Apr 28, 2017 7:03:43 PM org.apache.catalina.startup.HostConfig deployWAR
INFO: Deploying web application archive /usr/local/tomcat/webapps/ROOT.war
Apr 28, 2017 7:03:43 PM org.apache.catalina.startup.HostConfig deployWAR
INFO: Deployment of web application archive /usr/local/tomcat/webapps/ROOT.war has finished in 1 ms
Apr 28, 2017 7:03:44 PM org.apache.coyote.AbstractProtocol stop
INFO: Stopping ProtocolHandler ["http-apr-8080"]
Apr 28, 2017 7:03:45 PM org.apache.coyote.AbstractProtocol stop
INFO: Stopping ProtocolHandler ["ajp-apr-8009"]
Apr 28, 2017 7:03:45 PM org.apache.coyote.AbstractProtocol destroy
INFO: Destroying ProtocolHandler ["http-apr-8080"]
Apr 28, 2017 7:03:45 PM org.apache.coyote.AbstractProtocol destroy
INFO: Destroying ProtocolHandler ["ajp-apr-8009"]
Apr 28, 2017 7:04:51 PM org.apache.catalina.startup.VersionLoggerListener log
INFO: Server version:        Apache Tomcat/7.0.75
Apr 28, 2017 7:04:51 PM org.apache.catalina.startup.VersionLoggerListener log
INFO: Server built:          Jan 18 2017 20:54:42 UTC
Apr 28, 2017 7:04:51 PM org.apache.catalina.startup.VersionLoggerListener log
INFO: Server number:         7.0.75.0
Apr 28, 2017 7:04:51 PM org.apache.catalina.startup.VersionLoggerListener log
INFO: OS Name:               Linux
Apr 28, 2017 7:04:51 PM org.apache.catalina.startup.VersionLoggerListener log
INFO: OS Version:            4.4.0-75-generic
Apr 28, 2017 7:04:51 PM org.apache.catalina.startup.VersionLoggerListener log
INFO: Architecture:          amd64
Apr 28, 2017 7:04:51 PM org.apache.catalina.startup.VersionLoggerListener log
INFO: Java Home:             /usr/lib/jvm/java-8-openjdk-amd64/jre
Apr 28, 2017 7:04:51 PM org.apache.catalina.startup.VersionLoggerListener log
INFO: JVM Version:           1.8.0_121-8u121-b13-1~bpo8+1-b13
Apr 28, 2017 7:04:51 PM org.apache.catalina.startup.VersionLoggerListener log
INFO: JVM Vendor:            Oracle Corporation
Apr 28, 2017 7:04:51 PM org.apache.catalina.startup.VersionLoggerListener log
INFO: CATALINA_BASE:         /usr/local/tomcat
Apr 28, 2017 7:04:51 PM org.apache.catalina.startup.VersionLoggerListener log
INFO: CATALINA_HOME:         /usr/local/tomcat
Apr 28, 2017 7:04:51 PM org.apache.catalina.startup.VersionLoggerListener log
INFO: Command line argument: -Djava.util.logging.config.file=/usr/local/tomcat/conf/logging.properties
Apr 28, 2017 7:04:51 PM org.apache.catalina.startup.VersionLoggerListener log
INFO: Command line argument: -Djava.util.logging.manager=org.apache.juli.ClassLoaderLogManager
Apr 28, 2017 7:04:51 PM org.apache.catalina.startup.VersionLoggerListener log
INFO: Command line argument: -Djdk.tls.ephemeralDHKeySize=2048
Apr 28, 2017 7:04:51 PM org.apache.catalina.startup.VersionLoggerListener log
INFO: Command line argument: -Djava.endorsed.dirs=/usr/local/tomcat/endorsed
Apr 28, 2017 7:04:51 PM org.apache.catalina.startup.VersionLoggerListener log
INFO: Command line argument: -Dcatalina.base=/usr/local/tomcat
Apr 28, 2017 7:04:51 PM org.apache.catalina.startup.VersionLoggerListener log
INFO: Command line argument: -Dcatalina.home=/usr/local/tomcat
Apr 28, 2017 7:04:51 PM org.apache.catalina.startup.VersionLoggerListener log
INFO: Command line argument: -Djava.io.tmpdir=/usr/local/tomcat/temp
Apr 28, 2017 7:04:51 PM org.apache.catalina.core.AprLifecycleListener lifecycleEvent
INFO: Loaded APR based Apache Tomcat Native library 1.2.10 using APR version 1.5.1.
Apr 28, 2017 7:04:51 PM org.apache.catalina.core.AprLifecycleListener lifecycleEvent
INFO: APR capabilities: IPv6 [true], sendfile [true], accept filters [false], random [true].
Apr 28, 2017 7:04:51 PM org.apache.catalina.core.AprLifecycleListener initializeSSL
INFO: OpenSSL successfully initialized (OpenSSL 1.1.0d  26 Jan 2017)
Apr 28, 2017 7:04:51 PM org.apache.coyote.AbstractProtocol init
INFO: Initializing ProtocolHandler ["http-apr-8080"]
Apr 28, 2017 7:04:51 PM org.apache.coyote.AbstractProtocol init
INFO: Initializing ProtocolHandler ["ajp-apr-8009"]
Apr 28, 2017 7:04:51 PM org.apache.catalina.startup.Catalina load
INFO: Initialization processed in 5597 ms
Apr 28, 2017 7:04:51 PM org.apache.catalina.core.StandardService startInternal
INFO: Starting service Catalina
Apr 28, 2017 7:04:51 PM org.apache.catalina.core.StandardEngine startInternal
INFO: Starting Servlet Engine: Apache Tomcat/7.0.75
Apr 28, 2017 7:04:52 PM org.apache.catalina.startup.HostConfig deployWAR
INFO: Deploying web application archive /usr/local/tomcat/webapps/ROOT.war
Apr 28, 2017 7:04:53 PM org.apache.catalina.startup.HostConfig deployWAR
INFO: Deployment of web application archive /usr/local/tomcat/webapps/ROOT.war has finished in 1,425 ms
Apr 28, 2017 7:04:53 PM org.apache.catalina.startup.HostConfig deployDirectory
INFO: Deploying web application directory /usr/local/tomcat/webapps/examples
Apr 28, 2017 7:04:53 PM org.apache.catalina.startup.HostConfig deployDirectory
INFO: Deployment of web application directory /usr/local/tomcat/webapps/examples has finished in 399 ms
Apr 28, 2017 7:04:53 PM org.apache.catalina.startup.HostConfig deployDirectory
INFO: Deploying web application directory /usr/local/tomcat/webapps/manager
Apr 28, 2017 7:04:53 PM org.apache.catalina.startup.HostConfig deployDirectory
INFO: Deployment of web application directory /usr/local/tomcat/webapps/manager has finished in 76 ms
Apr 28, 2017 7:04:53 PM org.apache.catalina.startup.HostConfig deployDirectory
INFO: Deploying web application directory /usr/local/tomcat/webapps/docs
Apr 28, 2017 7:04:54 PM org.apache.catalina.startup.HostConfig deployDirectory
INFO: Deployment of web application directory /usr/local/tomcat/webapps/docs has finished in 56 ms
Apr 28, 2017 7:04:54 PM org.apache.catalina.startup.HostConfig deployDirectory
INFO: Deploying web application directory /usr/local/tomcat/webapps/host-manager
Apr 28, 2017 7:04:54 PM org.apache.catalina.startup.HostConfig deployDirectory
INFO: Deployment of web application directory /usr/local/tomcat/webapps/host-manager has finished in 53 ms
Apr 28, 2017 7:04:54 PM org.apache.coyote.AbstractProtocol start
INFO: Starting ProtocolHandler ["http-apr-8080"]
Apr 28, 2017 7:04:54 PM org.apache.coyote.AbstractProtocol start
INFO: Starting ProtocolHandler ["ajp-apr-8009"]
Apr 28, 2017 7:04:54 PM org.apache.catalina.startup.Catalina start
INFO: Server startup in 2214 ms
Apr 28, 2017 7:06:28 PM org.apache.jasper.compiler.TldLocationsCache tldScanJar
INFO: At least one JAR was scanned for TLDs yet contained no TLDs. Enable debug logging for this logger for a complete list of JARs that were scanned but no TLDs were found in them. Skipping unneeded JARs during scanning can improve startup time and JSP compilation time.
Apr 28, 2017 7:07:18 PM org.apache.catalina.startup.HostConfig undeploy
INFO: Undeploying context []
Apr 28, 2017 7:07:18 PM org.apache.catalina.startup.HostConfig deployWAR
INFO: Deploying web application archive /usr/local/tomcat/webapps/ROOT.war
Apr 28, 2017 7:07:18 PM org.apache.catalina.startup.HostConfig deployWAR
INFO: Deployment of web application archive /usr/local/tomcat/webapps/ROOT.war has finished in 298 ms
Apr 28, 2017 7:07:48 PM org.apache.coyote.AbstractProtocol pause
INFO: Pausing ProtocolHandler ["http-apr-8080"]
Apr 28, 2017 7:07:48 PM org.apache.coyote.AbstractProtocol pause
INFO: Pausing ProtocolHandler ["ajp-apr-8009"]
Apr 28, 2017 7:07:48 PM org.apache.catalina.core.StandardService stopInternal
INFO: Stopping service Catalina
Apr 28, 2017 7:07:48 PM org.apache.coyote.AbstractProtocol stop
INFO: Stopping ProtocolHandler ["http-apr-8080"]
Apr 28, 2017 7:07:48 PM org.apache.coyote.AbstractProtocol stop
INFO: Stopping ProtocolHandler ["ajp-apr-8009"]
Apr 28, 2017 7:07:48 PM org.apache.coyote.AbstractProtocol destroy
INFO: Destroying ProtocolHandler ["http-apr-8080"]
Apr 28, 2017 7:07:48 PM org.apache.coyote.AbstractProtocol destroy
INFO: Destroying ProtocolHandler ["ajp-apr-8009"]
Apr 28, 2017 7:08:14 PM org.apache.catalina.startup.VersionLoggerListener log
INFO: Server version:        Apache Tomcat/7.0.75
Apr 28, 2017 7:08:14 PM org.apache.catalina.startup.VersionLoggerListener log
INFO: Server built:          Jan 18 2017 20:54:42 UTC
Apr 28, 2017 7:08:14 PM org.apache.catalina.startup.VersionLoggerListener log
INFO: Server number:         7.0.75.0
Apr 28, 2017 7:08:14 PM org.apache.catalina.startup.VersionLoggerListener log
INFO: OS Name:               Linux
Apr 28, 2017 7:08:14 PM org.apache.catalina.startup.VersionLoggerListener log
INFO: OS Version:            4.4.0-75-generic
Apr 28, 2017 7:08:14 PM org.apache.catalina.startup.VersionLoggerListener log
INFO: Architecture:          amd64
Apr 28, 2017 7:08:14 PM org.apache.catalina.startup.VersionLoggerListener log
INFO: Java Home:             /usr/lib/jvm/java-8-openjdk-amd64/jre
Apr 28, 2017 7:08:14 PM org.apache.catalina.startup.VersionLoggerListener log
INFO: JVM Version:           1.8.0_121-8u121-b13-1~bpo8+1-b13
Apr 28, 2017 7:08:14 PM org.apache.catalina.startup.VersionLoggerListener log
INFO: JVM Vendor:            Oracle Corporation
Apr 28, 2017 7:08:14 PM org.apache.catalina.startup.VersionLoggerListener log
INFO: CATALINA_BASE:         /usr/local/tomcat
Apr 28, 2017 7:08:14 PM org.apache.catalina.startup.VersionLoggerListener log
INFO: CATALINA_HOME:         /usr/local/tomcat
Apr 28, 2017 7:08:14 PM org.apache.catalina.startup.VersionLoggerListener log
INFO: Command line argument: -Djava.util.logging.config.file=/usr/local/tomcat/conf/logging.properties
Apr 28, 2017 7:08:14 PM org.apache.catalina.startup.VersionLoggerListener log
INFO: Command line argument: -Djava.util.logging.manager=org.apache.juli.ClassLoaderLogManager
Apr 28, 2017 7:08:14 PM org.apache.catalina.startup.VersionLoggerListener log
INFO: Command line argument: -Djdk.tls.ephemeralDHKeySize=2048
Apr 28, 2017 7:08:14 PM org.apache.catalina.startup.VersionLoggerListener log
INFO: Command line argument: -Djava.endorsed.dirs=/usr/local/tomcat/endorsed
Apr 28, 2017 7:08:14 PM org.apache.catalina.startup.VersionLoggerListener log
INFO: Command line argument: -Dcatalina.base=/usr/local/tomcat
Apr 28, 2017 7:08:14 PM org.apache.catalina.startup.VersionLoggerListener log
INFO: Command line argument: -Dcatalina.home=/usr/local/tomcat
Apr 28, 2017 7:08:14 PM org.apache.catalina.startup.VersionLoggerListener log
INFO: Command line argument: -Djava.io.tmpdir=/usr/local/tomcat/temp
Apr 28, 2017 7:08:14 PM org.apache.catalina.core.AprLifecycleListener lifecycleEvent
INFO: Loaded APR based Apache Tomcat Native library 1.2.10 using APR version 1.5.1.
Apr 28, 2017 7:08:14 PM org.apache.catalina.core.AprLifecycleListener lifecycleEvent
INFO: APR capabilities: IPv6 [true], sendfile [true], accept filters [false], random [true].
Apr 28, 2017 7:08:14 PM org.apache.catalina.core.AprLifecycleListener initializeSSL
INFO: OpenSSL successfully initialized (OpenSSL 1.1.0d  26 Jan 2017)
Apr 28, 2017 7:08:14 PM org.apache.coyote.AbstractProtocol init
INFO: Initializing ProtocolHandler ["http-apr-8080"]
Apr 28, 2017 7:08:14 PM org.apache.coyote.AbstractProtocol init
INFO: Initializing ProtocolHandler ["ajp-apr-8009"]
Apr 28, 2017 7:08:14 PM org.apache.catalina.startup.Catalina load
INFO: Initialization processed in 695 ms
Apr 28, 2017 7:08:14 PM org.apache.catalina.core.StandardService startInternal
INFO: Starting service Catalina
Apr 28, 2017 7:08:14 PM org.apache.catalina.core.StandardEngine startInternal
INFO: Starting Servlet Engine: Apache Tomcat/7.0.75
Apr 28, 2017 7:08:14 PM org.apache.catalina.startup.HostConfig deployWAR
INFO: Deploying web application archive /usr/local/tomcat/webapps/ROOT.war
Apr 28, 2017 7:08:15 PM org.apache.catalina.startup.HostConfig deployWAR
INFO: Deployment of web application archive /usr/local/tomcat/webapps/ROOT.war has finished in 711 ms
Apr 28, 2017 7:08:15 PM org.apache.catalina.startup.HostConfig deployDirectory
INFO: Deploying web application directory /usr/local/tomcat/webapps/examples
Apr 28, 2017 7:08:15 PM org.apache.catalina.startup.HostConfig deployDirectory
INFO: Deployment of web application directory /usr/local/tomcat/webapps/examples has finished in 286 ms
Apr 28, 2017 7:08:15 PM org.apache.catalina.startup.HostConfig deployDirectory
INFO: Deploying web application directory /usr/local/tomcat/webapps/manager
Apr 28, 2017 7:08:15 PM org.apache.catalina.startup.HostConfig deployDirectory
INFO: Deployment of web application directory /usr/local/tomcat/webapps/manager has finished in 81 ms
Apr 28, 2017 7:08:15 PM org.apache.catalina.startup.HostConfig deployDirectory
INFO: Deploying web application directory /usr/local/tomcat/webapps/docs
Apr 28, 2017 7:08:15 PM org.apache.catalina.startup.HostConfig deployDirectory
INFO: Deployment of web application directory /usr/local/tomcat/webapps/docs has finished in 49 ms
Apr 28, 2017 7:08:15 PM org.apache.catalina.startup.HostConfig deployDirectory
INFO: Deploying web application directory /usr/local/tomcat/webapps/host-manager
Apr 28, 2017 7:08:15 PM org.apache.catalina.startup.HostConfig deployDirectory
INFO: Deployment of web application directory /usr/local/tomcat/webapps/host-manager has finished in 50 ms
Apr 28, 2017 7:08:15 PM org.apache.coyote.AbstractProtocol start
INFO: Starting ProtocolHandler ["http-apr-8080"]
Apr 28, 2017 7:08:15 PM org.apache.coyote.AbstractProtocol start
INFO: Starting ProtocolHandler ["ajp-apr-8009"]
Apr 28, 2017 7:08:15 PM org.apache.catalina.startup.Catalina start
INFO: Server startup in 1289 ms
Apr 28, 2017 7:08:24 PM org.apache.catalina.startup.HostConfig undeploy
INFO: Undeploying context []
Apr 28, 2017 7:08:24 PM org.apache.catalina.startup.HostConfig deployWAR
INFO: Deploying web application archive /usr/local/tomcat/webapps/ROOT.war
Apr 28, 2017 7:08:24 PM org.apache.catalina.startup.HostConfig deployWAR
INFO: Deployment of web application archive /usr/local/tomcat/webapps/ROOT.war has finished in 351 ms
Apr 28, 2017 7:14:37 PM org.apache.catalina.startup.HostConfig undeploy
INFO: Undeploying context []
Apr 28, 2017 7:14:38 PM org.apache.catalina.loader.WebappClassLoaderBase clearReferencesJdbc
SEVERE: The web application [] registered the JDBC driver [com.mysql.jdbc.Driver] but failed to unregister it when the web application was stopped. To prevent a memory leak, the JDBC Driver has been forcibly unregistered.
Apr 28, 2017 7:14:38 PM org.apache.catalina.loader.WebappClassLoaderBase clearReferencesThreads
SEVERE: The web application [] appears to have started a thread named [MySQL Statement Cancellation Timer] but has failed to stop it. This is very likely to create a memory leak.
Apr 28, 2017 7:14:38 PM org.apache.catalina.startup.HostConfig deployWAR
INFO: Deploying web application archive /usr/local/tomcat/webapps/ROOT.war
Apr 28, 2017 7:14:39 PM org.apache.catalina.startup.HostConfig deployWAR
INFO: Deployment of web application archive /usr/local/tomcat/webapps/ROOT.war has finished in 1,441 ms
Apr 28, 2017 7:15:54 PM org.apache.catalina.startup.HostConfig undeploy
INFO: Undeploying context []
Apr 28, 2017 7:15:54 PM org.apache.catalina.loader.WebappClassLoaderBase clearReferencesJdbc
SEVERE: The web application [] registered the JDBC driver [com.mysql.jdbc.Driver] but failed to unregister it when the web application was stopped. To prevent a memory leak, the JDBC Driver has been forcibly unregistered.
Apr 28, 2017 7:15:54 PM org.apache.catalina.loader.WebappClassLoaderBase clearReferencesThreads
SEVERE: The web application [] appears to have started a thread named [MySQL Statement Cancellation Timer] but has failed to stop it. This is very likely to create a memory leak.
Apr 28, 2017 7:15:54 PM org.apache.catalina.startup.HostConfig deployWAR
INFO: Deploying web application archive /usr/local/tomcat/webapps/ROOT.war
Apr 28, 2017 7:15:54 PM org.apache.catalina.startup.HostConfig deployWAR
INFO: Deployment of web application archive /usr/local/tomcat/webapps/ROOT.war has finished in 505 ms
Apr 28, 2017 7:34:50 PM org.apache.catalina.startup.HostConfig undeploy
INFO: Undeploying context []
Apr 28, 2017 7:34:50 PM org.apache.catalina.loader.WebappClassLoaderBase clearReferencesJdbc
SEVERE: The web application [] registered the JDBC driver [com.mysql.jdbc.Driver] but failed to unregister it when the web application was stopped. To prevent a memory leak, the JDBC Driver has been forcibly unregistered.
Apr 28, 2017 7:34:50 PM org.apache.catalina.loader.WebappClassLoaderBase clearReferencesThreads
SEVERE: The web application [] appears to have started a thread named [MySQL Statement Cancellation Timer] but has failed to stop it. This is very likely to create a memory leak.
Apr 28, 2017 7:34:51 PM org.apache.catalina.startup.HostConfig deployWAR
INFO: Deploying web application archive /usr/local/tomcat/webapps/ROOT.war
Apr 28, 2017 7:34:51 PM org.apache.catalina.startup.HostConfig deployWAR
INFO: Deployment of web application archive /usr/local/tomcat/webapps/ROOT.war has finished in 373 ms
Apr 28, 2017 7:48:37 PM org.apache.catalina.startup.HostConfig undeploy
INFO: Undeploying context []
Apr 28, 2017 7:48:37 PM org.apache.catalina.loader.WebappClassLoaderBase clearReferencesJdbc
SEVERE: The web application [] registered the JDBC driver [com.mysql.jdbc.Driver] but failed to unregister it when the web application was stopped. To prevent a memory leak, the JDBC Driver has been forcibly unregistered.
Apr 28, 2017 7:48:37 PM org.apache.catalina.loader.WebappClassLoaderBase clearReferencesThreads
SEVERE: The web application [] appears to have started a thread named [MySQL Statement Cancellation Timer] but has failed to stop it. This is very likely to create a memory leak.
Apr 28, 2017 7:48:37 PM org.apache.catalina.startup.HostConfig deployWAR
INFO: Deploying web application archive /usr/local/tomcat/webapps/ROOT.war
Apr 28, 2017 7:48:38 PM org.apache.catalina.startup.HostConfig deployWAR
INFO: Deployment of web application archive /usr/local/tomcat/webapps/ROOT.war has finished in 1,013 ms
Apr 28, 2017 8:15:29 PM org.apache.coyote.AbstractProtocol pause
INFO: Pausing ProtocolHandler ["http-apr-8080"]
Apr 28, 2017 8:15:29 PM org.apache.coyote.AbstractProtocol pause
INFO: Pausing ProtocolHandler ["ajp-apr-8009"]
Apr 28, 2017 8:15:29 PM org.apache.catalina.core.StandardService stopInternal
INFO: Stopping service Catalina
Apr 28, 2017 8:15:29 PM org.apache.catalina.loader.WebappClassLoaderBase clearReferencesJdbc
SEVERE: The web application [] registered the JDBC driver [com.mysql.jdbc.Driver] but failed to unregister it when the web application was stopped. To prevent a memory leak, the JDBC Driver has been forcibly unregistered.
Apr 28, 2017 8:15:29 PM org.apache.catalina.loader.WebappClassLoaderBase clearReferencesThreads
SEVERE: The web application [] appears to have started a thread named [MySQL Statement Cancellation Timer] but has failed to stop it. This is very likely to create a memory leak.
Apr 28, 2017 8:15:29 PM org.apache.coyote.AbstractProtocol stop
INFO: Stopping ProtocolHandler ["http-apr-8080"]
Apr 28, 2017 8:15:30 PM org.apache.coyote.AbstractProtocol stop
INFO: Stopping ProtocolHandler ["ajp-apr-8009"]
Apr 28, 2017 8:15:30 PM org.apache.coyote.AbstractProtocol destroy
INFO: Destroying ProtocolHandler ["http-apr-8080"]
Apr 28, 2017 8:15:30 PM org.apache.coyote.AbstractProtocol destroy
INFO: Destroying ProtocolHandler ["ajp-apr-8009"]
