May 08, 2017 7:48:10 AM org.apache.catalina.startup.VersionLoggerListener log
INFO: Server version:        Apache Tomcat/7.0.75
May 08, 2017 7:48:10 AM org.apache.catalina.startup.VersionLoggerListener log
INFO: Server built:          Jan 18 2017 20:54:42 UTC
May 08, 2017 7:48:10 AM org.apache.catalina.startup.VersionLoggerListener log
INFO: Server number:         7.0.75.0
May 08, 2017 7:48:10 AM org.apache.catalina.startup.VersionLoggerListener log
INFO: OS Name:               Linux
May 08, 2017 7:48:10 AM org.apache.catalina.startup.VersionLoggerListener log
INFO: OS Version:            4.4.0-75-generic
May 08, 2017 7:48:10 AM org.apache.catalina.startup.VersionLoggerListener log
INFO: Architecture:          amd64
May 08, 2017 7:48:10 AM org.apache.catalina.startup.VersionLoggerListener log
INFO: Java Home:             /usr/lib/jvm/java-8-openjdk-amd64/jre
May 08, 2017 7:48:10 AM org.apache.catalina.startup.VersionLoggerListener log
INFO: JVM Version:           1.8.0_121-8u121-b13-1~bpo8+1-b13
May 08, 2017 7:48:10 AM org.apache.catalina.startup.VersionLoggerListener log
INFO: JVM Vendor:            Oracle Corporation
May 08, 2017 7:48:10 AM org.apache.catalina.startup.VersionLoggerListener log
INFO: CATALINA_BASE:         /usr/local/tomcat
May 08, 2017 7:48:10 AM org.apache.catalina.startup.VersionLoggerListener log
INFO: CATALINA_HOME:         /usr/local/tomcat
May 08, 2017 7:48:10 AM org.apache.catalina.startup.VersionLoggerListener log
INFO: Command line argument: -Djava.util.logging.config.file=/usr/local/tomcat/conf/logging.properties
May 08, 2017 7:48:10 AM org.apache.catalina.startup.VersionLoggerListener log
INFO: Command line argument: -Djava.util.logging.manager=org.apache.juli.ClassLoaderLogManager
May 08, 2017 7:48:10 AM org.apache.catalina.startup.VersionLoggerListener log
INFO: Command line argument: -Djdk.tls.ephemeralDHKeySize=2048
May 08, 2017 7:48:10 AM org.apache.catalina.startup.VersionLoggerListener log
INFO: Command line argument: -Djava.endorsed.dirs=/usr/local/tomcat/endorsed
May 08, 2017 7:48:10 AM org.apache.catalina.startup.VersionLoggerListener log
INFO: Command line argument: -Dcatalina.base=/usr/local/tomcat
May 08, 2017 7:48:10 AM org.apache.catalina.startup.VersionLoggerListener log
INFO: Command line argument: -Dcatalina.home=/usr/local/tomcat
May 08, 2017 7:48:10 AM org.apache.catalina.startup.VersionLoggerListener log
INFO: Command line argument: -Djava.io.tmpdir=/usr/local/tomcat/temp
May 08, 2017 7:48:10 AM org.apache.catalina.core.AprLifecycleListener lifecycleEvent
INFO: Loaded APR based Apache Tomcat Native library 1.2.10 using APR version 1.5.1.
May 08, 2017 7:48:10 AM org.apache.catalina.core.AprLifecycleListener lifecycleEvent
INFO: APR capabilities: IPv6 [true], sendfile [true], accept filters [false], random [true].
May 08, 2017 7:48:10 AM org.apache.catalina.core.AprLifecycleListener initializeSSL
INFO: OpenSSL successfully initialized (OpenSSL 1.1.0d  26 Jan 2017)
May 08, 2017 7:48:11 AM org.apache.coyote.AbstractProtocol init
INFO: Initializing ProtocolHandler ["http-apr-8080"]
May 08, 2017 7:48:11 AM org.apache.coyote.AbstractProtocol init
INFO: Initializing ProtocolHandler ["ajp-apr-8009"]
May 08, 2017 7:48:11 AM org.apache.catalina.startup.Catalina load
INFO: Initialization processed in 3216 ms
May 08, 2017 7:48:11 AM org.apache.catalina.core.StandardService startInternal
INFO: Starting service Catalina
May 08, 2017 7:48:11 AM org.apache.catalina.core.StandardEngine startInternal
INFO: Starting Servlet Engine: Apache Tomcat/7.0.75
May 08, 2017 7:48:11 AM org.apache.catalina.startup.HostConfig deployWAR
INFO: Deploying web application archive /usr/local/tomcat/webapps/ROOT.war
May 08, 2017 7:48:15 AM org.apache.catalina.startup.HostConfig deployWAR
INFO: Deployment of web application archive /usr/local/tomcat/webapps/ROOT.war has finished in 3,817 ms
May 08, 2017 7:48:15 AM org.apache.catalina.startup.HostConfig deployDirectory
INFO: Deploying web application directory /usr/local/tomcat/webapps/examples
May 08, 2017 7:48:16 AM org.apache.catalina.startup.HostConfig deployDirectory
INFO: Deployment of web application directory /usr/local/tomcat/webapps/examples has finished in 547 ms
May 08, 2017 7:48:16 AM org.apache.catalina.startup.HostConfig deployDirectory
INFO: Deploying web application directory /usr/local/tomcat/webapps/manager
May 08, 2017 7:48:16 AM org.apache.catalina.startup.HostConfig deployDirectory
INFO: Deployment of web application directory /usr/local/tomcat/webapps/manager has finished in 114 ms
May 08, 2017 7:48:16 AM org.apache.catalina.startup.HostConfig deployDirectory
INFO: Deploying web application directory /usr/local/tomcat/webapps/docs
May 08, 2017 7:48:16 AM org.apache.catalina.startup.HostConfig deployDirectory
INFO: Deployment of web application directory /usr/local/tomcat/webapps/docs has finished in 94 ms
May 08, 2017 7:48:16 AM org.apache.catalina.startup.HostConfig deployDirectory
INFO: Deploying web application directory /usr/local/tomcat/webapps/host-manager
May 08, 2017 7:48:16 AM org.apache.catalina.startup.HostConfig deployDirectory
INFO: Deployment of web application directory /usr/local/tomcat/webapps/host-manager has finished in 54 ms
May 08, 2017 7:48:16 AM org.apache.coyote.AbstractProtocol start
INFO: Starting ProtocolHandler ["http-apr-8080"]
May 08, 2017 7:48:16 AM org.apache.coyote.AbstractProtocol start
INFO: Starting ProtocolHandler ["ajp-apr-8009"]
May 08, 2017 7:48:16 AM org.apache.catalina.startup.Catalina start
INFO: Server startup in 4977 ms
May 08, 2017 9:13:22 AM org.apache.catalina.startup.HostConfig undeploy
INFO: Undeploying context []
May 08, 2017 9:13:22 AM org.apache.catalina.startup.HostConfig deployWAR
INFO: Deploying web application archive /usr/local/tomcat/webapps/ROOT.war
May 08, 2017 9:13:23 AM org.apache.catalina.startup.HostConfig deployWAR
INFO: Deployment of web application archive /usr/local/tomcat/webapps/ROOT.war has finished in 680 ms
May 08, 2017 9:18:57 AM org.apache.catalina.startup.HostConfig undeploy
INFO: Undeploying context []
May 08, 2017 9:18:57 AM org.apache.catalina.startup.HostConfig deployWAR
INFO: Deploying web application archive /usr/local/tomcat/webapps/ROOT.war
May 08, 2017 9:18:57 AM org.apache.catalina.startup.HostConfig deployWAR
INFO: Deployment of web application archive /usr/local/tomcat/webapps/ROOT.war has finished in 403 ms
May 08, 2017 9:33:43 AM org.apache.catalina.startup.HostConfig undeploy
INFO: Undeploying context []
May 08, 2017 9:33:43 AM org.apache.catalina.loader.WebappClassLoaderBase clearReferencesJdbc
SEVERE: The web application [] registered the JDBC driver [com.mysql.jdbc.Driver] but failed to unregister it when the web application was stopped. To prevent a memory leak, the JDBC Driver has been forcibly unregistered.
May 08, 2017 9:33:43 AM org.apache.catalina.loader.WebappClassLoaderBase clearReferencesThreads
SEVERE: The web application [] appears to have started a thread named [MySQL Statement Cancellation Timer] but has failed to stop it. This is very likely to create a memory leak.
May 08, 2017 9:33:43 AM org.apache.catalina.startup.HostConfig deployWAR
INFO: Deploying web application archive /usr/local/tomcat/webapps/ROOT.war
May 08, 2017 9:33:44 AM org.apache.catalina.startup.HostConfig deployWAR
INFO: Deployment of web application archive /usr/local/tomcat/webapps/ROOT.war has finished in 339 ms
May 08, 2017 9:36:41 AM org.apache.catalina.startup.HostConfig undeploy
INFO: Undeploying context []
May 08, 2017 9:36:41 AM org.apache.catalina.loader.WebappClassLoaderBase clearReferencesJdbc
SEVERE: The web application [] registered the JDBC driver [com.mysql.jdbc.Driver] but failed to unregister it when the web application was stopped. To prevent a memory leak, the JDBC Driver has been forcibly unregistered.
May 08, 2017 9:36:41 AM org.apache.catalina.loader.WebappClassLoaderBase clearReferencesThreads
SEVERE: The web application [] appears to have started a thread named [MySQL Statement Cancellation Timer] but has failed to stop it. This is very likely to create a memory leak.
May 08, 2017 9:36:41 AM org.apache.catalina.startup.HostConfig deployWAR
INFO: Deploying web application archive /usr/local/tomcat/webapps/ROOT.war
May 08, 2017 9:36:41 AM org.apache.catalina.startup.HostConfig deployWAR
INFO: Deployment of web application archive /usr/local/tomcat/webapps/ROOT.war has finished in 561 ms
May 08, 2017 9:52:56 AM org.apache.catalina.startup.HostConfig undeploy
INFO: Undeploying context []
May 08, 2017 9:52:56 AM org.apache.catalina.loader.WebappClassLoaderBase clearReferencesJdbc
SEVERE: The web application [] registered the JDBC driver [com.mysql.jdbc.Driver] but failed to unregister it when the web application was stopped. To prevent a memory leak, the JDBC Driver has been forcibly unregistered.
May 08, 2017 9:52:56 AM org.apache.catalina.loader.WebappClassLoaderBase clearReferencesThreads
SEVERE: The web application [] appears to have started a thread named [MySQL Statement Cancellation Timer] but has failed to stop it. This is very likely to create a memory leak.
May 08, 2017 9:52:56 AM org.apache.catalina.startup.HostConfig deployWAR
INFO: Deploying web application archive /usr/local/tomcat/webapps/ROOT.war
May 08, 2017 9:52:56 AM org.apache.catalina.startup.HostConfig deployWAR
INFO: Deployment of web application archive /usr/local/tomcat/webapps/ROOT.war has finished in 299 ms
May 08, 2017 9:57:01 AM org.apache.catalina.startup.HostConfig undeploy
INFO: Undeploying context []
May 08, 2017 9:57:01 AM org.apache.catalina.loader.WebappClassLoaderBase clearReferencesJdbc
SEVERE: The web application [] registered the JDBC driver [com.mysql.jdbc.Driver] but failed to unregister it when the web application was stopped. To prevent a memory leak, the JDBC Driver has been forcibly unregistered.
May 08, 2017 9:57:01 AM org.apache.catalina.loader.WebappClassLoaderBase clearReferencesThreads
SEVERE: The web application [] appears to have started a thread named [MySQL Statement Cancellation Timer] but has failed to stop it. This is very likely to create a memory leak.
May 08, 2017 9:57:01 AM org.apache.catalina.startup.HostConfig deployWAR
INFO: Deploying web application archive /usr/local/tomcat/webapps/ROOT.war
May 08, 2017 9:57:02 AM org.apache.catalina.startup.HostConfig deployWAR
INFO: Deployment of web application archive /usr/local/tomcat/webapps/ROOT.war has finished in 391 ms
May 08, 2017 9:59:17 AM org.apache.catalina.startup.HostConfig undeploy
INFO: Undeploying context []
May 08, 2017 9:59:17 AM org.apache.catalina.loader.WebappClassLoaderBase clearReferencesJdbc
SEVERE: The web application [] registered the JDBC driver [com.mysql.jdbc.Driver] but failed to unregister it when the web application was stopped. To prevent a memory leak, the JDBC Driver has been forcibly unregistered.
May 08, 2017 9:59:17 AM org.apache.catalina.loader.WebappClassLoaderBase clearReferencesThreads
SEVERE: The web application [] appears to have started a thread named [MySQL Statement Cancellation Timer] but has failed to stop it. This is very likely to create a memory leak.
May 08, 2017 9:59:17 AM org.apache.catalina.startup.HostConfig deployWAR
INFO: Deploying web application archive /usr/local/tomcat/webapps/ROOT.war
May 08, 2017 9:59:17 AM org.apache.catalina.startup.HostConfig deployWAR
INFO: Deployment of web application archive /usr/local/tomcat/webapps/ROOT.war has finished in 203 ms
May 08, 2017 10:04:24 AM org.apache.catalina.startup.HostConfig undeploy
INFO: Undeploying context []
May 08, 2017 10:04:24 AM org.apache.catalina.loader.WebappClassLoaderBase clearReferencesJdbc
SEVERE: The web application [] registered the JDBC driver [com.mysql.jdbc.Driver] but failed to unregister it when the web application was stopped. To prevent a memory leak, the JDBC Driver has been forcibly unregistered.
May 08, 2017 10:04:24 AM org.apache.catalina.loader.WebappClassLoaderBase clearReferencesThreads
SEVERE: The web application [] appears to have started a thread named [MySQL Statement Cancellation Timer] but has failed to stop it. This is very likely to create a memory leak.
May 08, 2017 10:04:24 AM org.apache.catalina.startup.HostConfig deployWAR
INFO: Deploying web application archive /usr/local/tomcat/webapps/ROOT.war
May 08, 2017 10:04:25 AM org.apache.catalina.startup.HostConfig deployWAR
INFO: Deployment of web application archive /usr/local/tomcat/webapps/ROOT.war has finished in 196 ms
May 08, 2017 10:05:36 AM org.apache.catalina.startup.HostConfig undeploy
INFO: Undeploying context []
May 08, 2017 10:05:36 AM org.apache.catalina.loader.WebappClassLoaderBase clearReferencesJdbc
SEVERE: The web application [] registered the JDBC driver [com.mysql.jdbc.Driver] but failed to unregister it when the web application was stopped. To prevent a memory leak, the JDBC Driver has been forcibly unregistered.
May 08, 2017 10:05:36 AM org.apache.catalina.loader.WebappClassLoaderBase clearReferencesThreads
SEVERE: The web application [] appears to have started a thread named [MySQL Statement Cancellation Timer] but has failed to stop it. This is very likely to create a memory leak.
May 08, 2017 10:05:36 AM org.apache.catalina.startup.HostConfig deployWAR
INFO: Deploying web application archive /usr/local/tomcat/webapps/ROOT.war
May 08, 2017 10:05:36 AM org.apache.catalina.startup.HostConfig deployWAR
INFO: Deployment of web application archive /usr/local/tomcat/webapps/ROOT.war has finished in 315 ms
May 08, 2017 10:05:51 AM org.apache.catalina.startup.HostConfig undeploy
INFO: Undeploying context []
May 08, 2017 10:05:51 AM org.apache.catalina.startup.HostConfig deployWAR
INFO: Deploying web application archive /usr/local/tomcat/webapps/ROOT.war
May 08, 2017 10:05:52 AM org.apache.catalina.startup.HostConfig deployWAR
INFO: Deployment of web application archive /usr/local/tomcat/webapps/ROOT.war has finished in 327 ms
May 08, 2017 10:07:40 AM org.apache.catalina.startup.HostConfig undeploy
INFO: Undeploying context []
May 08, 2017 10:07:40 AM org.apache.catalina.loader.WebappClassLoaderBase clearReferencesJdbc
SEVERE: The web application [] registered the JDBC driver [com.mysql.jdbc.Driver] but failed to unregister it when the web application was stopped. To prevent a memory leak, the JDBC Driver has been forcibly unregistered.
May 08, 2017 10:07:40 AM org.apache.catalina.loader.WebappClassLoaderBase clearReferencesThreads
SEVERE: The web application [] appears to have started a thread named [MySQL Statement Cancellation Timer] but has failed to stop it. This is very likely to create a memory leak.
May 08, 2017 10:07:40 AM org.apache.catalina.startup.HostConfig deployWAR
INFO: Deploying web application archive /usr/local/tomcat/webapps/ROOT.war
May 08, 2017 10:07:40 AM org.apache.catalina.startup.HostConfig deployWAR
INFO: Deployment of web application archive /usr/local/tomcat/webapps/ROOT.war has finished in 268 ms
May 08, 2017 10:13:17 AM org.apache.catalina.startup.HostConfig undeploy
INFO: Undeploying context []
May 08, 2017 10:13:17 AM org.apache.catalina.loader.WebappClassLoaderBase clearReferencesJdbc
SEVERE: The web application [] registered the JDBC driver [com.mysql.jdbc.Driver] but failed to unregister it when the web application was stopped. To prevent a memory leak, the JDBC Driver has been forcibly unregistered.
May 08, 2017 10:13:17 AM org.apache.catalina.loader.WebappClassLoaderBase clearReferencesThreads
SEVERE: The web application [] appears to have started a thread named [MySQL Statement Cancellation Timer] but has failed to stop it. This is very likely to create a memory leak.
May 08, 2017 10:13:17 AM org.apache.catalina.startup.HostConfig deployWAR
INFO: Deploying web application archive /usr/local/tomcat/webapps/ROOT.war
May 08, 2017 10:13:17 AM org.apache.catalina.startup.HostConfig deployWAR
INFO: Deployment of web application archive /usr/local/tomcat/webapps/ROOT.war has finished in 207 ms
May 08, 2017 10:14:56 AM org.apache.catalina.startup.HostConfig undeploy
INFO: Undeploying context []
May 08, 2017 10:14:56 AM org.apache.catalina.loader.WebappClassLoaderBase clearReferencesJdbc
SEVERE: The web application [] registered the JDBC driver [com.mysql.jdbc.Driver] but failed to unregister it when the web application was stopped. To prevent a memory leak, the JDBC Driver has been forcibly unregistered.
May 08, 2017 10:14:56 AM org.apache.catalina.loader.WebappClassLoaderBase clearReferencesThreads
SEVERE: The web application [] appears to have started a thread named [MySQL Statement Cancellation Timer] but has failed to stop it. This is very likely to create a memory leak.
May 08, 2017 10:14:56 AM org.apache.catalina.startup.HostConfig deployWAR
INFO: Deploying web application archive /usr/local/tomcat/webapps/ROOT.war
May 08, 2017 10:14:57 AM org.apache.catalina.startup.HostConfig deployWAR
INFO: Deployment of web application archive /usr/local/tomcat/webapps/ROOT.war has finished in 606 ms
May 08, 2017 10:18:50 AM org.apache.catalina.startup.HostConfig undeploy
INFO: Undeploying context []
May 08, 2017 10:18:50 AM org.apache.catalina.loader.WebappClassLoaderBase clearReferencesJdbc
SEVERE: The web application [] registered the JDBC driver [com.mysql.jdbc.Driver] but failed to unregister it when the web application was stopped. To prevent a memory leak, the JDBC Driver has been forcibly unregistered.
May 08, 2017 10:18:50 AM org.apache.catalina.loader.WebappClassLoaderBase clearReferencesThreads
SEVERE: The web application [] appears to have started a thread named [MySQL Statement Cancellation Timer] but has failed to stop it. This is very likely to create a memory leak.
May 08, 2017 10:18:51 AM org.apache.catalina.startup.HostConfig deployWAR
INFO: Deploying web application archive /usr/local/tomcat/webapps/ROOT.war
May 08, 2017 10:18:51 AM org.apache.catalina.startup.HostConfig deployWAR
INFO: Deployment of web application archive /usr/local/tomcat/webapps/ROOT.war has finished in 386 ms
May 08, 2017 10:20:25 AM org.apache.catalina.startup.HostConfig undeploy
INFO: Undeploying context []
May 08, 2017 10:20:25 AM org.apache.catalina.loader.WebappClassLoaderBase clearReferencesJdbc
SEVERE: The web application [] registered the JDBC driver [com.mysql.jdbc.Driver] but failed to unregister it when the web application was stopped. To prevent a memory leak, the JDBC Driver has been forcibly unregistered.
May 08, 2017 10:20:25 AM org.apache.catalina.loader.WebappClassLoaderBase clearReferencesThreads
SEVERE: The web application [] appears to have started a thread named [MySQL Statement Cancellation Timer] but has failed to stop it. This is very likely to create a memory leak.
May 08, 2017 10:20:25 AM org.apache.catalina.startup.HostConfig deployWAR
INFO: Deploying web application archive /usr/local/tomcat/webapps/ROOT.war
May 08, 2017 10:20:25 AM org.apache.catalina.startup.HostConfig deployWAR
INFO: Deployment of web application archive /usr/local/tomcat/webapps/ROOT.war has finished in 205 ms
May 08, 2017 10:22:15 AM org.apache.catalina.startup.HostConfig undeploy
INFO: Undeploying context []
May 08, 2017 10:22:15 AM org.apache.catalina.loader.WebappClassLoaderBase clearReferencesJdbc
SEVERE: The web application [] registered the JDBC driver [com.mysql.jdbc.Driver] but failed to unregister it when the web application was stopped. To prevent a memory leak, the JDBC Driver has been forcibly unregistered.
May 08, 2017 10:22:15 AM org.apache.catalina.loader.WebappClassLoaderBase clearReferencesThreads
SEVERE: The web application [] appears to have started a thread named [MySQL Statement Cancellation Timer] but has failed to stop it. This is very likely to create a memory leak.
May 08, 2017 10:22:15 AM org.apache.catalina.startup.HostConfig deployWAR
INFO: Deploying web application archive /usr/local/tomcat/webapps/ROOT.war
May 08, 2017 10:22:15 AM org.apache.catalina.startup.HostConfig deployWAR
INFO: Deployment of web application archive /usr/local/tomcat/webapps/ROOT.war has finished in 185 ms
May 08, 2017 10:24:39 AM org.apache.catalina.startup.HostConfig undeploy
INFO: Undeploying context []
May 08, 2017 10:24:39 AM org.apache.catalina.loader.WebappClassLoaderBase clearReferencesJdbc
SEVERE: The web application [] registered the JDBC driver [com.mysql.jdbc.Driver] but failed to unregister it when the web application was stopped. To prevent a memory leak, the JDBC Driver has been forcibly unregistered.
May 08, 2017 10:24:39 AM org.apache.catalina.loader.WebappClassLoaderBase clearReferencesThreads
SEVERE: The web application [] appears to have started a thread named [MySQL Statement Cancellation Timer] but has failed to stop it. This is very likely to create a memory leak.
May 08, 2017 10:24:39 AM org.apache.catalina.startup.HostConfig deployWAR
INFO: Deploying web application archive /usr/local/tomcat/webapps/ROOT.war
May 08, 2017 10:24:39 AM org.apache.catalina.startup.HostConfig deployWAR
INFO: Deployment of web application archive /usr/local/tomcat/webapps/ROOT.war has finished in 247 ms
May 08, 2017 10:25:58 AM org.apache.catalina.startup.HostConfig undeploy
INFO: Undeploying context []
May 08, 2017 10:25:58 AM org.apache.catalina.loader.WebappClassLoaderBase clearReferencesJdbc
SEVERE: The web application [] registered the JDBC driver [com.mysql.jdbc.Driver] but failed to unregister it when the web application was stopped. To prevent a memory leak, the JDBC Driver has been forcibly unregistered.
May 08, 2017 10:25:58 AM org.apache.catalina.loader.WebappClassLoaderBase clearReferencesThreads
SEVERE: The web application [] appears to have started a thread named [MySQL Statement Cancellation Timer] but has failed to stop it. This is very likely to create a memory leak.
May 08, 2017 10:25:58 AM org.apache.catalina.startup.HostConfig deployWAR
INFO: Deploying web application archive /usr/local/tomcat/webapps/ROOT.war
May 08, 2017 10:25:59 AM org.apache.catalina.startup.HostConfig deployWAR
INFO: Deployment of web application archive /usr/local/tomcat/webapps/ROOT.war has finished in 320 ms
May 08, 2017 10:35:21 AM org.apache.catalina.startup.HostConfig undeploy
INFO: Undeploying context []
May 08, 2017 10:35:22 AM org.apache.catalina.startup.HostConfig deployWAR
INFO: Deploying web application archive /usr/local/tomcat/webapps/ROOT.war
May 08, 2017 10:35:22 AM org.apache.catalina.startup.HostConfig deployWAR
INFO: Deployment of web application archive /usr/local/tomcat/webapps/ROOT.war has finished in 421 ms
May 08, 2017 11:28:20 AM org.apache.catalina.startup.HostConfig undeploy
INFO: Undeploying context []
May 08, 2017 11:28:20 AM org.apache.catalina.loader.WebappClassLoaderBase clearReferencesJdbc
SEVERE: The web application [] registered the JDBC driver [com.mysql.jdbc.Driver] but failed to unregister it when the web application was stopped. To prevent a memory leak, the JDBC Driver has been forcibly unregistered.
May 08, 2017 11:28:20 AM org.apache.catalina.loader.WebappClassLoaderBase clearReferencesThreads
SEVERE: The web application [] appears to have started a thread named [MySQL Statement Cancellation Timer] but has failed to stop it. This is very likely to create a memory leak.
May 08, 2017 11:28:21 AM org.apache.catalina.startup.HostConfig deployWAR
INFO: Deploying web application archive /usr/local/tomcat/webapps/ROOT.war
May 08, 2017 11:28:21 AM org.apache.catalina.startup.HostConfig deployWAR
INFO: Deployment of web application archive /usr/local/tomcat/webapps/ROOT.war has finished in 721 ms
May 08, 2017 11:29:23 AM org.apache.coyote.http11.AbstractHttp11Processor process
INFO: Error parsing HTTP request header
 Note: further occurrences of HTTP header parsing errors will be logged at DEBUG level.
java.lang.IllegalArgumentException: Invalid character found in method name. HTTP method names must be tokens
	at org.apache.coyote.http11.InternalAprInputBuffer.parseRequestLine(InternalAprInputBuffer.java:182)
	at org.apache.coyote.http11.AbstractHttp11Processor.process(AbstractHttp11Processor.java:1000)
	at org.apache.coyote.AbstractProtocol$AbstractConnectionHandler.process(AbstractProtocol.java:637)
	at org.apache.tomcat.util.net.AprEndpoint$SocketWithOptionsProcessor.run(AprEndpoint.java:2473)
	at java.util.concurrent.ThreadPoolExecutor.runWorker(ThreadPoolExecutor.java:1142)
	at java.util.concurrent.ThreadPoolExecutor$Worker.run(ThreadPoolExecutor.java:617)
	at org.apache.tomcat.util.threads.TaskThread$WrappingRunnable.run(TaskThread.java:61)
	at java.lang.Thread.run(Thread.java:745)

May 08, 2017 11:29:23 AM org.apache.coyote.http11.AbstractHttp11Processor process
INFO: Error parsing HTTP request header
 Note: further occurrences of HTTP header parsing errors will be logged at DEBUG level.
java.lang.IllegalArgumentException: Invalid character found in method name. HTTP method names must be tokens
	at org.apache.coyote.http11.InternalAprInputBuffer.parseRequestLine(InternalAprInputBuffer.java:182)
	at org.apache.coyote.http11.AbstractHttp11Processor.process(AbstractHttp11Processor.java:1000)
	at org.apache.coyote.AbstractProtocol$AbstractConnectionHandler.process(AbstractProtocol.java:637)
	at org.apache.tomcat.util.net.AprEndpoint$SocketWithOptionsProcessor.run(AprEndpoint.java:2473)
	at java.util.concurrent.ThreadPoolExecutor.runWorker(ThreadPoolExecutor.java:1142)
	at java.util.concurrent.ThreadPoolExecutor$Worker.run(ThreadPoolExecutor.java:617)
	at org.apache.tomcat.util.threads.TaskThread$WrappingRunnable.run(TaskThread.java:61)
	at java.lang.Thread.run(Thread.java:745)

May 08, 2017 11:36:44 AM org.apache.catalina.startup.HostConfig undeploy
INFO: Undeploying context []
May 08, 2017 11:36:44 AM org.apache.catalina.loader.WebappClassLoaderBase clearReferencesJdbc
SEVERE: The web application [] registered the JDBC driver [com.mysql.jdbc.Driver] but failed to unregister it when the web application was stopped. To prevent a memory leak, the JDBC Driver has been forcibly unregistered.
May 08, 2017 11:36:44 AM org.apache.catalina.loader.WebappClassLoaderBase clearReferencesThreads
SEVERE: The web application [] appears to have started a thread named [MySQL Statement Cancellation Timer] but has failed to stop it. This is very likely to create a memory leak.
May 08, 2017 11:36:44 AM org.apache.catalina.startup.HostConfig deployWAR
INFO: Deploying web application archive /usr/local/tomcat/webapps/ROOT.war
May 08, 2017 11:36:44 AM org.apache.catalina.startup.HostConfig deployWAR
INFO: Deployment of web application archive /usr/local/tomcat/webapps/ROOT.war has finished in 258 ms
May 08, 2017 11:38:07 AM org.apache.catalina.startup.HostConfig undeploy
INFO: Undeploying context []
May 08, 2017 11:38:07 AM org.apache.catalina.loader.WebappClassLoaderBase clearReferencesJdbc
SEVERE: The web application [] registered the JDBC driver [com.mysql.jdbc.Driver] but failed to unregister it when the web application was stopped. To prevent a memory leak, the JDBC Driver has been forcibly unregistered.
May 08, 2017 11:38:07 AM org.apache.catalina.loader.WebappClassLoaderBase clearReferencesThreads
SEVERE: The web application [] appears to have started a thread named [MySQL Statement Cancellation Timer] but has failed to stop it. This is very likely to create a memory leak.
May 08, 2017 11:38:07 AM org.apache.catalina.startup.HostConfig deployWAR
INFO: Deploying web application archive /usr/local/tomcat/webapps/ROOT.war
May 08, 2017 11:38:07 AM org.apache.catalina.startup.HostConfig deployWAR
INFO: Deployment of web application archive /usr/local/tomcat/webapps/ROOT.war has finished in 183 ms
May 08, 2017 3:20:23 PM org.apache.catalina.startup.HostConfig undeploy
INFO: Undeploying context []
May 08, 2017 3:20:25 PM org.apache.catalina.loader.WebappClassLoaderBase clearReferencesJdbc
SEVERE: The web application [] registered the JDBC driver [com.mysql.jdbc.Driver] but failed to unregister it when the web application was stopped. To prevent a memory leak, the JDBC Driver has been forcibly unregistered.
May 08, 2017 3:20:25 PM org.apache.catalina.loader.WebappClassLoaderBase clearReferencesThreads
SEVERE: The web application [] appears to have started a thread named [MySQL Statement Cancellation Timer] but has failed to stop it. This is very likely to create a memory leak.
May 08, 2017 3:20:25 PM org.apache.catalina.startup.HostConfig deployWAR
INFO: Deploying web application archive /usr/local/tomcat/webapps/ROOT.war
May 08, 2017 3:20:29 PM org.apache.catalina.startup.HostConfig deployWAR
INFO: Deployment of web application archive /usr/local/tomcat/webapps/ROOT.war has finished in 3,257 ms
May 08, 2017 3:27:13 PM org.apache.catalina.startup.HostConfig undeploy
INFO: Undeploying context []
May 08, 2017 3:27:13 PM org.apache.catalina.loader.WebappClassLoaderBase clearReferencesJdbc
SEVERE: The web application [] registered the JDBC driver [com.mysql.jdbc.Driver] but failed to unregister it when the web application was stopped. To prevent a memory leak, the JDBC Driver has been forcibly unregistered.
May 08, 2017 3:27:13 PM org.apache.catalina.loader.WebappClassLoaderBase clearReferencesThreads
SEVERE: The web application [] appears to have started a thread named [MySQL Statement Cancellation Timer] but has failed to stop it. This is very likely to create a memory leak.
May 08, 2017 3:27:13 PM org.apache.catalina.startup.HostConfig deployWAR
INFO: Deploying web application archive /usr/local/tomcat/webapps/ROOT.war
May 08, 2017 3:27:14 PM org.apache.catalina.startup.HostConfig deployWAR
INFO: Deployment of web application archive /usr/local/tomcat/webapps/ROOT.war has finished in 1,308 ms
May 08, 2017 3:38:48 PM org.apache.catalina.startup.HostConfig undeploy
INFO: Undeploying context []
May 08, 2017 3:38:49 PM org.apache.catalina.loader.WebappClassLoaderBase clearReferencesJdbc
SEVERE: The web application [] registered the JDBC driver [com.mysql.jdbc.Driver] but failed to unregister it when the web application was stopped. To prevent a memory leak, the JDBC Driver has been forcibly unregistered.
May 08, 2017 3:38:49 PM org.apache.catalina.loader.WebappClassLoaderBase clearReferencesThreads
SEVERE: The web application [] appears to have started a thread named [MySQL Statement Cancellation Timer] but has failed to stop it. This is very likely to create a memory leak.
May 08, 2017 3:38:49 PM org.apache.catalina.startup.HostConfig deployWAR
INFO: Deploying web application archive /usr/local/tomcat/webapps/ROOT.war
May 08, 2017 3:38:51 PM org.apache.catalina.startup.HostConfig deployWAR
INFO: Deployment of web application archive /usr/local/tomcat/webapps/ROOT.war has finished in 2,051 ms
May 08, 2017 3:41:59 PM org.apache.catalina.startup.HostConfig undeploy
INFO: Undeploying context []
May 08, 2017 3:41:59 PM org.apache.catalina.loader.WebappClassLoaderBase clearReferencesJdbc
SEVERE: The web application [] registered the JDBC driver [com.mysql.jdbc.Driver] but failed to unregister it when the web application was stopped. To prevent a memory leak, the JDBC Driver has been forcibly unregistered.
May 08, 2017 3:41:59 PM org.apache.catalina.loader.WebappClassLoaderBase clearReferencesThreads
SEVERE: The web application [] appears to have started a thread named [MySQL Statement Cancellation Timer] but has failed to stop it. This is very likely to create a memory leak.
May 08, 2017 3:41:59 PM org.apache.catalina.startup.HostConfig deployWAR
INFO: Deploying web application archive /usr/local/tomcat/webapps/ROOT.war
May 08, 2017 3:41:59 PM org.apache.catalina.startup.HostConfig deployWAR
INFO: Deployment of web application archive /usr/local/tomcat/webapps/ROOT.war has finished in 203 ms
May 08, 2017 3:43:05 PM org.apache.catalina.startup.HostConfig undeploy
INFO: Undeploying context []
May 08, 2017 3:43:05 PM org.apache.catalina.loader.WebappClassLoaderBase clearReferencesJdbc
SEVERE: The web application [] registered the JDBC driver [com.mysql.jdbc.Driver] but failed to unregister it when the web application was stopped. To prevent a memory leak, the JDBC Driver has been forcibly unregistered.
May 08, 2017 3:43:05 PM org.apache.catalina.loader.WebappClassLoaderBase clearReferencesThreads
SEVERE: The web application [] appears to have started a thread named [MySQL Statement Cancellation Timer] but has failed to stop it. This is very likely to create a memory leak.
May 08, 2017 3:43:05 PM org.apache.catalina.startup.HostConfig deployWAR
INFO: Deploying web application archive /usr/local/tomcat/webapps/ROOT.war
May 08, 2017 3:43:05 PM org.apache.catalina.startup.HostConfig deployWAR
INFO: Deployment of web application archive /usr/local/tomcat/webapps/ROOT.war has finished in 197 ms
May 08, 2017 3:52:41 PM org.apache.catalina.startup.HostConfig undeploy
INFO: Undeploying context []
May 08, 2017 3:52:41 PM org.apache.catalina.loader.WebappClassLoaderBase clearReferencesJdbc
SEVERE: The web application [] registered the JDBC driver [com.mysql.jdbc.Driver] but failed to unregister it when the web application was stopped. To prevent a memory leak, the JDBC Driver has been forcibly unregistered.
May 08, 2017 3:52:41 PM org.apache.catalina.loader.WebappClassLoaderBase clearReferencesThreads
SEVERE: The web application [] appears to have started a thread named [MySQL Statement Cancellation Timer] but has failed to stop it. This is very likely to create a memory leak.
May 08, 2017 3:52:41 PM org.apache.catalina.startup.HostConfig deployWAR
INFO: Deploying web application archive /usr/local/tomcat/webapps/ROOT.war
May 08, 2017 3:52:42 PM org.apache.catalina.startup.HostConfig deployWAR
INFO: Deployment of web application archive /usr/local/tomcat/webapps/ROOT.war has finished in 415 ms
May 08, 2017 4:02:15 PM org.apache.catalina.startup.HostConfig undeploy
INFO: Undeploying context []
May 08, 2017 4:02:15 PM org.apache.catalina.loader.WebappClassLoaderBase clearReferencesJdbc
SEVERE: The web application [] registered the JDBC driver [com.mysql.jdbc.Driver] but failed to unregister it when the web application was stopped. To prevent a memory leak, the JDBC Driver has been forcibly unregistered.
May 08, 2017 4:02:15 PM org.apache.catalina.loader.WebappClassLoaderBase clearReferencesThreads
SEVERE: The web application [] appears to have started a thread named [MySQL Statement Cancellation Timer] but has failed to stop it. This is very likely to create a memory leak.
May 08, 2017 4:02:16 PM org.apache.catalina.startup.HostConfig deployWAR
INFO: Deploying web application archive /usr/local/tomcat/webapps/ROOT.war
May 08, 2017 4:02:16 PM org.apache.catalina.startup.HostConfig deployWAR
INFO: Deployment of web application archive /usr/local/tomcat/webapps/ROOT.war has finished in 658 ms
May 08, 2017 4:06:29 PM org.apache.catalina.startup.HostConfig undeploy
INFO: Undeploying context []
May 08, 2017 4:06:29 PM org.apache.catalina.loader.WebappClassLoaderBase clearReferencesJdbc
SEVERE: The web application [] registered the JDBC driver [com.mysql.jdbc.Driver] but failed to unregister it when the web application was stopped. To prevent a memory leak, the JDBC Driver has been forcibly unregistered.
May 08, 2017 4:06:29 PM org.apache.catalina.loader.WebappClassLoaderBase clearReferencesThreads
SEVERE: The web application [] appears to have started a thread named [MySQL Statement Cancellation Timer] but has failed to stop it. This is very likely to create a memory leak.
May 08, 2017 4:06:29 PM org.apache.catalina.startup.HostConfig deployWAR
INFO: Deploying web application archive /usr/local/tomcat/webapps/ROOT.war
May 08, 2017 4:06:29 PM org.apache.catalina.startup.HostConfig deployWAR
INFO: Deployment of web application archive /usr/local/tomcat/webapps/ROOT.war has finished in 301 ms
May 08, 2017 4:19:12 PM org.apache.catalina.startup.HostConfig undeploy
INFO: Undeploying context []
May 08, 2017 4:19:12 PM org.apache.catalina.loader.WebappClassLoaderBase clearReferencesJdbc
SEVERE: The web application [] registered the JDBC driver [com.mysql.jdbc.Driver] but failed to unregister it when the web application was stopped. To prevent a memory leak, the JDBC Driver has been forcibly unregistered.
May 08, 2017 4:19:12 PM org.apache.catalina.loader.WebappClassLoaderBase clearReferencesThreads
SEVERE: The web application [] appears to have started a thread named [MySQL Statement Cancellation Timer] but has failed to stop it. This is very likely to create a memory leak.
May 08, 2017 4:19:12 PM org.apache.catalina.startup.HostConfig deployWAR
INFO: Deploying web application archive /usr/local/tomcat/webapps/ROOT.war
May 08, 2017 4:19:13 PM org.apache.catalina.startup.HostConfig deployWAR
INFO: Deployment of web application archive /usr/local/tomcat/webapps/ROOT.war has finished in 413 ms
May 08, 2017 4:22:36 PM org.apache.catalina.startup.HostConfig undeploy
INFO: Undeploying context []
May 08, 2017 4:22:36 PM org.apache.catalina.loader.WebappClassLoaderBase clearReferencesJdbc
SEVERE: The web application [] registered the JDBC driver [com.mysql.jdbc.Driver] but failed to unregister it when the web application was stopped. To prevent a memory leak, the JDBC Driver has been forcibly unregistered.
May 08, 2017 4:22:36 PM org.apache.catalina.loader.WebappClassLoaderBase clearReferencesThreads
SEVERE: The web application [] appears to have started a thread named [MySQL Statement Cancellation Timer] but has failed to stop it. This is very likely to create a memory leak.
May 08, 2017 4:22:36 PM org.apache.catalina.startup.HostConfig deployWAR
INFO: Deploying web application archive /usr/local/tomcat/webapps/ROOT.war
May 08, 2017 4:22:36 PM org.apache.catalina.startup.HostConfig deployWAR
INFO: Deployment of web application archive /usr/local/tomcat/webapps/ROOT.war has finished in 185 ms
May 08, 2017 4:24:27 PM org.apache.catalina.startup.HostConfig undeploy
INFO: Undeploying context []
May 08, 2017 4:24:27 PM org.apache.catalina.loader.WebappClassLoaderBase clearReferencesJdbc
SEVERE: The web application [] registered the JDBC driver [com.mysql.jdbc.Driver] but failed to unregister it when the web application was stopped. To prevent a memory leak, the JDBC Driver has been forcibly unregistered.
May 08, 2017 4:24:27 PM org.apache.catalina.loader.WebappClassLoaderBase clearReferencesThreads
SEVERE: The web application [] appears to have started a thread named [MySQL Statement Cancellation Timer] but has failed to stop it. This is very likely to create a memory leak.
May 08, 2017 4:24:27 PM org.apache.catalina.startup.HostConfig deployWAR
INFO: Deploying web application archive /usr/local/tomcat/webapps/ROOT.war
May 08, 2017 4:24:27 PM org.apache.catalina.startup.HostConfig deployWAR
INFO: Deployment of web application archive /usr/local/tomcat/webapps/ROOT.war has finished in 393 ms
May 08, 2017 4:28:04 PM org.apache.catalina.startup.HostConfig undeploy
INFO: Undeploying context []
May 08, 2017 4:28:04 PM org.apache.catalina.loader.WebappClassLoaderBase clearReferencesJdbc
SEVERE: The web application [] registered the JDBC driver [com.mysql.jdbc.Driver] but failed to unregister it when the web application was stopped. To prevent a memory leak, the JDBC Driver has been forcibly unregistered.
May 08, 2017 4:28:04 PM org.apache.catalina.loader.WebappClassLoaderBase clearReferencesThreads
SEVERE: The web application [] appears to have started a thread named [MySQL Statement Cancellation Timer] but has failed to stop it. This is very likely to create a memory leak.
May 08, 2017 4:28:04 PM org.apache.catalina.startup.HostConfig deployWAR
INFO: Deploying web application archive /usr/local/tomcat/webapps/ROOT.war
May 08, 2017 4:28:05 PM org.apache.catalina.startup.HostConfig deployWAR
INFO: Deployment of web application archive /usr/local/tomcat/webapps/ROOT.war has finished in 261 ms
May 08, 2017 4:29:47 PM org.apache.catalina.startup.HostConfig undeploy
INFO: Undeploying context []
May 08, 2017 4:29:47 PM org.apache.catalina.loader.WebappClassLoaderBase clearReferencesJdbc
SEVERE: The web application [] registered the JDBC driver [com.mysql.jdbc.Driver] but failed to unregister it when the web application was stopped. To prevent a memory leak, the JDBC Driver has been forcibly unregistered.
May 08, 2017 4:29:47 PM org.apache.catalina.loader.WebappClassLoaderBase clearReferencesThreads
SEVERE: The web application [] appears to have started a thread named [MySQL Statement Cancellation Timer] but has failed to stop it. This is very likely to create a memory leak.
May 08, 2017 4:29:47 PM org.apache.catalina.startup.HostConfig deployWAR
INFO: Deploying web application archive /usr/local/tomcat/webapps/ROOT.war
May 08, 2017 4:29:47 PM org.apache.catalina.startup.HostConfig deployWAR
INFO: Deployment of web application archive /usr/local/tomcat/webapps/ROOT.war has finished in 181 ms
May 08, 2017 4:37:25 PM org.apache.catalina.startup.HostConfig undeploy
INFO: Undeploying context []
May 08, 2017 4:37:26 PM org.apache.catalina.loader.WebappClassLoaderBase clearReferencesJdbc
SEVERE: The web application [] registered the JDBC driver [com.mysql.jdbc.Driver] but failed to unregister it when the web application was stopped. To prevent a memory leak, the JDBC Driver has been forcibly unregistered.
May 08, 2017 4:37:26 PM org.apache.catalina.loader.WebappClassLoaderBase clearReferencesThreads
SEVERE: The web application [] appears to have started a thread named [MySQL Statement Cancellation Timer] but has failed to stop it. This is very likely to create a memory leak.
May 08, 2017 4:37:26 PM org.apache.catalina.startup.HostConfig deployWAR
INFO: Deploying web application archive /usr/local/tomcat/webapps/ROOT.war
May 08, 2017 4:37:27 PM org.apache.catalina.startup.HostConfig deployWAR
INFO: Deployment of web application archive /usr/local/tomcat/webapps/ROOT.war has finished in 1,053 ms
May 08, 2017 4:41:53 PM org.apache.catalina.startup.HostConfig undeploy
INFO: Undeploying context []
May 08, 2017 4:41:53 PM org.apache.catalina.loader.WebappClassLoaderBase clearReferencesJdbc
SEVERE: The web application [] registered the JDBC driver [com.mysql.jdbc.Driver] but failed to unregister it when the web application was stopped. To prevent a memory leak, the JDBC Driver has been forcibly unregistered.
May 08, 2017 4:41:53 PM org.apache.catalina.loader.WebappClassLoaderBase clearReferencesThreads
SEVERE: The web application [] appears to have started a thread named [MySQL Statement Cancellation Timer] but has failed to stop it. This is very likely to create a memory leak.
May 08, 2017 4:41:54 PM org.apache.catalina.startup.HostConfig deployWAR
INFO: Deploying web application archive /usr/local/tomcat/webapps/ROOT.war
May 08, 2017 4:41:54 PM org.apache.catalina.startup.HostConfig deployWAR
INFO: Deployment of web application archive /usr/local/tomcat/webapps/ROOT.war has finished in 173 ms
May 08, 2017 4:43:10 PM org.apache.catalina.startup.HostConfig undeploy
INFO: Undeploying context []
May 08, 2017 4:43:10 PM org.apache.catalina.loader.WebappClassLoaderBase clearReferencesJdbc
SEVERE: The web application [] registered the JDBC driver [com.mysql.jdbc.Driver] but failed to unregister it when the web application was stopped. To prevent a memory leak, the JDBC Driver has been forcibly unregistered.
May 08, 2017 4:43:10 PM org.apache.catalina.loader.WebappClassLoaderBase clearReferencesThreads
SEVERE: The web application [] appears to have started a thread named [MySQL Statement Cancellation Timer] but has failed to stop it. This is very likely to create a memory leak.
May 08, 2017 4:43:10 PM org.apache.catalina.startup.HostConfig deployWAR
INFO: Deploying web application archive /usr/local/tomcat/webapps/ROOT.war
May 08, 2017 4:43:11 PM org.apache.catalina.startup.HostConfig deployWAR
INFO: Deployment of web application archive /usr/local/tomcat/webapps/ROOT.war has finished in 166 ms
May 08, 2017 4:44:20 PM org.apache.catalina.startup.HostConfig undeploy
INFO: Undeploying context []
May 08, 2017 4:44:20 PM org.apache.catalina.loader.WebappClassLoaderBase clearReferencesJdbc
SEVERE: The web application [] registered the JDBC driver [com.mysql.jdbc.Driver] but failed to unregister it when the web application was stopped. To prevent a memory leak, the JDBC Driver has been forcibly unregistered.
May 08, 2017 4:44:20 PM org.apache.catalina.loader.WebappClassLoaderBase clearReferencesThreads
SEVERE: The web application [] appears to have started a thread named [MySQL Statement Cancellation Timer] but has failed to stop it. This is very likely to create a memory leak.
May 08, 2017 4:44:20 PM org.apache.catalina.startup.HostConfig deployWAR
INFO: Deploying web application archive /usr/local/tomcat/webapps/ROOT.war
May 08, 2017 4:44:21 PM org.apache.catalina.startup.HostConfig deployWAR
INFO: Deployment of web application archive /usr/local/tomcat/webapps/ROOT.war has finished in 253 ms
May 08, 2017 4:50:12 PM org.apache.catalina.startup.HostConfig undeploy
INFO: Undeploying context []
May 08, 2017 4:50:12 PM org.apache.catalina.loader.WebappClassLoaderBase clearReferencesJdbc
SEVERE: The web application [] registered the JDBC driver [com.mysql.jdbc.Driver] but failed to unregister it when the web application was stopped. To prevent a memory leak, the JDBC Driver has been forcibly unregistered.
May 08, 2017 4:50:12 PM org.apache.catalina.loader.WebappClassLoaderBase clearReferencesThreads
SEVERE: The web application [] appears to have started a thread named [MySQL Statement Cancellation Timer] but has failed to stop it. This is very likely to create a memory leak.
May 08, 2017 4:50:12 PM org.apache.catalina.startup.HostConfig deployWAR
INFO: Deploying web application archive /usr/local/tomcat/webapps/ROOT.war
May 08, 2017 4:50:12 PM org.apache.catalina.startup.HostConfig deployWAR
INFO: Deployment of web application archive /usr/local/tomcat/webapps/ROOT.war has finished in 181 ms
May 08, 2017 4:52:07 PM org.apache.catalina.startup.HostConfig undeploy
INFO: Undeploying context []
May 08, 2017 4:52:07 PM org.apache.catalina.loader.WebappClassLoaderBase clearReferencesJdbc
SEVERE: The web application [] registered the JDBC driver [com.mysql.jdbc.Driver] but failed to unregister it when the web application was stopped. To prevent a memory leak, the JDBC Driver has been forcibly unregistered.
May 08, 2017 4:52:07 PM org.apache.catalina.loader.WebappClassLoaderBase clearReferencesThreads
SEVERE: The web application [] appears to have started a thread named [MySQL Statement Cancellation Timer] but has failed to stop it. This is very likely to create a memory leak.
May 08, 2017 4:52:07 PM org.apache.catalina.startup.HostConfig deployWAR
INFO: Deploying web application archive /usr/local/tomcat/webapps/ROOT.war
May 08, 2017 4:52:07 PM org.apache.catalina.startup.HostConfig deployWAR
INFO: Deployment of web application archive /usr/local/tomcat/webapps/ROOT.war has finished in 194 ms
May 08, 2017 5:18:56 PM org.apache.catalina.startup.HostConfig undeploy
INFO: Undeploying context []
May 08, 2017 5:18:56 PM org.apache.catalina.loader.WebappClassLoaderBase clearReferencesJdbc
SEVERE: The web application [] registered the JDBC driver [com.mysql.jdbc.Driver] but failed to unregister it when the web application was stopped. To prevent a memory leak, the JDBC Driver has been forcibly unregistered.
May 08, 2017 5:18:56 PM org.apache.catalina.loader.WebappClassLoaderBase clearReferencesThreads
SEVERE: The web application [] appears to have started a thread named [MySQL Statement Cancellation Timer] but has failed to stop it. This is very likely to create a memory leak.
May 08, 2017 5:18:56 PM org.apache.catalina.startup.HostConfig deployWAR
INFO: Deploying web application archive /usr/local/tomcat/webapps/ROOT.war
May 08, 2017 5:18:57 PM org.apache.catalina.startup.HostConfig deployWAR
INFO: Deployment of web application archive /usr/local/tomcat/webapps/ROOT.war has finished in 188 ms
May 08, 2017 5:53:10 PM org.apache.coyote.AbstractProtocol pause
INFO: Pausing ProtocolHandler ["http-apr-8080"]
May 08, 2017 5:53:12 PM org.apache.coyote.AbstractProtocol pause
INFO: Pausing ProtocolHandler ["ajp-apr-8009"]
May 08, 2017 5:53:13 PM org.apache.catalina.core.StandardService stopInternal
INFO: Stopping service Catalina
May 08, 2017 5:53:15 PM org.apache.coyote.AbstractProtocol stop
INFO: Stopping ProtocolHandler ["http-apr-8080"]
May 08, 2017 5:53:15 PM org.apache.coyote.AbstractProtocol stop
INFO: Stopping ProtocolHandler ["ajp-apr-8009"]
May 08, 2017 5:53:16 PM org.apache.coyote.AbstractProtocol destroy
INFO: Destroying ProtocolHandler ["http-apr-8080"]
May 08, 2017 5:53:16 PM org.apache.coyote.AbstractProtocol destroy
INFO: Destroying ProtocolHandler ["ajp-apr-8009"]
May 08, 2017 5:58:02 PM org.apache.catalina.startup.VersionLoggerListener log
INFO: Server version:        Apache Tomcat/7.0.75
May 08, 2017 5:58:02 PM org.apache.catalina.startup.VersionLoggerListener log
INFO: Server built:          Jan 18 2017 20:54:42 UTC
May 08, 2017 5:58:02 PM org.apache.catalina.startup.VersionLoggerListener log
INFO: Server number:         7.0.75.0
May 08, 2017 5:58:02 PM org.apache.catalina.startup.VersionLoggerListener log
INFO: OS Name:               Linux
May 08, 2017 5:58:03 PM org.apache.catalina.startup.VersionLoggerListener log
INFO: OS Version:            4.4.0-75-generic
May 08, 2017 5:58:03 PM org.apache.catalina.startup.VersionLoggerListener log
INFO: Architecture:          amd64
May 08, 2017 5:58:03 PM org.apache.catalina.startup.VersionLoggerListener log
INFO: Java Home:             /usr/lib/jvm/java-8-openjdk-amd64/jre
May 08, 2017 5:58:03 PM org.apache.catalina.startup.VersionLoggerListener log
INFO: JVM Version:           1.8.0_121-8u121-b13-1~bpo8+1-b13
May 08, 2017 5:58:03 PM org.apache.catalina.startup.VersionLoggerListener log
INFO: JVM Vendor:            Oracle Corporation
May 08, 2017 5:58:03 PM org.apache.catalina.startup.VersionLoggerListener log
INFO: CATALINA_BASE:         /usr/local/tomcat
May 08, 2017 5:58:03 PM org.apache.catalina.startup.VersionLoggerListener log
INFO: CATALINA_HOME:         /usr/local/tomcat
May 08, 2017 5:58:03 PM org.apache.catalina.startup.VersionLoggerListener log
INFO: Command line argument: -Djava.util.logging.config.file=/usr/local/tomcat/conf/logging.properties
May 08, 2017 5:58:03 PM org.apache.catalina.startup.VersionLoggerListener log
INFO: Command line argument: -Djava.util.logging.manager=org.apache.juli.ClassLoaderLogManager
May 08, 2017 5:58:03 PM org.apache.catalina.startup.VersionLoggerListener log
INFO: Command line argument: -Djdk.tls.ephemeralDHKeySize=2048
May 08, 2017 5:58:03 PM org.apache.catalina.startup.VersionLoggerListener log
INFO: Command line argument: -Djava.endorsed.dirs=/usr/local/tomcat/endorsed
May 08, 2017 5:58:03 PM org.apache.catalina.startup.VersionLoggerListener log
INFO: Command line argument: -Dcatalina.base=/usr/local/tomcat
May 08, 2017 5:58:03 PM org.apache.catalina.startup.VersionLoggerListener log
INFO: Command line argument: -Dcatalina.home=/usr/local/tomcat
May 08, 2017 5:58:03 PM org.apache.catalina.startup.VersionLoggerListener log
INFO: Command line argument: -Djava.io.tmpdir=/usr/local/tomcat/temp
May 08, 2017 5:58:03 PM org.apache.catalina.core.AprLifecycleListener lifecycleEvent
INFO: Loaded APR based Apache Tomcat Native library 1.2.10 using APR version 1.5.1.
May 08, 2017 5:58:03 PM org.apache.catalina.core.AprLifecycleListener lifecycleEvent
INFO: APR capabilities: IPv6 [true], sendfile [true], accept filters [false], random [true].
May 08, 2017 5:58:03 PM org.apache.catalina.core.AprLifecycleListener initializeSSL
INFO: OpenSSL successfully initialized (OpenSSL 1.1.0d  26 Jan 2017)
May 08, 2017 5:58:05 PM org.apache.coyote.AbstractProtocol init
INFO: Initializing ProtocolHandler ["http-apr-8080"]
May 08, 2017 5:58:05 PM org.apache.coyote.AbstractProtocol init
INFO: Initializing ProtocolHandler ["ajp-apr-8009"]
May 08, 2017 5:58:05 PM org.apache.catalina.startup.Catalina load
INFO: Initialization processed in 8271 ms
May 08, 2017 5:58:05 PM org.apache.catalina.core.StandardService startInternal
INFO: Starting service Catalina
May 08, 2017 5:58:05 PM org.apache.catalina.core.StandardEngine startInternal
INFO: Starting Servlet Engine: Apache Tomcat/7.0.75
May 08, 2017 5:58:06 PM org.apache.catalina.startup.HostConfig deployWAR
INFO: Deploying web application archive /usr/local/tomcat/webapps/ROOT.war
May 08, 2017 5:58:10 PM org.apache.catalina.util.SessionIdGeneratorBase createSecureRandom
INFO: Creation of SecureRandom instance for session ID generation using [SHA1PRNG] took [938] milliseconds.
May 08, 2017 5:58:11 PM org.apache.catalina.startup.HostConfig deployWAR
INFO: Deployment of web application archive /usr/local/tomcat/webapps/ROOT.war has finished in 5,354 ms
May 08, 2017 5:58:11 PM org.apache.catalina.startup.HostConfig deployDirectory
INFO: Deploying web application directory /usr/local/tomcat/webapps/examples
May 08, 2017 5:58:12 PM org.apache.catalina.startup.HostConfig deployDirectory
INFO: Deployment of web application directory /usr/local/tomcat/webapps/examples has finished in 989 ms
May 08, 2017 5:58:12 PM org.apache.catalina.startup.HostConfig deployDirectory
INFO: Deploying web application directory /usr/local/tomcat/webapps/manager
May 08, 2017 5:58:12 PM org.apache.catalina.startup.HostConfig deployDirectory
INFO: Deployment of web application directory /usr/local/tomcat/webapps/manager has finished in 235 ms
May 08, 2017 5:58:12 PM org.apache.catalina.startup.HostConfig deployDirectory
INFO: Deploying web application directory /usr/local/tomcat/webapps/docs
May 08, 2017 5:58:13 PM org.apache.catalina.startup.HostConfig deployDirectory
INFO: Deployment of web application directory /usr/local/tomcat/webapps/docs has finished in 510 ms
May 08, 2017 5:58:13 PM org.apache.catalina.startup.HostConfig deployDirectory
INFO: Deploying web application directory /usr/local/tomcat/webapps/host-manager
May 08, 2017 5:58:13 PM org.apache.catalina.startup.HostConfig deployDirectory
INFO: Deployment of web application directory /usr/local/tomcat/webapps/host-manager has finished in 126 ms
May 08, 2017 5:58:13 PM org.apache.coyote.AbstractProtocol start
INFO: Starting ProtocolHandler ["http-apr-8080"]
May 08, 2017 5:58:13 PM org.apache.coyote.AbstractProtocol start
INFO: Starting ProtocolHandler ["ajp-apr-8009"]
May 08, 2017 5:58:13 PM org.apache.catalina.startup.Catalina start
INFO: Server startup in 7800 ms
May 08, 2017 6:44:37 PM org.apache.catalina.startup.HostConfig undeploy
INFO: Undeploying context []
May 08, 2017 6:44:37 PM org.apache.catalina.startup.HostConfig deployWAR
INFO: Deploying web application archive /usr/local/tomcat/webapps/ROOT.war
May 08, 2017 6:44:38 PM org.apache.catalina.startup.HostConfig deployWAR
INFO: Deployment of web application archive /usr/local/tomcat/webapps/ROOT.war has finished in 412 ms
May 08, 2017 6:51:03 PM org.apache.catalina.startup.HostConfig undeploy
INFO: Undeploying context []
May 08, 2017 6:51:03 PM org.apache.catalina.loader.WebappClassLoaderBase clearReferencesJdbc
SEVERE: The web application [] registered the JDBC driver [com.mysql.jdbc.Driver] but failed to unregister it when the web application was stopped. To prevent a memory leak, the JDBC Driver has been forcibly unregistered.
May 08, 2017 6:51:03 PM org.apache.catalina.loader.WebappClassLoaderBase clearReferencesThreads
SEVERE: The web application [] appears to have started a thread named [MySQL Statement Cancellation Timer] but has failed to stop it. This is very likely to create a memory leak.
May 08, 2017 6:51:03 PM org.apache.catalina.startup.HostConfig deployWAR
INFO: Deploying web application archive /usr/local/tomcat/webapps/ROOT.war
May 08, 2017 6:51:03 PM org.apache.catalina.startup.HostConfig deployWAR
INFO: Deployment of web application archive /usr/local/tomcat/webapps/ROOT.war has finished in 358 ms
May 08, 2017 7:13:01 PM org.apache.catalina.startup.HostConfig undeploy
INFO: Undeploying context []
May 08, 2017 7:13:01 PM org.apache.catalina.loader.WebappClassLoaderBase clearReferencesJdbc
SEVERE: The web application [] registered the JDBC driver [com.mysql.jdbc.Driver] but failed to unregister it when the web application was stopped. To prevent a memory leak, the JDBC Driver has been forcibly unregistered.
May 08, 2017 7:13:01 PM org.apache.catalina.loader.WebappClassLoaderBase clearReferencesThreads
SEVERE: The web application [] appears to have started a thread named [MySQL Statement Cancellation Timer] but has failed to stop it. This is very likely to create a memory leak.
May 08, 2017 7:13:01 PM org.apache.catalina.startup.HostConfig deployWAR
INFO: Deploying web application archive /usr/local/tomcat/webapps/ROOT.war
May 08, 2017 7:13:02 PM org.apache.catalina.startup.HostConfig deployWAR
INFO: Deployment of web application archive /usr/local/tomcat/webapps/ROOT.war has finished in 406 ms
May 08, 2017 7:23:51 PM org.apache.catalina.startup.HostConfig undeploy
INFO: Undeploying context []
May 08, 2017 7:23:51 PM org.apache.catalina.loader.WebappClassLoaderBase clearReferencesJdbc
SEVERE: The web application [] registered the JDBC driver [com.mysql.jdbc.Driver] but failed to unregister it when the web application was stopped. To prevent a memory leak, the JDBC Driver has been forcibly unregistered.
May 08, 2017 7:23:51 PM org.apache.catalina.loader.WebappClassLoaderBase clearReferencesThreads
SEVERE: The web application [] appears to have started a thread named [MySQL Statement Cancellation Timer] but has failed to stop it. This is very likely to create a memory leak.
May 08, 2017 7:23:51 PM org.apache.catalina.startup.HostConfig deployWAR
INFO: Deploying web application archive /usr/local/tomcat/webapps/ROOT.war
May 08, 2017 7:23:51 PM org.apache.catalina.startup.HostConfig deployWAR
INFO: Deployment of web application archive /usr/local/tomcat/webapps/ROOT.war has finished in 300 ms
May 08, 2017 7:27:42 PM org.apache.catalina.startup.HostConfig undeploy
INFO: Undeploying context []
May 08, 2017 7:27:42 PM org.apache.catalina.loader.WebappClassLoaderBase clearReferencesJdbc
SEVERE: The web application [] registered the JDBC driver [com.mysql.jdbc.Driver] but failed to unregister it when the web application was stopped. To prevent a memory leak, the JDBC Driver has been forcibly unregistered.
May 08, 2017 7:27:42 PM org.apache.catalina.loader.WebappClassLoaderBase clearReferencesThreads
SEVERE: The web application [] appears to have started a thread named [MySQL Statement Cancellation Timer] but has failed to stop it. This is very likely to create a memory leak.
May 08, 2017 7:27:42 PM org.apache.catalina.startup.HostConfig deployWAR
INFO: Deploying web application archive /usr/local/tomcat/webapps/ROOT.war
May 08, 2017 7:27:42 PM org.apache.catalina.startup.HostConfig deployWAR
INFO: Deployment of web application archive /usr/local/tomcat/webapps/ROOT.war has finished in 270 ms
May 08, 2017 7:28:50 PM org.apache.catalina.startup.HostConfig undeploy
INFO: Undeploying context []
May 08, 2017 7:28:50 PM org.apache.catalina.loader.WebappClassLoaderBase clearReferencesJdbc
SEVERE: The web application [] registered the JDBC driver [com.mysql.jdbc.Driver] but failed to unregister it when the web application was stopped. To prevent a memory leak, the JDBC Driver has been forcibly unregistered.
May 08, 2017 7:28:50 PM org.apache.catalina.loader.WebappClassLoaderBase clearReferencesThreads
SEVERE: The web application [] appears to have started a thread named [MySQL Statement Cancellation Timer] but has failed to stop it. This is very likely to create a memory leak.
May 08, 2017 7:28:50 PM org.apache.catalina.startup.HostConfig deployWAR
INFO: Deploying web application archive /usr/local/tomcat/webapps/ROOT.war
May 08, 2017 7:28:50 PM org.apache.catalina.startup.HostConfig deployWAR
INFO: Deployment of web application archive /usr/local/tomcat/webapps/ROOT.war has finished in 297 ms
May 08, 2017 7:30:43 PM org.apache.catalina.startup.HostConfig undeploy
INFO: Undeploying context []
May 08, 2017 7:30:43 PM org.apache.catalina.loader.WebappClassLoaderBase clearReferencesJdbc
SEVERE: The web application [] registered the JDBC driver [com.mysql.jdbc.Driver] but failed to unregister it when the web application was stopped. To prevent a memory leak, the JDBC Driver has been forcibly unregistered.
May 08, 2017 7:30:43 PM org.apache.catalina.loader.WebappClassLoaderBase clearReferencesThreads
SEVERE: The web application [] appears to have started a thread named [MySQL Statement Cancellation Timer] but has failed to stop it. This is very likely to create a memory leak.
May 08, 2017 7:30:43 PM org.apache.catalina.loader.WebappClassLoaderBase checkThreadLocalMapForLeaks
SEVERE: The web application [] created a ThreadLocal with key of type [java.lang.ThreadLocal] (value [java.lang.ThreadLocal@53f2bf0c]) and a value of type [com.apea.training.parkWebsite.connection.mysql.MySqlDaoConnection] (value [com.apea.training.parkWebsite.connection.mysql.MySqlDaoConnection@24e43570]) but failed to remove it when the web application was stopped. Threads are going to be renewed over time to try and avoid a probable memory leak.
May 08, 2017 7:30:43 PM org.apache.catalina.startup.HostConfig deployWAR
INFO: Deploying web application archive /usr/local/tomcat/webapps/ROOT.war
May 08, 2017 7:30:43 PM org.apache.catalina.startup.HostConfig deployWAR
INFO: Deployment of web application archive /usr/local/tomcat/webapps/ROOT.war has finished in 225 ms
May 08, 2017 7:35:48 PM org.apache.catalina.startup.HostConfig undeploy
INFO: Undeploying context []
May 08, 2017 7:35:48 PM org.apache.catalina.loader.WebappClassLoaderBase clearReferencesJdbc
SEVERE: The web application [] registered the JDBC driver [com.mysql.jdbc.Driver] but failed to unregister it when the web application was stopped. To prevent a memory leak, the JDBC Driver has been forcibly unregistered.
May 08, 2017 7:35:48 PM org.apache.catalina.loader.WebappClassLoaderBase clearReferencesThreads
SEVERE: The web application [] appears to have started a thread named [MySQL Statement Cancellation Timer] but has failed to stop it. This is very likely to create a memory leak.
May 08, 2017 7:35:48 PM org.apache.catalina.startup.HostConfig deployWAR
INFO: Deploying web application archive /usr/local/tomcat/webapps/ROOT.war
May 08, 2017 7:35:48 PM org.apache.catalina.startup.HostConfig deployWAR
INFO: Deployment of web application archive /usr/local/tomcat/webapps/ROOT.war has finished in 338 ms
May 08, 2017 7:38:45 PM org.apache.catalina.startup.HostConfig undeploy
INFO: Undeploying context []
May 08, 2017 7:38:45 PM org.apache.catalina.loader.WebappClassLoaderBase clearReferencesJdbc
SEVERE: The web application [] registered the JDBC driver [com.mysql.jdbc.Driver] but failed to unregister it when the web application was stopped. To prevent a memory leak, the JDBC Driver has been forcibly unregistered.
May 08, 2017 7:38:45 PM org.apache.catalina.loader.WebappClassLoaderBase clearReferencesThreads
SEVERE: The web application [] appears to have started a thread named [MySQL Statement Cancellation Timer] but has failed to stop it. This is very likely to create a memory leak.
May 08, 2017 7:38:45 PM org.apache.catalina.startup.HostConfig deployWAR
INFO: Deploying web application archive /usr/local/tomcat/webapps/ROOT.war
May 08, 2017 7:38:45 PM org.apache.catalina.startup.HostConfig deployWAR
INFO: Deployment of web application archive /usr/local/tomcat/webapps/ROOT.war has finished in 232 ms
May 08, 2017 7:43:34 PM org.apache.catalina.startup.HostConfig undeploy
INFO: Undeploying context []
May 08, 2017 7:43:34 PM org.apache.catalina.loader.WebappClassLoaderBase clearReferencesJdbc
SEVERE: The web application [] registered the JDBC driver [com.mysql.jdbc.Driver] but failed to unregister it when the web application was stopped. To prevent a memory leak, the JDBC Driver has been forcibly unregistered.
May 08, 2017 7:43:34 PM org.apache.catalina.loader.WebappClassLoaderBase clearReferencesThreads
SEVERE: The web application [] appears to have started a thread named [MySQL Statement Cancellation Timer] but has failed to stop it. This is very likely to create a memory leak.
May 08, 2017 7:43:34 PM org.apache.catalina.startup.HostConfig deployWAR
INFO: Deploying web application archive /usr/local/tomcat/webapps/ROOT.war
May 08, 2017 7:43:34 PM org.apache.catalina.startup.HostConfig deployWAR
INFO: Deployment of web application archive /usr/local/tomcat/webapps/ROOT.war has finished in 247 ms
May 08, 2017 7:46:54 PM org.apache.coyote.AbstractProtocol pause
INFO: Pausing ProtocolHandler ["http-apr-8080"]
May 08, 2017 7:46:54 PM org.apache.coyote.AbstractProtocol pause
INFO: Pausing ProtocolHandler ["ajp-apr-8009"]
May 08, 2017 7:46:54 PM org.apache.catalina.core.StandardService stopInternal
INFO: Stopping service Catalina
May 08, 2017 7:46:54 PM org.apache.catalina.loader.WebappClassLoaderBase clearReferencesJdbc
SEVERE: The web application [] registered the JDBC driver [com.mysql.jdbc.Driver] but failed to unregister it when the web application was stopped. To prevent a memory leak, the JDBC Driver has been forcibly unregistered.
May 08, 2017 7:46:54 PM org.apache.catalina.loader.WebappClassLoaderBase clearReferencesThreads
SEVERE: The web application [] appears to have started a thread named [MySQL Statement Cancellation Timer] but has failed to stop it. This is very likely to create a memory leak.
May 08, 2017 7:46:54 PM org.apache.coyote.AbstractProtocol stop
INFO: Stopping ProtocolHandler ["http-apr-8080"]
May 08, 2017 7:46:54 PM org.apache.coyote.AbstractProtocol stop
INFO: Stopping ProtocolHandler ["ajp-apr-8009"]
May 08, 2017 7:46:55 PM org.apache.coyote.AbstractProtocol destroy
INFO: Destroying ProtocolHandler ["http-apr-8080"]
May 08, 2017 7:46:55 PM org.apache.coyote.AbstractProtocol destroy
INFO: Destroying ProtocolHandler ["ajp-apr-8009"]
