May 10, 2017 2:59:03 PM org.apache.catalina.startup.VersionLoggerListener log
INFO: Server version:        Apache Tomcat/7.0.75
May 10, 2017 2:59:03 PM org.apache.catalina.startup.VersionLoggerListener log
INFO: Server built:          Jan 18 2017 20:54:42 UTC
May 10, 2017 2:59:03 PM org.apache.catalina.startup.VersionLoggerListener log
INFO: Server number:         7.0.75.0
May 10, 2017 2:59:03 PM org.apache.catalina.startup.VersionLoggerListener log
INFO: OS Name:               Linux
May 10, 2017 2:59:03 PM org.apache.catalina.startup.VersionLoggerListener log
INFO: OS Version:            4.4.0-75-generic
May 10, 2017 2:59:04 PM org.apache.catalina.startup.VersionLoggerListener log
INFO: Architecture:          amd64
May 10, 2017 2:59:04 PM org.apache.catalina.startup.VersionLoggerListener log
INFO: Java Home:             /usr/lib/jvm/java-8-openjdk-amd64/jre
May 10, 2017 2:59:04 PM org.apache.catalina.startup.VersionLoggerListener log
INFO: JVM Version:           1.8.0_121-8u121-b13-1~bpo8+1-b13
May 10, 2017 2:59:04 PM org.apache.catalina.startup.VersionLoggerListener log
INFO: JVM Vendor:            Oracle Corporation
May 10, 2017 2:59:04 PM org.apache.catalina.startup.VersionLoggerListener log
INFO: CATALINA_BASE:         /usr/local/tomcat
May 10, 2017 2:59:04 PM org.apache.catalina.startup.VersionLoggerListener log
INFO: CATALINA_HOME:         /usr/local/tomcat
May 10, 2017 2:59:04 PM org.apache.catalina.startup.VersionLoggerListener log
INFO: Command line argument: -Djava.util.logging.config.file=/usr/local/tomcat/conf/logging.properties
May 10, 2017 2:59:04 PM org.apache.catalina.startup.VersionLoggerListener log
INFO: Command line argument: -Djava.util.logging.manager=org.apache.juli.ClassLoaderLogManager
May 10, 2017 2:59:04 PM org.apache.catalina.startup.VersionLoggerListener log
INFO: Command line argument: -Djdk.tls.ephemeralDHKeySize=2048
May 10, 2017 2:59:04 PM org.apache.catalina.startup.VersionLoggerListener log
INFO: Command line argument: -Djava.endorsed.dirs=/usr/local/tomcat/endorsed
May 10, 2017 2:59:04 PM org.apache.catalina.startup.VersionLoggerListener log
INFO: Command line argument: -Dcatalina.base=/usr/local/tomcat
May 10, 2017 2:59:04 PM org.apache.catalina.startup.VersionLoggerListener log
INFO: Command line argument: -Dcatalina.home=/usr/local/tomcat
May 10, 2017 2:59:04 PM org.apache.catalina.startup.VersionLoggerListener log
INFO: Command line argument: -Djava.io.tmpdir=/usr/local/tomcat/temp
May 10, 2017 2:59:04 PM org.apache.catalina.core.AprLifecycleListener lifecycleEvent
INFO: Loaded APR based Apache Tomcat Native library 1.2.10 using APR version 1.5.1.
May 10, 2017 2:59:04 PM org.apache.catalina.core.AprLifecycleListener lifecycleEvent
INFO: APR capabilities: IPv6 [true], sendfile [true], accept filters [false], random [true].
May 10, 2017 2:59:04 PM org.apache.catalina.core.AprLifecycleListener initializeSSL
INFO: OpenSSL successfully initialized (OpenSSL 1.1.0d  26 Jan 2017)
May 10, 2017 2:59:04 PM org.apache.coyote.AbstractProtocol init
INFO: Initializing ProtocolHandler ["http-apr-8080"]
May 10, 2017 2:59:04 PM org.apache.coyote.AbstractProtocol init
INFO: Initializing ProtocolHandler ["ajp-apr-8009"]
May 10, 2017 2:59:04 PM org.apache.catalina.startup.Catalina load
INFO: Initialization processed in 3900 ms
May 10, 2017 2:59:04 PM org.apache.catalina.core.StandardService startInternal
INFO: Starting service Catalina
May 10, 2017 2:59:04 PM org.apache.catalina.core.StandardEngine startInternal
INFO: Starting Servlet Engine: Apache Tomcat/7.0.75
May 10, 2017 2:59:05 PM org.apache.catalina.startup.HostConfig deployWAR
INFO: Deploying web application archive /usr/local/tomcat/webapps/ROOT.war
May 10, 2017 2:59:07 PM org.apache.catalina.util.SessionIdGeneratorBase createSecureRandom
INFO: Creation of SecureRandom instance for session ID generation using [SHA1PRNG] took [134] milliseconds.
May 10, 2017 2:59:07 PM org.apache.catalina.startup.HostConfig deployWAR
INFO: Deployment of web application archive /usr/local/tomcat/webapps/ROOT.war has finished in 2,881 ms
May 10, 2017 2:59:07 PM org.apache.catalina.startup.HostConfig deployDirectory
INFO: Deploying web application directory /usr/local/tomcat/webapps/examples
May 10, 2017 2:59:08 PM org.apache.catalina.startup.HostConfig deployDirectory
INFO: Deployment of web application directory /usr/local/tomcat/webapps/examples has finished in 616 ms
May 10, 2017 2:59:08 PM org.apache.catalina.startup.HostConfig deployDirectory
INFO: Deploying web application directory /usr/local/tomcat/webapps/manager
May 10, 2017 2:59:08 PM org.apache.catalina.startup.HostConfig deployDirectory
INFO: Deployment of web application directory /usr/local/tomcat/webapps/manager has finished in 119 ms
May 10, 2017 2:59:08 PM org.apache.catalina.startup.HostConfig deployDirectory
INFO: Deploying web application directory /usr/local/tomcat/webapps/docs
May 10, 2017 2:59:08 PM org.apache.catalina.startup.HostConfig deployDirectory
INFO: Deployment of web application directory /usr/local/tomcat/webapps/docs has finished in 93 ms
May 10, 2017 2:59:08 PM org.apache.catalina.startup.HostConfig deployDirectory
INFO: Deploying web application directory /usr/local/tomcat/webapps/host-manager
May 10, 2017 2:59:08 PM org.apache.catalina.startup.HostConfig deployDirectory
INFO: Deployment of web application directory /usr/local/tomcat/webapps/host-manager has finished in 100 ms
May 10, 2017 2:59:08 PM org.apache.coyote.AbstractProtocol start
INFO: Starting ProtocolHandler ["http-apr-8080"]
May 10, 2017 2:59:08 PM org.apache.coyote.AbstractProtocol start
INFO: Starting ProtocolHandler ["ajp-apr-8009"]
May 10, 2017 2:59:08 PM org.apache.catalina.startup.Catalina start
INFO: Server startup in 4113 ms
May 10, 2017 3:04:04 PM org.apache.catalina.startup.HostConfig undeploy
INFO: Undeploying context []
May 10, 2017 3:04:04 PM org.apache.catalina.startup.HostConfig deployWAR
INFO: Deploying web application archive /usr/local/tomcat/webapps/ROOT.war
May 10, 2017 3:04:05 PM org.apache.catalina.startup.HostConfig deployWAR
INFO: Deployment of web application archive /usr/local/tomcat/webapps/ROOT.war has finished in 563 ms
May 10, 2017 3:07:22 PM org.apache.catalina.startup.HostConfig undeploy
INFO: Undeploying context []
May 10, 2017 3:07:22 PM org.apache.catalina.loader.WebappClassLoaderBase clearReferencesJdbc
SEVERE: The web application [] registered the JDBC driver [com.mysql.jdbc.Driver] but failed to unregister it when the web application was stopped. To prevent a memory leak, the JDBC Driver has been forcibly unregistered.
May 10, 2017 3:07:22 PM org.apache.catalina.loader.WebappClassLoaderBase clearReferencesThreads
SEVERE: The web application [] appears to have started a thread named [MySQL Statement Cancellation Timer] but has failed to stop it. This is very likely to create a memory leak.
May 10, 2017 3:07:22 PM org.apache.catalina.startup.HostConfig deployWAR
INFO: Deploying web application archive /usr/local/tomcat/webapps/ROOT.war
May 10, 2017 3:07:22 PM org.apache.catalina.startup.HostConfig deployWAR
INFO: Deployment of web application archive /usr/local/tomcat/webapps/ROOT.war has finished in 391 ms
May 10, 2017 3:09:02 PM org.apache.catalina.startup.HostConfig undeploy
INFO: Undeploying context []
May 10, 2017 3:09:02 PM org.apache.catalina.loader.WebappClassLoaderBase clearReferencesJdbc
SEVERE: The web application [] registered the JDBC driver [com.mysql.jdbc.Driver] but failed to unregister it when the web application was stopped. To prevent a memory leak, the JDBC Driver has been forcibly unregistered.
May 10, 2017 3:09:02 PM org.apache.catalina.loader.WebappClassLoaderBase clearReferencesThreads
SEVERE: The web application [] appears to have started a thread named [MySQL Statement Cancellation Timer] but has failed to stop it. This is very likely to create a memory leak.
May 10, 2017 3:09:02 PM org.apache.catalina.startup.HostConfig deployWAR
INFO: Deploying web application archive /usr/local/tomcat/webapps/ROOT.war
May 10, 2017 3:09:03 PM org.apache.catalina.startup.HostConfig deployWAR
INFO: Deployment of web application archive /usr/local/tomcat/webapps/ROOT.war has finished in 358 ms
May 10, 2017 3:13:12 PM org.apache.catalina.startup.HostConfig undeploy
INFO: Undeploying context []
May 10, 2017 3:13:12 PM org.apache.catalina.loader.WebappClassLoaderBase clearReferencesJdbc
SEVERE: The web application [] registered the JDBC driver [com.mysql.jdbc.Driver] but failed to unregister it when the web application was stopped. To prevent a memory leak, the JDBC Driver has been forcibly unregistered.
May 10, 2017 3:13:12 PM org.apache.catalina.loader.WebappClassLoaderBase clearReferencesThreads
SEVERE: The web application [] appears to have started a thread named [MySQL Statement Cancellation Timer] but has failed to stop it. This is very likely to create a memory leak.
May 10, 2017 3:13:13 PM org.apache.catalina.startup.HostConfig deployWAR
INFO: Deploying web application archive /usr/local/tomcat/webapps/ROOT.war
May 10, 2017 3:13:13 PM org.apache.catalina.startup.HostConfig deployWAR
INFO: Deployment of web application archive /usr/local/tomcat/webapps/ROOT.war has finished in 282 ms
May 10, 2017 3:18:36 PM org.apache.catalina.startup.HostConfig undeploy
INFO: Undeploying context []
May 10, 2017 3:18:36 PM org.apache.catalina.loader.WebappClassLoaderBase clearReferencesJdbc
SEVERE: The web application [] registered the JDBC driver [com.mysql.jdbc.Driver] but failed to unregister it when the web application was stopped. To prevent a memory leak, the JDBC Driver has been forcibly unregistered.
May 10, 2017 3:18:36 PM org.apache.catalina.loader.WebappClassLoaderBase clearReferencesThreads
SEVERE: The web application [] appears to have started a thread named [MySQL Statement Cancellation Timer] but has failed to stop it. This is very likely to create a memory leak.
May 10, 2017 3:18:37 PM org.apache.catalina.startup.HostConfig deployWAR
INFO: Deploying web application archive /usr/local/tomcat/webapps/ROOT.war
May 10, 2017 3:18:37 PM org.apache.catalina.startup.HostConfig deployWAR
INFO: Deployment of web application archive /usr/local/tomcat/webapps/ROOT.war has finished in 776 ms
May 10, 2017 3:19:39 PM org.apache.catalina.realm.LockOutRealm filterLockedAccounts
WARNING: An attempt was made to authenticate the locked user "admin"
May 10, 2017 3:19:40 PM org.apache.catalina.realm.LockOutRealm filterLockedAccounts
WARNING: An attempt was made to authenticate the locked user "admin"
May 10, 2017 3:19:40 PM org.apache.catalina.realm.LockOutRealm filterLockedAccounts
WARNING: An attempt was made to authenticate the locked user "admin"
May 10, 2017 3:19:41 PM org.apache.catalina.realm.LockOutRealm filterLockedAccounts
WARNING: An attempt was made to authenticate the locked user "admin"
May 10, 2017 3:19:41 PM org.apache.catalina.realm.LockOutRealm filterLockedAccounts
WARNING: An attempt was made to authenticate the locked user "admin"
May 10, 2017 3:19:42 PM org.apache.catalina.realm.LockOutRealm filterLockedAccounts
WARNING: An attempt was made to authenticate the locked user "admin"
May 10, 2017 3:19:43 PM org.apache.catalina.realm.LockOutRealm filterLockedAccounts
WARNING: An attempt was made to authenticate the locked user "admin"
May 10, 2017 3:19:43 PM org.apache.catalina.realm.LockOutRealm filterLockedAccounts
WARNING: An attempt was made to authenticate the locked user "admin"
May 10, 2017 3:19:44 PM org.apache.catalina.realm.LockOutRealm filterLockedAccounts
WARNING: An attempt was made to authenticate the locked user "admin"
May 10, 2017 3:19:44 PM org.apache.catalina.realm.LockOutRealm filterLockedAccounts
WARNING: An attempt was made to authenticate the locked user "admin"
May 10, 2017 3:19:45 PM org.apache.catalina.realm.LockOutRealm filterLockedAccounts
WARNING: An attempt was made to authenticate the locked user "admin"
May 10, 2017 3:19:45 PM org.apache.catalina.realm.LockOutRealm filterLockedAccounts
WARNING: An attempt was made to authenticate the locked user "admin"
May 10, 2017 3:19:46 PM org.apache.catalina.realm.LockOutRealm filterLockedAccounts
WARNING: An attempt was made to authenticate the locked user "admin"
May 10, 2017 7:32:07 PM org.apache.catalina.startup.HostConfig undeploy
INFO: Undeploying context []
May 10, 2017 7:32:11 PM org.apache.catalina.loader.WebappClassLoaderBase clearReferencesJdbc
SEVERE: The web application [] registered the JDBC driver [com.mysql.jdbc.Driver] but failed to unregister it when the web application was stopped. To prevent a memory leak, the JDBC Driver has been forcibly unregistered.
May 10, 2017 7:32:11 PM org.apache.catalina.loader.WebappClassLoaderBase clearReferencesThreads
SEVERE: The web application [] appears to have started a thread named [MySQL Statement Cancellation Timer] but has failed to stop it. This is very likely to create a memory leak.
May 10, 2017 7:32:13 PM org.apache.catalina.startup.HostConfig deployWAR
INFO: Deploying web application archive /usr/local/tomcat/webapps/ROOT.war
May 10, 2017 7:32:23 PM org.apache.catalina.startup.HostConfig deployWAR
INFO: Deployment of web application archive /usr/local/tomcat/webapps/ROOT.war has finished in 9,482 ms
May 10, 2017 7:38:56 PM org.apache.catalina.startup.HostConfig undeploy
INFO: Undeploying context []
May 10, 2017 7:38:58 PM org.apache.catalina.startup.HostConfig deployWAR
INFO: Deploying web application archive /usr/local/tomcat/webapps/ROOT.war
May 10, 2017 7:38:58 PM org.apache.catalina.startup.HostConfig deployWAR
INFO: Deployment of web application archive /usr/local/tomcat/webapps/ROOT.war has finished in 788 ms
May 10, 2017 7:42:21 PM org.apache.catalina.startup.HostConfig undeploy
INFO: Undeploying context []
May 10, 2017 7:42:21 PM org.apache.catalina.loader.WebappClassLoaderBase clearReferencesJdbc
SEVERE: The web application [] registered the JDBC driver [com.mysql.jdbc.Driver] but failed to unregister it when the web application was stopped. To prevent a memory leak, the JDBC Driver has been forcibly unregistered.
May 10, 2017 7:42:21 PM org.apache.catalina.loader.WebappClassLoaderBase clearReferencesThreads
SEVERE: The web application [] appears to have started a thread named [MySQL Statement Cancellation Timer] but has failed to stop it. This is very likely to create a memory leak.
May 10, 2017 7:42:21 PM org.apache.catalina.startup.HostConfig deployWAR
INFO: Deploying web application archive /usr/local/tomcat/webapps/ROOT.war
May 10, 2017 7:42:21 PM org.apache.catalina.startup.HostConfig deployWAR
INFO: Deployment of web application archive /usr/local/tomcat/webapps/ROOT.war has finished in 294 ms
May 10, 2017 7:44:39 PM org.apache.catalina.startup.HostConfig undeploy
INFO: Undeploying context []
May 10, 2017 7:44:39 PM org.apache.catalina.startup.HostConfig deployWAR
INFO: Deploying web application archive /usr/local/tomcat/webapps/ROOT.war
May 10, 2017 7:44:39 PM org.apache.catalina.startup.HostConfig deployWAR
INFO: Deployment of web application archive /usr/local/tomcat/webapps/ROOT.war has finished in 402 ms
May 10, 2017 7:46:01 PM org.apache.catalina.startup.HostConfig undeploy
INFO: Undeploying context []
May 10, 2017 7:46:01 PM org.apache.catalina.startup.HostConfig deployWAR
INFO: Deploying web application archive /usr/local/tomcat/webapps/ROOT.war
May 10, 2017 7:46:02 PM org.apache.catalina.startup.HostConfig deployWAR
INFO: Deployment of web application archive /usr/local/tomcat/webapps/ROOT.war has finished in 598 ms
May 10, 2017 7:46:29 PM org.apache.catalina.startup.HostConfig undeploy
INFO: Undeploying context []
May 10, 2017 7:46:29 PM org.apache.catalina.startup.HostConfig deployWAR
INFO: Deploying web application archive /usr/local/tomcat/webapps/ROOT.war
May 10, 2017 7:46:30 PM org.apache.catalina.startup.HostConfig deployWAR
INFO: Deployment of web application archive /usr/local/tomcat/webapps/ROOT.war has finished in 379 ms
May 10, 2017 7:48:24 PM org.apache.catalina.startup.HostConfig undeploy
INFO: Undeploying context []
May 10, 2017 7:48:24 PM org.apache.catalina.startup.HostConfig deployWAR
INFO: Deploying web application archive /usr/local/tomcat/webapps/ROOT.war
May 10, 2017 7:48:25 PM org.apache.catalina.startup.HostConfig deployWAR
INFO: Deployment of web application archive /usr/local/tomcat/webapps/ROOT.war has finished in 600 ms
May 10, 2017 8:45:49 PM org.apache.catalina.startup.HostConfig undeploy
INFO: Undeploying context []
May 10, 2017 8:45:50 PM org.apache.catalina.loader.WebappClassLoaderBase clearReferencesJdbc
SEVERE: The web application [] registered the JDBC driver [com.mysql.jdbc.Driver] but failed to unregister it when the web application was stopped. To prevent a memory leak, the JDBC Driver has been forcibly unregistered.
May 10, 2017 8:45:50 PM org.apache.catalina.loader.WebappClassLoaderBase clearReferencesThreads
SEVERE: The web application [] appears to have started a thread named [MySQL Statement Cancellation Timer] but has failed to stop it. This is very likely to create a memory leak.
May 10, 2017 8:45:51 PM org.apache.catalina.startup.HostConfig deployWAR
INFO: Deploying web application archive /usr/local/tomcat/webapps/ROOT.war
May 10, 2017 8:45:53 PM org.apache.catalina.startup.HostConfig deployWAR
INFO: Deployment of web application archive /usr/local/tomcat/webapps/ROOT.war has finished in 1,063 ms
May 10, 2017 8:49:27 PM org.apache.catalina.startup.HostConfig undeploy
INFO: Undeploying context []
May 10, 2017 8:49:27 PM org.apache.catalina.loader.WebappClassLoaderBase clearReferencesJdbc
SEVERE: The web application [] registered the JDBC driver [com.mysql.jdbc.Driver] but failed to unregister it when the web application was stopped. To prevent a memory leak, the JDBC Driver has been forcibly unregistered.
May 10, 2017 8:49:27 PM org.apache.catalina.loader.WebappClassLoaderBase clearReferencesThreads
SEVERE: The web application [] appears to have started a thread named [MySQL Statement Cancellation Timer] but has failed to stop it. This is very likely to create a memory leak.
May 10, 2017 8:49:27 PM org.apache.catalina.startup.HostConfig deployWAR
INFO: Deploying web application archive /usr/local/tomcat/webapps/ROOT.war
May 10, 2017 8:49:27 PM org.apache.catalina.startup.HostConfig deployWAR
INFO: Deployment of web application archive /usr/local/tomcat/webapps/ROOT.war has finished in 373 ms
May 10, 2017 8:51:36 PM org.apache.catalina.startup.HostConfig undeploy
INFO: Undeploying context []
May 10, 2017 8:51:36 PM org.apache.catalina.loader.WebappClassLoaderBase clearReferencesJdbc
SEVERE: The web application [] registered the JDBC driver [com.mysql.jdbc.Driver] but failed to unregister it when the web application was stopped. To prevent a memory leak, the JDBC Driver has been forcibly unregistered.
May 10, 2017 8:51:36 PM org.apache.catalina.loader.WebappClassLoaderBase clearReferencesThreads
SEVERE: The web application [] appears to have started a thread named [MySQL Statement Cancellation Timer] but has failed to stop it. This is very likely to create a memory leak.
May 10, 2017 8:51:36 PM org.apache.catalina.startup.HostConfig deployWAR
INFO: Deploying web application archive /usr/local/tomcat/webapps/ROOT.war
May 10, 2017 8:51:36 PM org.apache.catalina.startup.HostConfig deployWAR
INFO: Deployment of web application archive /usr/local/tomcat/webapps/ROOT.war has finished in 320 ms
May 10, 2017 8:52:49 PM org.apache.catalina.startup.HostConfig undeploy
INFO: Undeploying context []
May 10, 2017 8:52:49 PM org.apache.catalina.startup.HostConfig deployWAR
INFO: Deploying web application archive /usr/local/tomcat/webapps/ROOT.war
May 10, 2017 8:52:50 PM org.apache.catalina.startup.HostConfig deployWAR
INFO: Deployment of web application archive /usr/local/tomcat/webapps/ROOT.war has finished in 306 ms
May 10, 2017 8:55:10 PM org.apache.catalina.startup.HostConfig undeploy
INFO: Undeploying context []
May 10, 2017 8:55:10 PM org.apache.catalina.startup.HostConfig deployWAR
INFO: Deploying web application archive /usr/local/tomcat/webapps/ROOT.war
May 10, 2017 8:55:10 PM org.apache.catalina.startup.HostConfig deployWAR
INFO: Deployment of web application archive /usr/local/tomcat/webapps/ROOT.war has finished in 241 ms
May 10, 2017 8:56:03 PM org.apache.catalina.startup.HostConfig undeploy
INFO: Undeploying context []
May 10, 2017 8:56:03 PM org.apache.catalina.loader.WebappClassLoaderBase clearReferencesJdbc
SEVERE: The web application [] registered the JDBC driver [com.mysql.jdbc.Driver] but failed to unregister it when the web application was stopped. To prevent a memory leak, the JDBC Driver has been forcibly unregistered.
May 10, 2017 8:56:03 PM org.apache.catalina.loader.WebappClassLoaderBase clearReferencesThreads
SEVERE: The web application [] appears to have started a thread named [MySQL Statement Cancellation Timer] but has failed to stop it. This is very likely to create a memory leak.
May 10, 2017 8:56:03 PM org.apache.catalina.startup.HostConfig deployWAR
INFO: Deploying web application archive /usr/local/tomcat/webapps/ROOT.war
May 10, 2017 8:56:03 PM org.apache.catalina.startup.HostConfig deployWAR
INFO: Deployment of web application archive /usr/local/tomcat/webapps/ROOT.war has finished in 331 ms
May 10, 2017 9:15:34 PM org.apache.catalina.startup.HostConfig undeploy
INFO: Undeploying context []
May 10, 2017 9:15:34 PM org.apache.catalina.loader.WebappClassLoaderBase clearReferencesJdbc
SEVERE: The web application [] registered the JDBC driver [com.mysql.jdbc.Driver] but failed to unregister it when the web application was stopped. To prevent a memory leak, the JDBC Driver has been forcibly unregistered.
May 10, 2017 9:15:34 PM org.apache.catalina.loader.WebappClassLoaderBase clearReferencesThreads
SEVERE: The web application [] appears to have started a thread named [MySQL Statement Cancellation Timer] but has failed to stop it. This is very likely to create a memory leak.
May 10, 2017 9:15:34 PM org.apache.catalina.startup.HostConfig deployWAR
INFO: Deploying web application archive /usr/local/tomcat/webapps/ROOT.war
May 10, 2017 9:15:34 PM org.apache.catalina.startup.HostConfig deployWAR
INFO: Deployment of web application archive /usr/local/tomcat/webapps/ROOT.war has finished in 232 ms
May 10, 2017 9:17:03 PM org.apache.catalina.startup.HostConfig undeploy
INFO: Undeploying context []
May 10, 2017 9:17:03 PM org.apache.catalina.loader.WebappClassLoaderBase clearReferencesJdbc
SEVERE: The web application [] registered the JDBC driver [com.mysql.jdbc.Driver] but failed to unregister it when the web application was stopped. To prevent a memory leak, the JDBC Driver has been forcibly unregistered.
May 10, 2017 9:17:03 PM org.apache.catalina.loader.WebappClassLoaderBase clearReferencesThreads
SEVERE: The web application [] appears to have started a thread named [MySQL Statement Cancellation Timer] but has failed to stop it. This is very likely to create a memory leak.
May 10, 2017 9:17:03 PM org.apache.catalina.startup.HostConfig deployWAR
INFO: Deploying web application archive /usr/local/tomcat/webapps/ROOT.war
May 10, 2017 9:17:03 PM org.apache.catalina.startup.HostConfig deployWAR
INFO: Deployment of web application archive /usr/local/tomcat/webapps/ROOT.war has finished in 258 ms
May 10, 2017 9:20:15 PM org.apache.catalina.startup.HostConfig undeploy
INFO: Undeploying context []
May 10, 2017 9:20:15 PM org.apache.catalina.loader.WebappClassLoaderBase clearReferencesJdbc
SEVERE: The web application [] registered the JDBC driver [com.mysql.jdbc.Driver] but failed to unregister it when the web application was stopped. To prevent a memory leak, the JDBC Driver has been forcibly unregistered.
May 10, 2017 9:20:15 PM org.apache.catalina.loader.WebappClassLoaderBase clearReferencesThreads
SEVERE: The web application [] appears to have started a thread named [MySQL Statement Cancellation Timer] but has failed to stop it. This is very likely to create a memory leak.
May 10, 2017 9:20:15 PM org.apache.catalina.startup.HostConfig deployWAR
INFO: Deploying web application archive /usr/local/tomcat/webapps/ROOT.war
May 10, 2017 9:20:15 PM org.apache.catalina.startup.HostConfig deployWAR
INFO: Deployment of web application archive /usr/local/tomcat/webapps/ROOT.war has finished in 322 ms
May 10, 2017 9:22:04 PM org.apache.catalina.startup.HostConfig undeploy
INFO: Undeploying context []
May 10, 2017 9:22:04 PM org.apache.catalina.loader.WebappClassLoaderBase clearReferencesJdbc
SEVERE: The web application [] registered the JDBC driver [com.mysql.jdbc.Driver] but failed to unregister it when the web application was stopped. To prevent a memory leak, the JDBC Driver has been forcibly unregistered.
May 10, 2017 9:22:04 PM org.apache.catalina.loader.WebappClassLoaderBase clearReferencesThreads
SEVERE: The web application [] appears to have started a thread named [MySQL Statement Cancellation Timer] but has failed to stop it. This is very likely to create a memory leak.
May 10, 2017 9:22:04 PM org.apache.catalina.startup.HostConfig deployWAR
INFO: Deploying web application archive /usr/local/tomcat/webapps/ROOT.war
May 10, 2017 9:22:04 PM org.apache.catalina.startup.HostConfig deployWAR
INFO: Deployment of web application archive /usr/local/tomcat/webapps/ROOT.war has finished in 387 ms
May 10, 2017 9:23:22 PM org.apache.catalina.startup.HostConfig undeploy
INFO: Undeploying context []
May 10, 2017 9:23:22 PM org.apache.catalina.loader.WebappClassLoaderBase clearReferencesJdbc
SEVERE: The web application [] registered the JDBC driver [com.mysql.jdbc.Driver] but failed to unregister it when the web application was stopped. To prevent a memory leak, the JDBC Driver has been forcibly unregistered.
May 10, 2017 9:23:22 PM org.apache.catalina.loader.WebappClassLoaderBase clearReferencesThreads
SEVERE: The web application [] appears to have started a thread named [MySQL Statement Cancellation Timer] but has failed to stop it. This is very likely to create a memory leak.
May 10, 2017 9:23:22 PM org.apache.catalina.startup.HostConfig deployWAR
INFO: Deploying web application archive /usr/local/tomcat/webapps/ROOT.war
May 10, 2017 9:23:23 PM org.apache.catalina.startup.HostConfig deployWAR
INFO: Deployment of web application archive /usr/local/tomcat/webapps/ROOT.war has finished in 279 ms
May 10, 2017 9:26:21 PM org.apache.catalina.startup.HostConfig undeploy
INFO: Undeploying context []
May 10, 2017 9:26:21 PM org.apache.catalina.loader.WebappClassLoaderBase clearReferencesJdbc
SEVERE: The web application [] registered the JDBC driver [com.mysql.jdbc.Driver] but failed to unregister it when the web application was stopped. To prevent a memory leak, the JDBC Driver has been forcibly unregistered.
May 10, 2017 9:26:21 PM org.apache.catalina.loader.WebappClassLoaderBase clearReferencesThreads
SEVERE: The web application [] appears to have started a thread named [MySQL Statement Cancellation Timer] but has failed to stop it. This is very likely to create a memory leak.
May 10, 2017 9:26:21 PM org.apache.catalina.startup.HostConfig deployWAR
INFO: Deploying web application archive /usr/local/tomcat/webapps/ROOT.war
May 10, 2017 9:26:21 PM org.apache.catalina.startup.HostConfig deployWAR
INFO: Deployment of web application archive /usr/local/tomcat/webapps/ROOT.war has finished in 315 ms
May 10, 2017 9:31:00 PM org.apache.catalina.startup.HostConfig undeploy
INFO: Undeploying context []
May 10, 2017 9:31:00 PM org.apache.catalina.startup.HostConfig deployWAR
INFO: Deploying web application archive /usr/local/tomcat/webapps/ROOT.war
May 10, 2017 9:31:00 PM org.apache.catalina.startup.HostConfig deployWAR
INFO: Deployment of web application archive /usr/local/tomcat/webapps/ROOT.war has finished in 384 ms
May 10, 2017 9:32:51 PM org.apache.catalina.startup.HostConfig undeploy
INFO: Undeploying context []
May 10, 2017 9:32:51 PM org.apache.catalina.loader.WebappClassLoaderBase clearReferencesJdbc
SEVERE: The web application [] registered the JDBC driver [com.mysql.jdbc.Driver] but failed to unregister it when the web application was stopped. To prevent a memory leak, the JDBC Driver has been forcibly unregistered.
May 10, 2017 9:32:51 PM org.apache.catalina.loader.WebappClassLoaderBase clearReferencesThreads
SEVERE: The web application [] appears to have started a thread named [MySQL Statement Cancellation Timer] but has failed to stop it. This is very likely to create a memory leak.
May 10, 2017 9:32:51 PM org.apache.catalina.startup.HostConfig deployWAR
INFO: Deploying web application archive /usr/local/tomcat/webapps/ROOT.war
May 10, 2017 9:32:51 PM org.apache.catalina.startup.HostConfig deployWAR
INFO: Deployment of web application archive /usr/local/tomcat/webapps/ROOT.war has finished in 204 ms
May 10, 2017 9:35:56 PM org.apache.catalina.startup.HostConfig undeploy
INFO: Undeploying context []
May 10, 2017 9:35:56 PM org.apache.catalina.loader.WebappClassLoaderBase clearReferencesJdbc
SEVERE: The web application [] registered the JDBC driver [com.mysql.jdbc.Driver] but failed to unregister it when the web application was stopped. To prevent a memory leak, the JDBC Driver has been forcibly unregistered.
May 10, 2017 9:35:56 PM org.apache.catalina.loader.WebappClassLoaderBase clearReferencesThreads
SEVERE: The web application [] appears to have started a thread named [MySQL Statement Cancellation Timer] but has failed to stop it. This is very likely to create a memory leak.
May 10, 2017 9:35:56 PM org.apache.catalina.startup.HostConfig deployWAR
INFO: Deploying web application archive /usr/local/tomcat/webapps/ROOT.war
May 10, 2017 9:35:56 PM org.apache.catalina.startup.HostConfig deployWAR
INFO: Deployment of web application archive /usr/local/tomcat/webapps/ROOT.war has finished in 355 ms
May 10, 2017 9:54:36 PM org.apache.catalina.startup.HostConfig undeploy
INFO: Undeploying context []
May 10, 2017 9:54:38 PM org.apache.catalina.startup.HostConfig deployWAR
INFO: Deploying web application archive /usr/local/tomcat/webapps/ROOT.war
May 10, 2017 9:54:39 PM org.apache.catalina.startup.HostConfig deployWAR
INFO: Deployment of web application archive /usr/local/tomcat/webapps/ROOT.war has finished in 931 ms
May 10, 2017 10:16:04 PM org.apache.catalina.startup.HostConfig undeploy
INFO: Undeploying context []
May 10, 2017 10:16:04 PM org.apache.catalina.loader.WebappClassLoaderBase clearReferencesJdbc
SEVERE: The web application [] registered the JDBC driver [com.mysql.jdbc.Driver] but failed to unregister it when the web application was stopped. To prevent a memory leak, the JDBC Driver has been forcibly unregistered.
May 10, 2017 10:16:04 PM org.apache.catalina.loader.WebappClassLoaderBase clearReferencesThreads
SEVERE: The web application [] appears to have started a thread named [MySQL Statement Cancellation Timer] but has failed to stop it. This is very likely to create a memory leak.
May 10, 2017 10:16:04 PM org.apache.catalina.startup.HostConfig deployWAR
INFO: Deploying web application archive /usr/local/tomcat/webapps/ROOT.war
May 10, 2017 10:16:05 PM org.apache.catalina.startup.HostConfig deployWAR
INFO: Deployment of web application archive /usr/local/tomcat/webapps/ROOT.war has finished in 507 ms
May 10, 2017 10:18:23 PM org.apache.catalina.startup.HostConfig undeploy
INFO: Undeploying context []
May 10, 2017 10:18:23 PM org.apache.catalina.startup.HostConfig deployWAR
INFO: Deploying web application archive /usr/local/tomcat/webapps/ROOT.war
May 10, 2017 10:18:23 PM org.apache.catalina.startup.HostConfig deployWAR
INFO: Deployment of web application archive /usr/local/tomcat/webapps/ROOT.war has finished in 249 ms
May 10, 2017 10:19:13 PM org.apache.catalina.startup.HostConfig undeploy
INFO: Undeploying context []
May 10, 2017 10:19:13 PM org.apache.catalina.loader.WebappClassLoaderBase clearReferencesJdbc
SEVERE: The web application [] registered the JDBC driver [com.mysql.jdbc.Driver] but failed to unregister it when the web application was stopped. To prevent a memory leak, the JDBC Driver has been forcibly unregistered.
May 10, 2017 10:19:13 PM org.apache.catalina.loader.WebappClassLoaderBase clearReferencesThreads
SEVERE: The web application [] appears to have started a thread named [MySQL Statement Cancellation Timer] but has failed to stop it. This is very likely to create a memory leak.
May 10, 2017 10:19:13 PM org.apache.catalina.startup.HostConfig deployWAR
INFO: Deploying web application archive /usr/local/tomcat/webapps/ROOT.war
May 10, 2017 10:19:13 PM org.apache.catalina.startup.HostConfig deployWAR
INFO: Deployment of web application archive /usr/local/tomcat/webapps/ROOT.war has finished in 347 ms
May 10, 2017 10:19:41 PM org.apache.catalina.startup.HostConfig undeploy
INFO: Undeploying context []
May 10, 2017 10:19:42 PM org.apache.catalina.startup.HostConfig deployWAR
INFO: Deploying web application archive /usr/local/tomcat/webapps/ROOT.war
May 10, 2017 10:19:42 PM org.apache.catalina.startup.HostConfig deployWAR
INFO: Deployment of web application archive /usr/local/tomcat/webapps/ROOT.war has finished in 494 ms
May 10, 2017 10:21:49 PM org.apache.catalina.startup.HostConfig undeploy
INFO: Undeploying context []
May 10, 2017 10:21:49 PM org.apache.catalina.loader.WebappClassLoaderBase clearReferencesJdbc
SEVERE: The web application [] registered the JDBC driver [com.mysql.jdbc.Driver] but failed to unregister it when the web application was stopped. To prevent a memory leak, the JDBC Driver has been forcibly unregistered.
May 10, 2017 10:21:49 PM org.apache.catalina.loader.WebappClassLoaderBase clearReferencesThreads
SEVERE: The web application [] appears to have started a thread named [MySQL Statement Cancellation Timer] but has failed to stop it. This is very likely to create a memory leak.
May 10, 2017 10:21:49 PM org.apache.catalina.startup.HostConfig deployWAR
INFO: Deploying web application archive /usr/local/tomcat/webapps/ROOT.war
May 10, 2017 10:21:49 PM org.apache.catalina.startup.HostConfig deployWAR
INFO: Deployment of web application archive /usr/local/tomcat/webapps/ROOT.war has finished in 230 ms
May 10, 2017 10:23:04 PM org.apache.catalina.startup.HostConfig undeploy
INFO: Undeploying context []
May 10, 2017 10:23:04 PM org.apache.catalina.loader.WebappClassLoaderBase clearReferencesJdbc
SEVERE: The web application [] registered the JDBC driver [com.mysql.jdbc.Driver] but failed to unregister it when the web application was stopped. To prevent a memory leak, the JDBC Driver has been forcibly unregistered.
May 10, 2017 10:23:04 PM org.apache.catalina.loader.WebappClassLoaderBase clearReferencesThreads
SEVERE: The web application [] appears to have started a thread named [MySQL Statement Cancellation Timer] but has failed to stop it. This is very likely to create a memory leak.
May 10, 2017 10:23:04 PM org.apache.catalina.startup.HostConfig deployWAR
INFO: Deploying web application archive /usr/local/tomcat/webapps/ROOT.war
May 10, 2017 10:23:05 PM org.apache.catalina.startup.HostConfig deployWAR
INFO: Deployment of web application archive /usr/local/tomcat/webapps/ROOT.war has finished in 268 ms
May 10, 2017 10:24:25 PM org.apache.catalina.startup.HostConfig undeploy
INFO: Undeploying context []
May 10, 2017 10:24:25 PM org.apache.catalina.loader.WebappClassLoaderBase clearReferencesJdbc
SEVERE: The web application [] registered the JDBC driver [com.mysql.jdbc.Driver] but failed to unregister it when the web application was stopped. To prevent a memory leak, the JDBC Driver has been forcibly unregistered.
May 10, 2017 10:24:25 PM org.apache.catalina.loader.WebappClassLoaderBase clearReferencesThreads
SEVERE: The web application [] appears to have started a thread named [MySQL Statement Cancellation Timer] but has failed to stop it. This is very likely to create a memory leak.
May 10, 2017 10:24:25 PM org.apache.catalina.startup.HostConfig deployWAR
INFO: Deploying web application archive /usr/local/tomcat/webapps/ROOT.war
May 10, 2017 10:24:26 PM org.apache.catalina.startup.HostConfig deployWAR
INFO: Deployment of web application archive /usr/local/tomcat/webapps/ROOT.war has finished in 264 ms
May 10, 2017 10:30:26 PM org.apache.catalina.startup.HostConfig undeploy
INFO: Undeploying context []
May 10, 2017 10:30:26 PM org.apache.catalina.loader.WebappClassLoaderBase clearReferencesJdbc
SEVERE: The web application [] registered the JDBC driver [com.mysql.jdbc.Driver] but failed to unregister it when the web application was stopped. To prevent a memory leak, the JDBC Driver has been forcibly unregistered.
May 10, 2017 10:30:26 PM org.apache.catalina.loader.WebappClassLoaderBase clearReferencesThreads
SEVERE: The web application [] appears to have started a thread named [MySQL Statement Cancellation Timer] but has failed to stop it. This is very likely to create a memory leak.
May 10, 2017 10:30:26 PM org.apache.catalina.startup.HostConfig deployWAR
INFO: Deploying web application archive /usr/local/tomcat/webapps/ROOT.war
May 10, 2017 10:30:26 PM org.apache.catalina.startup.HostConfig deployWAR
INFO: Deployment of web application archive /usr/local/tomcat/webapps/ROOT.war has finished in 446 ms
May 10, 2017 10:34:45 PM org.apache.catalina.startup.HostConfig undeploy
INFO: Undeploying context []
May 10, 2017 10:34:45 PM org.apache.catalina.loader.WebappClassLoaderBase clearReferencesJdbc
SEVERE: The web application [] registered the JDBC driver [com.mysql.jdbc.Driver] but failed to unregister it when the web application was stopped. To prevent a memory leak, the JDBC Driver has been forcibly unregistered.
May 10, 2017 10:34:45 PM org.apache.catalina.loader.WebappClassLoaderBase clearReferencesThreads
SEVERE: The web application [] appears to have started a thread named [MySQL Statement Cancellation Timer] but has failed to stop it. This is very likely to create a memory leak.
May 10, 2017 10:34:45 PM org.apache.catalina.startup.HostConfig deployWAR
INFO: Deploying web application archive /usr/local/tomcat/webapps/ROOT.war
May 10, 2017 10:34:45 PM org.apache.catalina.startup.HostConfig deployWAR
INFO: Deployment of web application archive /usr/local/tomcat/webapps/ROOT.war has finished in 275 ms
May 10, 2017 10:40:26 PM org.apache.catalina.startup.HostConfig undeploy
INFO: Undeploying context []
May 10, 2017 10:40:26 PM org.apache.catalina.startup.HostConfig deployWAR
INFO: Deploying web application archive /usr/local/tomcat/webapps/ROOT.war
May 10, 2017 10:40:27 PM org.apache.catalina.startup.HostConfig deployWAR
INFO: Deployment of web application archive /usr/local/tomcat/webapps/ROOT.war has finished in 210 ms
May 10, 2017 10:43:07 PM org.apache.catalina.startup.HostConfig undeploy
INFO: Undeploying context []
May 10, 2017 10:43:07 PM org.apache.catalina.loader.WebappClassLoaderBase clearReferencesJdbc
SEVERE: The web application [] registered the JDBC driver [com.mysql.jdbc.Driver] but failed to unregister it when the web application was stopped. To prevent a memory leak, the JDBC Driver has been forcibly unregistered.
May 10, 2017 10:43:07 PM org.apache.catalina.loader.WebappClassLoaderBase clearReferencesThreads
SEVERE: The web application [] appears to have started a thread named [MySQL Statement Cancellation Timer] but has failed to stop it. This is very likely to create a memory leak.
May 10, 2017 10:43:07 PM org.apache.catalina.startup.HostConfig deployWAR
INFO: Deploying web application archive /usr/local/tomcat/webapps/ROOT.war
May 10, 2017 10:43:07 PM org.apache.catalina.startup.HostConfig deployWAR
INFO: Deployment of web application archive /usr/local/tomcat/webapps/ROOT.war has finished in 257 ms
May 10, 2017 10:46:15 PM org.apache.catalina.startup.HostConfig undeploy
INFO: Undeploying context []
May 10, 2017 10:46:15 PM org.apache.catalina.loader.WebappClassLoaderBase clearReferencesJdbc
SEVERE: The web application [] registered the JDBC driver [com.mysql.jdbc.Driver] but failed to unregister it when the web application was stopped. To prevent a memory leak, the JDBC Driver has been forcibly unregistered.
May 10, 2017 10:46:15 PM org.apache.catalina.loader.WebappClassLoaderBase clearReferencesThreads
SEVERE: The web application [] appears to have started a thread named [MySQL Statement Cancellation Timer] but has failed to stop it. This is very likely to create a memory leak.
May 10, 2017 10:46:15 PM org.apache.catalina.startup.HostConfig deployWAR
INFO: Deploying web application archive /usr/local/tomcat/webapps/ROOT.war
May 10, 2017 10:46:15 PM org.apache.catalina.startup.HostConfig deployWAR
INFO: Deployment of web application archive /usr/local/tomcat/webapps/ROOT.war has finished in 205 ms
May 10, 2017 10:49:45 PM org.apache.catalina.startup.HostConfig undeploy
INFO: Undeploying context []
May 10, 2017 10:49:45 PM org.apache.catalina.startup.HostConfig deployWAR
INFO: Deploying web application archive /usr/local/tomcat/webapps/ROOT.war
May 10, 2017 10:49:46 PM org.apache.catalina.startup.HostConfig deployWAR
INFO: Deployment of web application archive /usr/local/tomcat/webapps/ROOT.war has finished in 213 ms
May 10, 2017 10:51:01 PM org.apache.catalina.startup.HostConfig undeploy
INFO: Undeploying context []
May 10, 2017 10:51:01 PM org.apache.catalina.loader.WebappClassLoaderBase clearReferencesJdbc
SEVERE: The web application [] registered the JDBC driver [com.mysql.jdbc.Driver] but failed to unregister it when the web application was stopped. To prevent a memory leak, the JDBC Driver has been forcibly unregistered.
May 10, 2017 10:51:01 PM org.apache.catalina.loader.WebappClassLoaderBase clearReferencesThreads
SEVERE: The web application [] appears to have started a thread named [MySQL Statement Cancellation Timer] but has failed to stop it. This is very likely to create a memory leak.
May 10, 2017 10:51:01 PM org.apache.catalina.startup.HostConfig deployWAR
INFO: Deploying web application archive /usr/local/tomcat/webapps/ROOT.war
May 10, 2017 10:51:01 PM org.apache.catalina.startup.HostConfig deployWAR
INFO: Deployment of web application archive /usr/local/tomcat/webapps/ROOT.war has finished in 304 ms
May 10, 2017 10:51:57 PM org.apache.catalina.startup.HostConfig undeploy
INFO: Undeploying context []
May 10, 2017 10:51:57 PM org.apache.catalina.loader.WebappClassLoaderBase clearReferencesJdbc
SEVERE: The web application [] registered the JDBC driver [com.mysql.jdbc.Driver] but failed to unregister it when the web application was stopped. To prevent a memory leak, the JDBC Driver has been forcibly unregistered.
May 10, 2017 10:51:57 PM org.apache.catalina.loader.WebappClassLoaderBase clearReferencesThreads
SEVERE: The web application [] appears to have started a thread named [MySQL Statement Cancellation Timer] but has failed to stop it. This is very likely to create a memory leak.
May 10, 2017 10:51:57 PM org.apache.catalina.startup.HostConfig deployWAR
INFO: Deploying web application archive /usr/local/tomcat/webapps/ROOT.war
May 10, 2017 10:51:57 PM org.apache.catalina.startup.HostConfig deployWAR
INFO: Deployment of web application archive /usr/local/tomcat/webapps/ROOT.war has finished in 223 ms
May 10, 2017 10:52:24 PM org.apache.catalina.startup.HostConfig undeploy
INFO: Undeploying context []
May 10, 2017 10:52:24 PM org.apache.catalina.startup.HostConfig deployWAR
INFO: Deploying web application archive /usr/local/tomcat/webapps/ROOT.war
May 10, 2017 10:52:24 PM org.apache.catalina.startup.HostConfig deployWAR
INFO: Deployment of web application archive /usr/local/tomcat/webapps/ROOT.war has finished in 301 ms
May 10, 2017 10:52:41 PM org.apache.catalina.startup.HostConfig undeploy
INFO: Undeploying context []
May 10, 2017 10:52:42 PM org.apache.catalina.startup.HostConfig deployWAR
INFO: Deploying web application archive /usr/local/tomcat/webapps/ROOT.war
May 10, 2017 10:52:42 PM org.apache.catalina.startup.HostConfig deployWAR
INFO: Deployment of web application archive /usr/local/tomcat/webapps/ROOT.war has finished in 265 ms
May 10, 2017 10:53:32 PM org.apache.catalina.startup.HostConfig undeploy
INFO: Undeploying context []
May 10, 2017 10:53:32 PM org.apache.catalina.startup.HostConfig deployWAR
INFO: Deploying web application archive /usr/local/tomcat/webapps/ROOT.war
May 10, 2017 10:53:32 PM org.apache.catalina.startup.HostConfig deployWAR
INFO: Deployment of web application archive /usr/local/tomcat/webapps/ROOT.war has finished in 317 ms
May 10, 2017 10:56:16 PM org.apache.catalina.startup.HostConfig undeploy
INFO: Undeploying context []
May 10, 2017 10:56:16 PM org.apache.catalina.startup.HostConfig deployWAR
INFO: Deploying web application archive /usr/local/tomcat/webapps/ROOT.war
May 10, 2017 10:56:16 PM org.apache.catalina.startup.HostConfig deployWAR
INFO: Deployment of web application archive /usr/local/tomcat/webapps/ROOT.war has finished in 266 ms
May 10, 2017 10:56:43 PM org.apache.catalina.startup.HostConfig undeploy
INFO: Undeploying context []
May 10, 2017 10:56:43 PM org.apache.catalina.startup.HostConfig deployWAR
INFO: Deploying web application archive /usr/local/tomcat/webapps/ROOT.war
May 10, 2017 10:56:44 PM org.apache.catalina.startup.HostConfig deployWAR
INFO: Deployment of web application archive /usr/local/tomcat/webapps/ROOT.war has finished in 277 ms
May 10, 2017 10:57:22 PM org.apache.catalina.startup.HostConfig undeploy
INFO: Undeploying context []
May 10, 2017 10:57:22 PM org.apache.catalina.startup.HostConfig deployWAR
INFO: Deploying web application archive /usr/local/tomcat/webapps/ROOT.war
May 10, 2017 10:57:22 PM org.apache.catalina.startup.HostConfig deployWAR
INFO: Deployment of web application archive /usr/local/tomcat/webapps/ROOT.war has finished in 230 ms
May 10, 2017 11:00:56 PM org.apache.catalina.startup.HostConfig undeploy
INFO: Undeploying context []
May 10, 2017 11:00:56 PM org.apache.catalina.startup.HostConfig deployWAR
INFO: Deploying web application archive /usr/local/tomcat/webapps/ROOT.war
May 10, 2017 11:00:56 PM org.apache.catalina.startup.HostConfig deployWAR
INFO: Deployment of web application archive /usr/local/tomcat/webapps/ROOT.war has finished in 226 ms
May 10, 2017 11:01:27 PM org.apache.catalina.startup.HostConfig undeploy
INFO: Undeploying context []
May 10, 2017 11:01:27 PM org.apache.catalina.startup.HostConfig deployWAR
INFO: Deploying web application archive /usr/local/tomcat/webapps/ROOT.war
May 10, 2017 11:01:27 PM org.apache.catalina.startup.HostConfig deployWAR
INFO: Deployment of web application archive /usr/local/tomcat/webapps/ROOT.war has finished in 309 ms
May 10, 2017 11:05:11 PM org.apache.coyote.AbstractProtocol pause
INFO: Pausing ProtocolHandler ["http-apr-8080"]
May 10, 2017 11:05:12 PM org.apache.coyote.AbstractProtocol pause
INFO: Pausing ProtocolHandler ["ajp-apr-8009"]
May 10, 2017 11:05:12 PM org.apache.catalina.core.StandardService stopInternal
INFO: Stopping service Catalina
May 10, 2017 11:05:16 PM org.apache.catalina.loader.WebappClassLoaderBase clearReferencesJdbc
SEVERE: The web application [] registered the JDBC driver [com.mysql.jdbc.Driver] but failed to unregister it when the web application was stopped. To prevent a memory leak, the JDBC Driver has been forcibly unregistered.
May 10, 2017 11:05:16 PM org.apache.catalina.loader.WebappClassLoaderBase clearReferencesThreads
SEVERE: The web application [] appears to have started a thread named [MySQL Statement Cancellation Timer] but has failed to stop it. This is very likely to create a memory leak.
May 10, 2017 11:05:17 PM org.apache.coyote.AbstractProtocol stop
INFO: Stopping ProtocolHandler ["http-apr-8080"]
May 10, 2017 11:05:18 PM org.apache.coyote.AbstractProtocol stop
INFO: Stopping ProtocolHandler ["ajp-apr-8009"]
May 10, 2017 11:05:18 PM org.apache.coyote.AbstractProtocol destroy
INFO: Destroying ProtocolHandler ["http-apr-8080"]
May 10, 2017 11:05:18 PM org.apache.coyote.AbstractProtocol destroy
INFO: Destroying ProtocolHandler ["ajp-apr-8009"]
