Apr 29, 2017 7:07:57 AM org.apache.catalina.startup.VersionLoggerListener log
INFO: Server version:        Apache Tomcat/7.0.75
Apr 29, 2017 7:07:57 AM org.apache.catalina.startup.VersionLoggerListener log
INFO: Server built:          Jan 18 2017 20:54:42 UTC
Apr 29, 2017 7:07:57 AM org.apache.catalina.startup.VersionLoggerListener log
INFO: Server number:         7.0.75.0
Apr 29, 2017 7:07:57 AM org.apache.catalina.startup.VersionLoggerListener log
INFO: OS Name:               Linux
Apr 29, 2017 7:07:57 AM org.apache.catalina.startup.VersionLoggerListener log
INFO: OS Version:            4.4.0-75-generic
Apr 29, 2017 7:07:57 AM org.apache.catalina.startup.VersionLoggerListener log
INFO: Architecture:          amd64
Apr 29, 2017 7:07:57 AM org.apache.catalina.startup.VersionLoggerListener log
INFO: Java Home:             /usr/lib/jvm/java-8-openjdk-amd64/jre
Apr 29, 2017 7:07:57 AM org.apache.catalina.startup.VersionLoggerListener log
INFO: JVM Version:           1.8.0_121-8u121-b13-1~bpo8+1-b13
Apr 29, 2017 7:07:57 AM org.apache.catalina.startup.VersionLoggerListener log
INFO: JVM Vendor:            Oracle Corporation
Apr 29, 2017 7:07:57 AM org.apache.catalina.startup.VersionLoggerListener log
INFO: CATALINA_BASE:         /usr/local/tomcat
Apr 29, 2017 7:07:57 AM org.apache.catalina.startup.VersionLoggerListener log
INFO: CATALINA_HOME:         /usr/local/tomcat
Apr 29, 2017 7:07:57 AM org.apache.catalina.startup.VersionLoggerListener log
INFO: Command line argument: -Djava.util.logging.config.file=/usr/local/tomcat/conf/logging.properties
Apr 29, 2017 7:07:57 AM org.apache.catalina.startup.VersionLoggerListener log
INFO: Command line argument: -Djava.util.logging.manager=org.apache.juli.ClassLoaderLogManager
Apr 29, 2017 7:07:57 AM org.apache.catalina.startup.VersionLoggerListener log
INFO: Command line argument: -Djdk.tls.ephemeralDHKeySize=2048
Apr 29, 2017 7:07:57 AM org.apache.catalina.startup.VersionLoggerListener log
INFO: Command line argument: -Djava.endorsed.dirs=/usr/local/tomcat/endorsed
Apr 29, 2017 7:07:57 AM org.apache.catalina.startup.VersionLoggerListener log
INFO: Command line argument: -Dcatalina.base=/usr/local/tomcat
Apr 29, 2017 7:07:57 AM org.apache.catalina.startup.VersionLoggerListener log
INFO: Command line argument: -Dcatalina.home=/usr/local/tomcat
Apr 29, 2017 7:07:57 AM org.apache.catalina.startup.VersionLoggerListener log
INFO: Command line argument: -Djava.io.tmpdir=/usr/local/tomcat/temp
Apr 29, 2017 7:07:57 AM org.apache.catalina.core.AprLifecycleListener lifecycleEvent
INFO: Loaded APR based Apache Tomcat Native library 1.2.10 using APR version 1.5.1.
Apr 29, 2017 7:07:57 AM org.apache.catalina.core.AprLifecycleListener lifecycleEvent
INFO: APR capabilities: IPv6 [true], sendfile [true], accept filters [false], random [true].
Apr 29, 2017 7:07:57 AM org.apache.catalina.core.AprLifecycleListener initializeSSL
INFO: OpenSSL successfully initialized (OpenSSL 1.1.0d  26 Jan 2017)
Apr 29, 2017 7:07:58 AM org.apache.coyote.AbstractProtocol init
INFO: Initializing ProtocolHandler ["http-apr-8080"]
Apr 29, 2017 7:07:58 AM org.apache.coyote.AbstractProtocol init
INFO: Initializing ProtocolHandler ["ajp-apr-8009"]
Apr 29, 2017 7:07:58 AM org.apache.catalina.startup.Catalina load
INFO: Initialization processed in 5407 ms
Apr 29, 2017 7:07:58 AM org.apache.catalina.core.StandardService startInternal
INFO: Starting service Catalina
Apr 29, 2017 7:07:58 AM org.apache.catalina.core.StandardEngine startInternal
INFO: Starting Servlet Engine: Apache Tomcat/7.0.75
Apr 29, 2017 7:07:58 AM org.apache.catalina.startup.HostConfig deployWAR
INFO: Deploying web application archive /usr/local/tomcat/webapps/ROOT.war
Apr 29, 2017 7:08:00 AM org.apache.catalina.util.SessionIdGeneratorBase createSecureRandom
INFO: Creation of SecureRandom instance for session ID generation using [SHA1PRNG] took [132] milliseconds.
Apr 29, 2017 7:08:01 AM org.apache.catalina.startup.HostConfig deployWAR
INFO: Deployment of web application archive /usr/local/tomcat/webapps/ROOT.war has finished in 2,493 ms
Apr 29, 2017 7:08:01 AM org.apache.catalina.startup.HostConfig deployDirectory
INFO: Deploying web application directory /usr/local/tomcat/webapps/examples
Apr 29, 2017 7:08:01 AM org.apache.catalina.startup.HostConfig deployDirectory
INFO: Deployment of web application directory /usr/local/tomcat/webapps/examples has finished in 534 ms
Apr 29, 2017 7:08:01 AM org.apache.catalina.startup.HostConfig deployDirectory
INFO: Deploying web application directory /usr/local/tomcat/webapps/manager
Apr 29, 2017 7:08:01 AM org.apache.catalina.startup.HostConfig deployDirectory
INFO: Deployment of web application directory /usr/local/tomcat/webapps/manager has finished in 134 ms
Apr 29, 2017 7:08:01 AM org.apache.catalina.startup.HostConfig deployDirectory
INFO: Deploying web application directory /usr/local/tomcat/webapps/docs
Apr 29, 2017 7:08:02 AM org.apache.catalina.startup.HostConfig deployDirectory
INFO: Deployment of web application directory /usr/local/tomcat/webapps/docs has finished in 97 ms
Apr 29, 2017 7:08:02 AM org.apache.catalina.startup.HostConfig deployDirectory
INFO: Deploying web application directory /usr/local/tomcat/webapps/host-manager
Apr 29, 2017 7:08:02 AM org.apache.catalina.startup.HostConfig deployDirectory
INFO: Deployment of web application directory /usr/local/tomcat/webapps/host-manager has finished in 64 ms
Apr 29, 2017 7:08:02 AM org.apache.coyote.AbstractProtocol start
INFO: Starting ProtocolHandler ["http-apr-8080"]
Apr 29, 2017 7:08:02 AM org.apache.coyote.AbstractProtocol start
INFO: Starting ProtocolHandler ["ajp-apr-8009"]
Apr 29, 2017 7:08:02 AM org.apache.catalina.startup.Catalina start
INFO: Server startup in 3793 ms
Apr 29, 2017 7:09:03 AM org.apache.catalina.startup.HostConfig undeploy
INFO: Undeploying context []
Apr 29, 2017 7:09:03 AM org.apache.catalina.startup.HostConfig deployWAR
INFO: Deploying web application archive /usr/local/tomcat/webapps/ROOT.war
Apr 29, 2017 7:09:03 AM org.apache.catalina.startup.HostConfig deployWAR
INFO: Deployment of web application archive /usr/local/tomcat/webapps/ROOT.war has finished in 294 ms
Apr 29, 2017 7:09:58 AM org.apache.coyote.AbstractProtocol pause
INFO: Pausing ProtocolHandler ["http-apr-8080"]
Apr 29, 2017 7:09:58 AM org.apache.coyote.AbstractProtocol pause
INFO: Pausing ProtocolHandler ["ajp-apr-8009"]
Apr 29, 2017 7:09:58 AM org.apache.catalina.core.StandardService stopInternal
INFO: Stopping service Catalina
Apr 29, 2017 7:09:58 AM org.apache.catalina.loader.WebappClassLoaderBase clearReferencesJdbc
SEVERE: The web application [] registered the JDBC driver [com.mysql.jdbc.Driver] but failed to unregister it when the web application was stopped. To prevent a memory leak, the JDBC Driver has been forcibly unregistered.
Apr 29, 2017 7:09:58 AM org.apache.catalina.loader.WebappClassLoaderBase clearReferencesThreads
SEVERE: The web application [] appears to have started a thread named [MySQL Statement Cancellation Timer] but has failed to stop it. This is very likely to create a memory leak.
Apr 29, 2017 7:09:58 AM org.apache.coyote.AbstractProtocol stop
INFO: Stopping ProtocolHandler ["http-apr-8080"]
Apr 29, 2017 7:09:58 AM org.apache.coyote.AbstractProtocol stop
INFO: Stopping ProtocolHandler ["ajp-apr-8009"]
Apr 29, 2017 7:09:58 AM org.apache.coyote.AbstractProtocol destroy
INFO: Destroying ProtocolHandler ["http-apr-8080"]
Apr 29, 2017 7:09:58 AM org.apache.coyote.AbstractProtocol destroy
INFO: Destroying ProtocolHandler ["ajp-apr-8009"]
Apr 29, 2017 7:10:06 AM org.apache.catalina.startup.VersionLoggerListener log
INFO: Server version:        Apache Tomcat/7.0.75
Apr 29, 2017 7:10:06 AM org.apache.catalina.startup.VersionLoggerListener log
INFO: Server built:          Jan 18 2017 20:54:42 UTC
Apr 29, 2017 7:10:06 AM org.apache.catalina.startup.VersionLoggerListener log
INFO: Server number:         7.0.75.0
Apr 29, 2017 7:10:06 AM org.apache.catalina.startup.VersionLoggerListener log
INFO: OS Name:               Linux
Apr 29, 2017 7:10:06 AM org.apache.catalina.startup.VersionLoggerListener log
INFO: OS Version:            4.4.0-75-generic
Apr 29, 2017 7:10:06 AM org.apache.catalina.startup.VersionLoggerListener log
INFO: Architecture:          amd64
Apr 29, 2017 7:10:06 AM org.apache.catalina.startup.VersionLoggerListener log
INFO: Java Home:             /usr/lib/jvm/java-8-openjdk-amd64/jre
Apr 29, 2017 7:10:06 AM org.apache.catalina.startup.VersionLoggerListener log
INFO: JVM Version:           1.8.0_121-8u121-b13-1~bpo8+1-b13
Apr 29, 2017 7:10:06 AM org.apache.catalina.startup.VersionLoggerListener log
INFO: JVM Vendor:            Oracle Corporation
Apr 29, 2017 7:10:06 AM org.apache.catalina.startup.VersionLoggerListener log
INFO: CATALINA_BASE:         /usr/local/tomcat
Apr 29, 2017 7:10:06 AM org.apache.catalina.startup.VersionLoggerListener log
INFO: CATALINA_HOME:         /usr/local/tomcat
Apr 29, 2017 7:10:06 AM org.apache.catalina.startup.VersionLoggerListener log
INFO: Command line argument: -Djava.util.logging.config.file=/usr/local/tomcat/conf/logging.properties
Apr 29, 2017 7:10:06 AM org.apache.catalina.startup.VersionLoggerListener log
INFO: Command line argument: -Djava.util.logging.manager=org.apache.juli.ClassLoaderLogManager
Apr 29, 2017 7:10:06 AM org.apache.catalina.startup.VersionLoggerListener log
INFO: Command line argument: -Djdk.tls.ephemeralDHKeySize=2048
Apr 29, 2017 7:10:06 AM org.apache.catalina.startup.VersionLoggerListener log
INFO: Command line argument: -Djava.endorsed.dirs=/usr/local/tomcat/endorsed
Apr 29, 2017 7:10:06 AM org.apache.catalina.startup.VersionLoggerListener log
INFO: Command line argument: -Dcatalina.base=/usr/local/tomcat
Apr 29, 2017 7:10:06 AM org.apache.catalina.startup.VersionLoggerListener log
INFO: Command line argument: -Dcatalina.home=/usr/local/tomcat
Apr 29, 2017 7:10:06 AM org.apache.catalina.startup.VersionLoggerListener log
INFO: Command line argument: -Djava.io.tmpdir=/usr/local/tomcat/temp
Apr 29, 2017 7:10:06 AM org.apache.catalina.core.AprLifecycleListener lifecycleEvent
INFO: Loaded APR based Apache Tomcat Native library 1.2.10 using APR version 1.5.1.
Apr 29, 2017 7:10:06 AM org.apache.catalina.core.AprLifecycleListener lifecycleEvent
INFO: APR capabilities: IPv6 [true], sendfile [true], accept filters [false], random [true].
Apr 29, 2017 7:10:06 AM org.apache.catalina.core.AprLifecycleListener initializeSSL
INFO: OpenSSL successfully initialized (OpenSSL 1.1.0d  26 Jan 2017)
Apr 29, 2017 7:10:06 AM org.apache.coyote.AbstractProtocol init
INFO: Initializing ProtocolHandler ["http-apr-8080"]
Apr 29, 2017 7:10:06 AM org.apache.coyote.AbstractProtocol init
INFO: Initializing ProtocolHandler ["ajp-apr-8009"]
Apr 29, 2017 7:10:06 AM org.apache.catalina.startup.Catalina load
INFO: Initialization processed in 1024 ms
Apr 29, 2017 7:10:06 AM org.apache.catalina.core.StandardService startInternal
INFO: Starting service Catalina
Apr 29, 2017 7:10:06 AM org.apache.catalina.core.StandardEngine startInternal
INFO: Starting Servlet Engine: Apache Tomcat/7.0.75
Apr 29, 2017 7:10:06 AM org.apache.catalina.startup.HostConfig deployWAR
INFO: Deploying web application archive /usr/local/tomcat/webapps/ROOT.war
Apr 29, 2017 7:10:07 AM org.apache.catalina.startup.HostConfig deployWAR
INFO: Deployment of web application archive /usr/local/tomcat/webapps/ROOT.war has finished in 1,215 ms
Apr 29, 2017 7:10:07 AM org.apache.catalina.startup.HostConfig deployDirectory
INFO: Deploying web application directory /usr/local/tomcat/webapps/examples
Apr 29, 2017 7:10:08 AM org.apache.catalina.startup.HostConfig deployDirectory
INFO: Deployment of web application directory /usr/local/tomcat/webapps/examples has finished in 467 ms
Apr 29, 2017 7:10:08 AM org.apache.catalina.startup.HostConfig deployDirectory
INFO: Deploying web application directory /usr/local/tomcat/webapps/manager
Apr 29, 2017 7:10:08 AM org.apache.catalina.startup.HostConfig deployDirectory
INFO: Deployment of web application directory /usr/local/tomcat/webapps/manager has finished in 182 ms
Apr 29, 2017 7:10:08 AM org.apache.catalina.startup.HostConfig deployDirectory
INFO: Deploying web application directory /usr/local/tomcat/webapps/docs
Apr 29, 2017 7:10:08 AM org.apache.catalina.startup.HostConfig deployDirectory
INFO: Deployment of web application directory /usr/local/tomcat/webapps/docs has finished in 69 ms
Apr 29, 2017 7:10:08 AM org.apache.catalina.startup.HostConfig deployDirectory
INFO: Deploying web application directory /usr/local/tomcat/webapps/host-manager
Apr 29, 2017 7:10:08 AM org.apache.catalina.startup.HostConfig deployDirectory
INFO: Deployment of web application directory /usr/local/tomcat/webapps/host-manager has finished in 70 ms
Apr 29, 2017 7:10:08 AM org.apache.coyote.AbstractProtocol start
INFO: Starting ProtocolHandler ["http-apr-8080"]
Apr 29, 2017 7:10:08 AM org.apache.coyote.AbstractProtocol start
INFO: Starting ProtocolHandler ["ajp-apr-8009"]
Apr 29, 2017 7:10:08 AM org.apache.catalina.startup.Catalina start
INFO: Server startup in 2155 ms
Apr 29, 2017 7:11:21 AM org.apache.catalina.startup.HostConfig undeploy
INFO: Undeploying context []
Apr 29, 2017 7:11:21 AM org.apache.catalina.startup.HostConfig deployWAR
INFO: Deploying web application archive /usr/local/tomcat/webapps/ROOT.war
Apr 29, 2017 7:11:22 AM org.apache.catalina.startup.HostConfig deployWAR
INFO: Deployment of web application archive /usr/local/tomcat/webapps/ROOT.war has finished in 434 ms
Apr 29, 2017 7:25:59 AM org.apache.catalina.startup.HostConfig undeploy
INFO: Undeploying context []
Apr 29, 2017 7:25:59 AM org.apache.catalina.loader.WebappClassLoaderBase clearReferencesJdbc
SEVERE: The web application [] registered the JDBC driver [com.mysql.jdbc.Driver] but failed to unregister it when the web application was stopped. To prevent a memory leak, the JDBC Driver has been forcibly unregistered.
Apr 29, 2017 7:25:59 AM org.apache.catalina.loader.WebappClassLoaderBase clearReferencesThreads
SEVERE: The web application [] appears to have started a thread named [MySQL Statement Cancellation Timer] but has failed to stop it. This is very likely to create a memory leak.
Apr 29, 2017 7:26:00 AM org.apache.catalina.startup.HostConfig deployWAR
INFO: Deploying web application archive /usr/local/tomcat/webapps/ROOT.war
Apr 29, 2017 7:26:01 AM org.apache.catalina.startup.HostConfig deployWAR
INFO: Deployment of web application archive /usr/local/tomcat/webapps/ROOT.war has finished in 1,015 ms
Apr 29, 2017 7:30:21 AM org.apache.catalina.startup.HostConfig undeploy
INFO: Undeploying context []
Apr 29, 2017 7:30:21 AM org.apache.catalina.loader.WebappClassLoaderBase clearReferencesJdbc
SEVERE: The web application [] registered the JDBC driver [com.mysql.jdbc.Driver] but failed to unregister it when the web application was stopped. To prevent a memory leak, the JDBC Driver has been forcibly unregistered.
Apr 29, 2017 7:30:21 AM org.apache.catalina.loader.WebappClassLoaderBase clearReferencesThreads
SEVERE: The web application [] appears to have started a thread named [MySQL Statement Cancellation Timer] but has failed to stop it. This is very likely to create a memory leak.
Apr 29, 2017 7:30:22 AM org.apache.catalina.startup.HostConfig deployWAR
INFO: Deploying web application archive /usr/local/tomcat/webapps/ROOT.war
Apr 29, 2017 7:30:22 AM org.apache.catalina.startup.HostConfig deployWAR
INFO: Deployment of web application archive /usr/local/tomcat/webapps/ROOT.war has finished in 318 ms
Apr 29, 2017 7:31:22 AM org.apache.catalina.startup.HostConfig undeploy
INFO: Undeploying context []
Apr 29, 2017 7:31:22 AM org.apache.catalina.loader.WebappClassLoaderBase clearReferencesJdbc
SEVERE: The web application [] registered the JDBC driver [com.mysql.jdbc.Driver] but failed to unregister it when the web application was stopped. To prevent a memory leak, the JDBC Driver has been forcibly unregistered.
Apr 29, 2017 7:31:22 AM org.apache.catalina.loader.WebappClassLoaderBase clearReferencesThreads
SEVERE: The web application [] appears to have started a thread named [MySQL Statement Cancellation Timer] but has failed to stop it. This is very likely to create a memory leak.
Apr 29, 2017 7:31:22 AM org.apache.catalina.startup.HostConfig deployWAR
INFO: Deploying web application archive /usr/local/tomcat/webapps/ROOT.war
Apr 29, 2017 7:31:22 AM org.apache.catalina.startup.HostConfig deployWAR
INFO: Deployment of web application archive /usr/local/tomcat/webapps/ROOT.war has finished in 221 ms
Apr 29, 2017 7:50:48 AM org.apache.catalina.startup.HostConfig undeploy
INFO: Undeploying context []
Apr 29, 2017 7:50:48 AM org.apache.catalina.loader.WebappClassLoaderBase clearReferencesJdbc
SEVERE: The web application [] registered the JDBC driver [com.mysql.jdbc.Driver] but failed to unregister it when the web application was stopped. To prevent a memory leak, the JDBC Driver has been forcibly unregistered.
Apr 29, 2017 7:50:48 AM org.apache.catalina.loader.WebappClassLoaderBase clearReferencesThreads
SEVERE: The web application [] appears to have started a thread named [MySQL Statement Cancellation Timer] but has failed to stop it. This is very likely to create a memory leak.
Apr 29, 2017 7:50:48 AM org.apache.catalina.loader.WebappClassLoaderBase checkThreadLocalMapForLeaks
SEVERE: The web application [] created a ThreadLocal with key of type [java.lang.ThreadLocal] (value [java.lang.ThreadLocal@56385fbe]) and a value of type [com.apea.training.parkWebsite.connection.mysql.MySqlDaoConnection] (value [com.apea.training.parkWebsite.connection.mysql.MySqlDaoConnection@61a2669e]) but failed to remove it when the web application was stopped. Threads are going to be renewed over time to try and avoid a probable memory leak.
Apr 29, 2017 7:50:48 AM org.apache.catalina.startup.HostConfig deployWAR
INFO: Deploying web application archive /usr/local/tomcat/webapps/ROOT.war
Apr 29, 2017 7:50:49 AM org.apache.catalina.startup.HostConfig deployWAR
INFO: Deployment of web application archive /usr/local/tomcat/webapps/ROOT.war has finished in 934 ms
Apr 29, 2017 7:53:56 AM org.apache.catalina.startup.HostConfig undeploy
INFO: Undeploying context []
Apr 29, 2017 7:53:56 AM org.apache.catalina.loader.WebappClassLoaderBase clearReferencesJdbc
SEVERE: The web application [] registered the JDBC driver [com.mysql.jdbc.Driver] but failed to unregister it when the web application was stopped. To prevent a memory leak, the JDBC Driver has been forcibly unregistered.
Apr 29, 2017 7:53:56 AM org.apache.catalina.loader.WebappClassLoaderBase clearReferencesThreads
SEVERE: The web application [] appears to have started a thread named [MySQL Statement Cancellation Timer] but has failed to stop it. This is very likely to create a memory leak.
Apr 29, 2017 7:53:56 AM org.apache.catalina.startup.HostConfig deployWAR
INFO: Deploying web application archive /usr/local/tomcat/webapps/ROOT.war
Apr 29, 2017 7:53:57 AM org.apache.catalina.startup.HostConfig deployWAR
INFO: Deployment of web application archive /usr/local/tomcat/webapps/ROOT.war has finished in 335 ms
Apr 29, 2017 7:56:23 AM org.apache.catalina.startup.HostConfig undeploy
INFO: Undeploying context []
Apr 29, 2017 7:56:23 AM org.apache.catalina.loader.WebappClassLoaderBase clearReferencesJdbc
SEVERE: The web application [] registered the JDBC driver [com.mysql.jdbc.Driver] but failed to unregister it when the web application was stopped. To prevent a memory leak, the JDBC Driver has been forcibly unregistered.
Apr 29, 2017 7:56:23 AM org.apache.catalina.loader.WebappClassLoaderBase clearReferencesThreads
SEVERE: The web application [] appears to have started a thread named [MySQL Statement Cancellation Timer] but has failed to stop it. This is very likely to create a memory leak.
Apr 29, 2017 7:56:23 AM org.apache.catalina.startup.HostConfig deployWAR
INFO: Deploying web application archive /usr/local/tomcat/webapps/ROOT.war
Apr 29, 2017 7:56:24 AM org.apache.catalina.startup.HostConfig deployWAR
INFO: Deployment of web application archive /usr/local/tomcat/webapps/ROOT.war has finished in 307 ms
Apr 29, 2017 8:04:25 AM org.apache.catalina.startup.HostConfig undeploy
INFO: Undeploying context []
Apr 29, 2017 8:04:25 AM org.apache.catalina.loader.WebappClassLoaderBase clearReferencesJdbc
SEVERE: The web application [] registered the JDBC driver [com.mysql.jdbc.Driver] but failed to unregister it when the web application was stopped. To prevent a memory leak, the JDBC Driver has been forcibly unregistered.
Apr 29, 2017 8:04:25 AM org.apache.catalina.loader.WebappClassLoaderBase clearReferencesThreads
SEVERE: The web application [] appears to have started a thread named [MySQL Statement Cancellation Timer] but has failed to stop it. This is very likely to create a memory leak.
Apr 29, 2017 8:04:25 AM org.apache.catalina.startup.HostConfig deployWAR
INFO: Deploying web application archive /usr/local/tomcat/webapps/ROOT.war
Apr 29, 2017 8:04:25 AM org.apache.catalina.startup.HostConfig deployWAR
INFO: Deployment of web application archive /usr/local/tomcat/webapps/ROOT.war has finished in 211 ms
Apr 29, 2017 8:12:22 AM org.apache.catalina.startup.HostConfig undeploy
INFO: Undeploying context []
Apr 29, 2017 8:12:22 AM org.apache.catalina.loader.WebappClassLoaderBase clearReferencesJdbc
SEVERE: The web application [] registered the JDBC driver [com.mysql.jdbc.Driver] but failed to unregister it when the web application was stopped. To prevent a memory leak, the JDBC Driver has been forcibly unregistered.
Apr 29, 2017 8:12:22 AM org.apache.catalina.loader.WebappClassLoaderBase clearReferencesThreads
SEVERE: The web application [] appears to have started a thread named [MySQL Statement Cancellation Timer] but has failed to stop it. This is very likely to create a memory leak.
Apr 29, 2017 8:12:22 AM org.apache.catalina.startup.HostConfig deployWAR
INFO: Deploying web application archive /usr/local/tomcat/webapps/ROOT.war
Apr 29, 2017 8:12:22 AM org.apache.catalina.startup.HostConfig deployWAR
INFO: Deployment of web application archive /usr/local/tomcat/webapps/ROOT.war has finished in 178 ms
Apr 29, 2017 8:16:34 AM org.apache.catalina.startup.HostConfig undeploy
INFO: Undeploying context []
Apr 29, 2017 8:16:34 AM org.apache.catalina.loader.WebappClassLoaderBase clearReferencesJdbc
SEVERE: The web application [] registered the JDBC driver [com.mysql.jdbc.Driver] but failed to unregister it when the web application was stopped. To prevent a memory leak, the JDBC Driver has been forcibly unregistered.
Apr 29, 2017 8:16:34 AM org.apache.catalina.loader.WebappClassLoaderBase clearReferencesThreads
SEVERE: The web application [] appears to have started a thread named [MySQL Statement Cancellation Timer] but has failed to stop it. This is very likely to create a memory leak.
Apr 29, 2017 8:16:34 AM org.apache.catalina.startup.HostConfig deployWAR
INFO: Deploying web application archive /usr/local/tomcat/webapps/ROOT.war
Apr 29, 2017 8:16:34 AM org.apache.catalina.startup.HostConfig deployWAR
INFO: Deployment of web application archive /usr/local/tomcat/webapps/ROOT.war has finished in 174 ms
Apr 29, 2017 8:19:46 AM org.apache.catalina.startup.HostConfig undeploy
INFO: Undeploying context []
Apr 29, 2017 8:19:46 AM org.apache.catalina.loader.WebappClassLoaderBase clearReferencesJdbc
SEVERE: The web application [] registered the JDBC driver [com.mysql.jdbc.Driver] but failed to unregister it when the web application was stopped. To prevent a memory leak, the JDBC Driver has been forcibly unregistered.
Apr 29, 2017 8:19:46 AM org.apache.catalina.loader.WebappClassLoaderBase clearReferencesThreads
SEVERE: The web application [] appears to have started a thread named [MySQL Statement Cancellation Timer] but has failed to stop it. This is very likely to create a memory leak.
Apr 29, 2017 8:19:46 AM org.apache.catalina.startup.HostConfig deployWAR
INFO: Deploying web application archive /usr/local/tomcat/webapps/ROOT.war
Apr 29, 2017 8:19:47 AM org.apache.catalina.startup.HostConfig deployWAR
INFO: Deployment of web application archive /usr/local/tomcat/webapps/ROOT.war has finished in 260 ms
Apr 29, 2017 9:34:28 AM org.apache.catalina.startup.HostConfig undeploy
INFO: Undeploying context []
Apr 29, 2017 9:34:28 AM org.apache.catalina.loader.WebappClassLoaderBase clearReferencesJdbc
SEVERE: The web application [] registered the JDBC driver [com.mysql.jdbc.Driver] but failed to unregister it when the web application was stopped. To prevent a memory leak, the JDBC Driver has been forcibly unregistered.
Apr 29, 2017 9:34:28 AM org.apache.catalina.loader.WebappClassLoaderBase clearReferencesThreads
SEVERE: The web application [] appears to have started a thread named [MySQL Statement Cancellation Timer] but has failed to stop it. This is very likely to create a memory leak.
Apr 29, 2017 9:34:29 AM org.apache.catalina.startup.HostConfig deployWAR
INFO: Deploying web application archive /usr/local/tomcat/webapps/ROOT.war
Apr 29, 2017 9:34:30 AM org.apache.catalina.startup.HostConfig deployWAR
INFO: Deployment of web application archive /usr/local/tomcat/webapps/ROOT.war has finished in 985 ms
Apr 29, 2017 9:37:01 AM org.apache.catalina.startup.HostConfig undeploy
INFO: Undeploying context []
Apr 29, 2017 9:37:01 AM org.apache.catalina.loader.WebappClassLoaderBase clearReferencesJdbc
SEVERE: The web application [] registered the JDBC driver [com.mysql.jdbc.Driver] but failed to unregister it when the web application was stopped. To prevent a memory leak, the JDBC Driver has been forcibly unregistered.
Apr 29, 2017 9:37:01 AM org.apache.catalina.loader.WebappClassLoaderBase clearReferencesThreads
SEVERE: The web application [] appears to have started a thread named [MySQL Statement Cancellation Timer] but has failed to stop it. This is very likely to create a memory leak.
Apr 29, 2017 9:37:01 AM org.apache.catalina.startup.HostConfig deployWAR
INFO: Deploying web application archive /usr/local/tomcat/webapps/ROOT.war
Apr 29, 2017 9:37:01 AM org.apache.catalina.startup.HostConfig deployWAR
INFO: Deployment of web application archive /usr/local/tomcat/webapps/ROOT.war has finished in 173 ms
Apr 29, 2017 9:38:37 AM org.apache.catalina.startup.HostConfig undeploy
INFO: Undeploying context []
Apr 29, 2017 9:38:37 AM org.apache.catalina.loader.WebappClassLoaderBase clearReferencesJdbc
SEVERE: The web application [] registered the JDBC driver [com.mysql.jdbc.Driver] but failed to unregister it when the web application was stopped. To prevent a memory leak, the JDBC Driver has been forcibly unregistered.
Apr 29, 2017 9:38:37 AM org.apache.catalina.loader.WebappClassLoaderBase clearReferencesThreads
SEVERE: The web application [] appears to have started a thread named [MySQL Statement Cancellation Timer] but has failed to stop it. This is very likely to create a memory leak.
Apr 29, 2017 9:38:37 AM org.apache.catalina.startup.HostConfig deployWAR
INFO: Deploying web application archive /usr/local/tomcat/webapps/ROOT.war
Apr 29, 2017 9:38:37 AM org.apache.catalina.startup.HostConfig deployWAR
INFO: Deployment of web application archive /usr/local/tomcat/webapps/ROOT.war has finished in 162 ms
Apr 29, 2017 9:41:10 AM org.apache.catalina.startup.HostConfig undeploy
INFO: Undeploying context []
Apr 29, 2017 9:41:10 AM org.apache.catalina.loader.WebappClassLoaderBase clearReferencesJdbc
SEVERE: The web application [] registered the JDBC driver [com.mysql.jdbc.Driver] but failed to unregister it when the web application was stopped. To prevent a memory leak, the JDBC Driver has been forcibly unregistered.
Apr 29, 2017 9:41:10 AM org.apache.catalina.loader.WebappClassLoaderBase clearReferencesThreads
SEVERE: The web application [] appears to have started a thread named [MySQL Statement Cancellation Timer] but has failed to stop it. This is very likely to create a memory leak.
Apr 29, 2017 9:41:10 AM org.apache.catalina.startup.HostConfig deployWAR
INFO: Deploying web application archive /usr/local/tomcat/webapps/ROOT.war
Apr 29, 2017 9:41:10 AM org.apache.catalina.startup.HostConfig deployWAR
INFO: Deployment of web application archive /usr/local/tomcat/webapps/ROOT.war has finished in 359 ms
Apr 29, 2017 9:43:27 AM org.apache.catalina.startup.HostConfig undeploy
INFO: Undeploying context []
Apr 29, 2017 9:43:27 AM org.apache.catalina.loader.WebappClassLoaderBase clearReferencesJdbc
SEVERE: The web application [] registered the JDBC driver [com.mysql.jdbc.Driver] but failed to unregister it when the web application was stopped. To prevent a memory leak, the JDBC Driver has been forcibly unregistered.
Apr 29, 2017 9:43:27 AM org.apache.catalina.loader.WebappClassLoaderBase clearReferencesThreads
SEVERE: The web application [] appears to have started a thread named [MySQL Statement Cancellation Timer] but has failed to stop it. This is very likely to create a memory leak.
Apr 29, 2017 9:43:27 AM org.apache.catalina.startup.HostConfig deployWAR
INFO: Deploying web application archive /usr/local/tomcat/webapps/ROOT.war
Apr 29, 2017 9:43:28 AM org.apache.catalina.startup.HostConfig deployWAR
INFO: Deployment of web application archive /usr/local/tomcat/webapps/ROOT.war has finished in 250 ms
Apr 29, 2017 9:44:39 AM org.apache.catalina.startup.HostConfig undeploy
INFO: Undeploying context []
Apr 29, 2017 9:44:39 AM org.apache.catalina.loader.WebappClassLoaderBase clearReferencesJdbc
SEVERE: The web application [] registered the JDBC driver [com.mysql.jdbc.Driver] but failed to unregister it when the web application was stopped. To prevent a memory leak, the JDBC Driver has been forcibly unregistered.
Apr 29, 2017 9:44:39 AM org.apache.catalina.loader.WebappClassLoaderBase clearReferencesThreads
SEVERE: The web application [] appears to have started a thread named [MySQL Statement Cancellation Timer] but has failed to stop it. This is very likely to create a memory leak.
Apr 29, 2017 9:44:39 AM org.apache.catalina.startup.HostConfig deployWAR
INFO: Deploying web application archive /usr/local/tomcat/webapps/ROOT.war
Apr 29, 2017 9:44:39 AM org.apache.catalina.startup.HostConfig deployWAR
INFO: Deployment of web application archive /usr/local/tomcat/webapps/ROOT.war has finished in 273 ms
Apr 29, 2017 10:09:11 AM org.apache.coyote.AbstractProtocol pause
INFO: Pausing ProtocolHandler ["http-apr-8080"]
Apr 29, 2017 10:09:11 AM org.apache.coyote.AbstractProtocol pause
INFO: Pausing ProtocolHandler ["ajp-apr-8009"]
Apr 29, 2017 10:09:11 AM org.apache.catalina.core.StandardService stopInternal
INFO: Stopping service Catalina
Apr 29, 2017 10:09:12 AM org.apache.catalina.loader.WebappClassLoaderBase clearReferencesJdbc
SEVERE: The web application [] registered the JDBC driver [com.mysql.jdbc.Driver] but failed to unregister it when the web application was stopped. To prevent a memory leak, the JDBC Driver has been forcibly unregistered.
Apr 29, 2017 10:09:12 AM org.apache.catalina.loader.WebappClassLoaderBase clearReferencesThreads
SEVERE: The web application [] appears to have started a thread named [MySQL Statement Cancellation Timer] but has failed to stop it. This is very likely to create a memory leak.
Apr 29, 2017 10:09:12 AM org.apache.coyote.AbstractProtocol stop
INFO: Stopping ProtocolHandler ["http-apr-8080"]
Apr 29, 2017 10:09:12 AM org.apache.coyote.AbstractProtocol stop
INFO: Stopping ProtocolHandler ["ajp-apr-8009"]
Apr 29, 2017 10:09:12 AM org.apache.coyote.AbstractProtocol destroy
INFO: Destroying ProtocolHandler ["http-apr-8080"]
Apr 29, 2017 10:09:12 AM org.apache.coyote.AbstractProtocol destroy
INFO: Destroying ProtocolHandler ["ajp-apr-8009"]
