May 06, 2017 11:03:04 AM org.apache.catalina.core.ApplicationContext log
INFO: ContextListener: contextInitialized()
May 06, 2017 11:03:04 AM org.apache.catalina.core.ApplicationContext log
INFO: SessionListener: contextInitialized()
May 06, 2017 11:03:04 AM org.apache.catalina.core.ApplicationContext log
INFO: ContextListener: attributeAdded('org.apache.jasper.compiler.TldLocationsCache', 'org.apache.jasper.compiler.TldLocationsCache@652de9f4')
May 06, 2017 11:22:12 AM org.apache.catalina.core.ApplicationDispatcher invoke
SEVERE: Servlet.service() for servlet jsp threw exception
javax.el.ELException: Cannot convert 2017-05-05T18:27:28Z of type class java.time.Instant to class java.util.Date
	at org.apache.el.lang.ELSupport.coerceToType(ELSupport.java:438)
	at org.apache.el.ValueExpressionImpl.getValue(ValueExpressionImpl.java:186)
	at org.apache.jasper.runtime.PageContextImpl.proprietaryEvaluate(PageContextImpl.java:950)
	at org.apache.jsp.WEB_002dINF.backend.tasks.taskList_jsp._jspx_meth_fmt_005fformatDate_005f0(taskList_jsp.java:1281)
	at org.apache.jsp.WEB_002dINF.backend.tasks.taskList_jsp._jspx_meth_c_005fforEach_005f1(taskList_jsp.java:1197)
	at org.apache.jsp.WEB_002dINF.backend.tasks.taskList_jsp._jspService(taskList_jsp.java:194)
	at org.apache.jasper.runtime.HttpJspBase.service(HttpJspBase.java:70)
	at javax.servlet.http.HttpServlet.service(HttpServlet.java:731)
	at org.apache.jasper.servlet.JspServletWrapper.service(JspServletWrapper.java:439)
	at org.apache.jasper.servlet.JspServlet.serviceJspFile(JspServlet.java:395)
	at org.apache.jasper.servlet.JspServlet.service(JspServlet.java:339)
	at javax.servlet.http.HttpServlet.service(HttpServlet.java:731)
	at org.apache.catalina.core.ApplicationFilterChain.internalDoFilter(ApplicationFilterChain.java:303)
	at org.apache.catalina.core.ApplicationFilterChain.doFilter(ApplicationFilterChain.java:208)
	at org.apache.tomcat.websocket.server.WsFilter.doFilter(WsFilter.java:52)
	at org.apache.catalina.core.ApplicationFilterChain.internalDoFilter(ApplicationFilterChain.java:241)
	at org.apache.catalina.core.ApplicationFilterChain.doFilter(ApplicationFilterChain.java:208)
	at org.apache.catalina.core.ApplicationDispatcher.invoke(ApplicationDispatcher.java:747)
	at org.apache.catalina.core.ApplicationDispatcher.processRequest(ApplicationDispatcher.java:485)
	at org.apache.catalina.core.ApplicationDispatcher.doForward(ApplicationDispatcher.java:410)
	at org.apache.catalina.core.ApplicationDispatcher.forward(ApplicationDispatcher.java:337)
	at com.apea.training.parkWebsite.controller.MainController.performForward(MainController.java:71)
	at com.apea.training.parkWebsite.controller.MainController.dispatch(MainController.java:50)
	at com.apea.training.parkWebsite.controller.MainController.handleRequest(MainController.java:36)
	at com.apea.training.parkWebsite.controller.MainController.doGet(MainController.java:22)
	at javax.servlet.http.HttpServlet.service(HttpServlet.java:624)
	at javax.servlet.http.HttpServlet.service(HttpServlet.java:731)
	at org.apache.catalina.core.ApplicationFilterChain.internalDoFilter(ApplicationFilterChain.java:303)
	at org.apache.catalina.core.ApplicationFilterChain.doFilter(ApplicationFilterChain.java:208)
	at org.apache.tomcat.websocket.server.WsFilter.doFilter(WsFilter.java:52)
	at org.apache.catalina.core.ApplicationFilterChain.internalDoFilter(ApplicationFilterChain.java:241)
	at org.apache.catalina.core.ApplicationFilterChain.doFilter(ApplicationFilterChain.java:208)
	at org.apache.catalina.core.StandardWrapperValve.invoke(StandardWrapperValve.java:218)
	at org.apache.catalina.core.StandardContextValve.invoke(StandardContextValve.java:110)
	at org.apache.catalina.authenticator.AuthenticatorBase.invoke(AuthenticatorBase.java:506)
	at org.apache.catalina.core.StandardHostValve.invoke(StandardHostValve.java:169)
	at org.apache.catalina.valves.ErrorReportValve.invoke(ErrorReportValve.java:103)
	at org.apache.catalina.valves.AccessLogValve.invoke(AccessLogValve.java:962)
	at org.apache.catalina.core.StandardEngineValve.invoke(StandardEngineValve.java:116)
	at org.apache.catalina.connector.CoyoteAdapter.service(CoyoteAdapter.java:452)
	at org.apache.coyote.http11.AbstractHttp11Processor.process(AbstractHttp11Processor.java:1087)
	at org.apache.coyote.AbstractProtocol$AbstractConnectionHandler.process(AbstractProtocol.java:637)
	at org.apache.tomcat.util.net.AprEndpoint$SocketProcessor.doRun(AprEndpoint.java:2536)
	at org.apache.tomcat.util.net.AprEndpoint$SocketProcessor.run(AprEndpoint.java:2525)
	at java.util.concurrent.ThreadPoolExecutor.runWorker(ThreadPoolExecutor.java:1142)
	at java.util.concurrent.ThreadPoolExecutor$Worker.run(ThreadPoolExecutor.java:617)
	at org.apache.tomcat.util.threads.TaskThread$WrappingRunnable.run(TaskThread.java:61)
	at java.lang.Thread.run(Thread.java:745)

May 06, 2017 11:33:14 AM org.apache.catalina.core.ApplicationDispatcher invoke
SEVERE: Servlet.service() for servlet jsp threw exception
javax.el.ELException: Cannot convert 1,494,008,848 of type class java.lang.Long to class java.util.Date
	at org.apache.el.lang.ELSupport.coerceToType(ELSupport.java:438)
	at org.apache.el.ValueExpressionImpl.getValue(ValueExpressionImpl.java:186)
	at org.apache.jasper.runtime.PageContextImpl.proprietaryEvaluate(PageContextImpl.java:950)
	at org.apache.jsp.WEB_002dINF.backend.tasks.taskList_jsp._jspx_meth_fmt_005fformatDate_005f0(taskList_jsp.java:1281)
	at org.apache.jsp.WEB_002dINF.backend.tasks.taskList_jsp._jspx_meth_c_005fforEach_005f1(taskList_jsp.java:1197)
	at org.apache.jsp.WEB_002dINF.backend.tasks.taskList_jsp._jspService(taskList_jsp.java:194)
	at org.apache.jasper.runtime.HttpJspBase.service(HttpJspBase.java:70)
	at javax.servlet.http.HttpServlet.service(HttpServlet.java:731)
	at org.apache.jasper.servlet.JspServletWrapper.service(JspServletWrapper.java:439)
	at org.apache.jasper.servlet.JspServlet.serviceJspFile(JspServlet.java:395)
	at org.apache.jasper.servlet.JspServlet.service(JspServlet.java:339)
	at javax.servlet.http.HttpServlet.service(HttpServlet.java:731)
	at org.apache.catalina.core.ApplicationFilterChain.internalDoFilter(ApplicationFilterChain.java:303)
	at org.apache.catalina.core.ApplicationFilterChain.doFilter(ApplicationFilterChain.java:208)
	at org.apache.tomcat.websocket.server.WsFilter.doFilter(WsFilter.java:52)
	at org.apache.catalina.core.ApplicationFilterChain.internalDoFilter(ApplicationFilterChain.java:241)
	at org.apache.catalina.core.ApplicationFilterChain.doFilter(ApplicationFilterChain.java:208)
	at org.apache.catalina.core.ApplicationDispatcher.invoke(ApplicationDispatcher.java:747)
	at org.apache.catalina.core.ApplicationDispatcher.processRequest(ApplicationDispatcher.java:485)
	at org.apache.catalina.core.ApplicationDispatcher.doForward(ApplicationDispatcher.java:410)
	at org.apache.catalina.core.ApplicationDispatcher.forward(ApplicationDispatcher.java:337)
	at com.apea.training.parkWebsite.controller.MainController.performForward(MainController.java:71)
	at com.apea.training.parkWebsite.controller.MainController.dispatch(MainController.java:50)
	at com.apea.training.parkWebsite.controller.MainController.handleRequest(MainController.java:36)
	at com.apea.training.parkWebsite.controller.MainController.doGet(MainController.java:22)
	at javax.servlet.http.HttpServlet.service(HttpServlet.java:624)
	at javax.servlet.http.HttpServlet.service(HttpServlet.java:731)
	at org.apache.catalina.core.ApplicationFilterChain.internalDoFilter(ApplicationFilterChain.java:303)
	at org.apache.catalina.core.ApplicationFilterChain.doFilter(ApplicationFilterChain.java:208)
	at org.apache.tomcat.websocket.server.WsFilter.doFilter(WsFilter.java:52)
	at org.apache.catalina.core.ApplicationFilterChain.internalDoFilter(ApplicationFilterChain.java:241)
	at org.apache.catalina.core.ApplicationFilterChain.doFilter(ApplicationFilterChain.java:208)
	at org.apache.catalina.core.StandardWrapperValve.invoke(StandardWrapperValve.java:218)
	at org.apache.catalina.core.StandardContextValve.invoke(StandardContextValve.java:110)
	at org.apache.catalina.authenticator.AuthenticatorBase.invoke(AuthenticatorBase.java:506)
	at org.apache.catalina.core.StandardHostValve.invoke(StandardHostValve.java:169)
	at org.apache.catalina.valves.ErrorReportValve.invoke(ErrorReportValve.java:103)
	at org.apache.catalina.valves.AccessLogValve.invoke(AccessLogValve.java:962)
	at org.apache.catalina.core.StandardEngineValve.invoke(StandardEngineValve.java:116)
	at org.apache.catalina.connector.CoyoteAdapter.service(CoyoteAdapter.java:452)
	at org.apache.coyote.http11.AbstractHttp11Processor.process(AbstractHttp11Processor.java:1087)
	at org.apache.coyote.AbstractProtocol$AbstractConnectionHandler.process(AbstractProtocol.java:637)
	at org.apache.tomcat.util.net.AprEndpoint$SocketProcessor.doRun(AprEndpoint.java:2536)
	at org.apache.tomcat.util.net.AprEndpoint$SocketProcessor.run(AprEndpoint.java:2525)
	at java.util.concurrent.ThreadPoolExecutor.runWorker(ThreadPoolExecutor.java:1142)
	at java.util.concurrent.ThreadPoolExecutor$Worker.run(ThreadPoolExecutor.java:617)
	at org.apache.tomcat.util.threads.TaskThread$WrappingRunnable.run(TaskThread.java:61)
	at java.lang.Thread.run(Thread.java:745)

May 06, 2017 12:31:07 PM org.apache.catalina.core.StandardWrapperValve invoke
SEVERE: Servlet.service() for servlet [MainController] in context with path [] threw exception
java.lang.NullPointerException
	at com.apea.training.parkWebsite.service.impl.TaskServiceImpl.getUserTasks(TaskServiceImpl.java:43)
	at com.apea.training.parkWebsite.controller.requestHandler.task.DisplayUserTasksHandler.handle(DisplayUserTasksHandler.java:19)
	at com.apea.training.parkWebsite.controller.MainController.handleRequest(MainController.java:35)
	at com.apea.training.parkWebsite.controller.MainController.doGet(MainController.java:22)
	at javax.servlet.http.HttpServlet.service(HttpServlet.java:624)
	at javax.servlet.http.HttpServlet.service(HttpServlet.java:731)
	at org.apache.catalina.core.ApplicationFilterChain.internalDoFilter(ApplicationFilterChain.java:303)
	at org.apache.catalina.core.ApplicationFilterChain.doFilter(ApplicationFilterChain.java:208)
	at org.apache.tomcat.websocket.server.WsFilter.doFilter(WsFilter.java:52)
	at org.apache.catalina.core.ApplicationFilterChain.internalDoFilter(ApplicationFilterChain.java:241)
	at org.apache.catalina.core.ApplicationFilterChain.doFilter(ApplicationFilterChain.java:208)
	at org.apache.catalina.core.StandardWrapperValve.invoke(StandardWrapperValve.java:218)
	at org.apache.catalina.core.StandardContextValve.invoke(StandardContextValve.java:110)
	at org.apache.catalina.authenticator.AuthenticatorBase.invoke(AuthenticatorBase.java:506)
	at org.apache.catalina.core.StandardHostValve.invoke(StandardHostValve.java:169)
	at org.apache.catalina.valves.ErrorReportValve.invoke(ErrorReportValve.java:103)
	at org.apache.catalina.valves.AccessLogValve.invoke(AccessLogValve.java:962)
	at org.apache.catalina.core.StandardEngineValve.invoke(StandardEngineValve.java:116)
	at org.apache.catalina.connector.CoyoteAdapter.service(CoyoteAdapter.java:452)
	at org.apache.coyote.http11.AbstractHttp11Processor.process(AbstractHttp11Processor.java:1087)
	at org.apache.coyote.AbstractProtocol$AbstractConnectionHandler.process(AbstractProtocol.java:637)
	at org.apache.tomcat.util.net.AprEndpoint$SocketWithOptionsProcessor.run(AprEndpoint.java:2473)
	at java.util.concurrent.ThreadPoolExecutor.runWorker(ThreadPoolExecutor.java:1142)
	at java.util.concurrent.ThreadPoolExecutor$Worker.run(ThreadPoolExecutor.java:617)
	at org.apache.tomcat.util.threads.TaskThread$WrappingRunnable.run(TaskThread.java:61)
	at java.lang.Thread.run(Thread.java:745)

May 06, 2017 12:33:13 PM org.apache.catalina.core.ApplicationContext log
INFO: SessionListener: contextDestroyed()
May 06, 2017 12:33:13 PM org.apache.catalina.core.ApplicationContext log
INFO: ContextListener: contextDestroyed()
