May 05, 2017 5:56:08 PM org.apache.catalina.core.ApplicationContext log
INFO: Manager: init: Associated with Deployer 'Catalina:type=Deployer,host=localhost'
May 05, 2017 5:56:08 PM org.apache.catalina.core.ApplicationContext log
INFO: Manager: init: Global resources are available
May 05, 2017 5:56:08 PM org.apache.catalina.core.ApplicationContext log
INFO: Manager: deploy: Deploying web application '/'
May 05, 2017 5:56:08 PM org.apache.catalina.core.ApplicationContext log
INFO: Manager: Uploading WAR file to /usr/local/tomcat/webapps/ROOT.war.tmp
May 05, 2017 6:21:30 PM org.apache.catalina.core.ApplicationContext log
INFO: Manager: deploy: Deploying web application '/'
May 05, 2017 6:21:30 PM org.apache.catalina.core.ApplicationContext log
INFO: Manager: Uploading WAR file to /usr/local/tomcat/webapps/ROOT.war.tmp
May 05, 2017 6:26:32 PM org.apache.catalina.core.ApplicationContext log
INFO: Manager: deploy: Deploying web application '/'
May 05, 2017 6:26:32 PM org.apache.catalina.core.ApplicationContext log
INFO: Manager: Uploading WAR file to /usr/local/tomcat/webapps/ROOT.war.tmp
May 05, 2017 6:31:02 PM org.apache.catalina.core.ApplicationContext log
INFO: Manager: deploy: Deploying web application '/'
May 05, 2017 6:31:02 PM org.apache.catalina.core.ApplicationContext log
INFO: Manager: Uploading WAR file to /usr/local/tomcat/webapps/ROOT.war.tmp
May 05, 2017 6:32:27 PM org.apache.catalina.core.ApplicationContext log
INFO: Manager: deploy: Deploying web application '/'
May 05, 2017 6:32:27 PM org.apache.catalina.core.ApplicationContext log
INFO: Manager: Uploading WAR file to /usr/local/tomcat/webapps/ROOT.war.tmp
May 05, 2017 6:35:47 PM org.apache.catalina.core.ApplicationContext log
INFO: Manager: deploy: Deploying web application '/'
May 05, 2017 6:35:47 PM org.apache.catalina.core.ApplicationContext log
INFO: Manager: Uploading WAR file to /usr/local/tomcat/webapps/ROOT.war.tmp
