May 08, 2017 9:13:22 AM org.apache.catalina.core.ApplicationContext log
INFO: Manager: init: Associated with Deployer 'Catalina:type=Deployer,host=localhost'
May 08, 2017 9:13:22 AM org.apache.catalina.core.ApplicationContext log
INFO: Manager: init: Global resources are available
May 08, 2017 9:13:22 AM org.apache.catalina.core.ApplicationContext log
INFO: Manager: deploy: Deploying web application '/'
May 08, 2017 9:13:22 AM org.apache.catalina.core.ApplicationContext log
INFO: Manager: Uploading WAR file to /usr/local/tomcat/webapps/ROOT.war.tmp
May 08, 2017 9:18:57 AM org.apache.catalina.core.ApplicationContext log
INFO: Manager: deploy: Deploying web application '/'
May 08, 2017 9:18:57 AM org.apache.catalina.core.ApplicationContext log
INFO: Manager: Uploading WAR file to /usr/local/tomcat/webapps/ROOT.war.tmp
May 08, 2017 9:33:43 AM org.apache.catalina.core.ApplicationContext log
INFO: Manager: deploy: Deploying web application '/'
May 08, 2017 9:33:43 AM org.apache.catalina.core.ApplicationContext log
INFO: Manager: Uploading WAR file to /usr/local/tomcat/webapps/ROOT.war.tmp
May 08, 2017 9:36:40 AM org.apache.catalina.core.ApplicationContext log
INFO: Manager: deploy: Deploying web application '/'
May 08, 2017 9:36:40 AM org.apache.catalina.core.ApplicationContext log
INFO: Manager: Uploading WAR file to /usr/local/tomcat/webapps/ROOT.war.tmp
May 08, 2017 9:52:56 AM org.apache.catalina.core.ApplicationContext log
INFO: Manager: deploy: Deploying web application '/'
May 08, 2017 9:52:56 AM org.apache.catalina.core.ApplicationContext log
INFO: Manager: Uploading WAR file to /usr/local/tomcat/webapps/ROOT.war.tmp
May 08, 2017 9:57:01 AM org.apache.catalina.core.ApplicationContext log
INFO: Manager: deploy: Deploying web application '/'
May 08, 2017 9:57:01 AM org.apache.catalina.core.ApplicationContext log
INFO: Manager: Uploading WAR file to /usr/local/tomcat/webapps/ROOT.war.tmp
May 08, 2017 9:59:17 AM org.apache.catalina.core.ApplicationContext log
INFO: Manager: deploy: Deploying web application '/'
May 08, 2017 9:59:17 AM org.apache.catalina.core.ApplicationContext log
INFO: Manager: Uploading WAR file to /usr/local/tomcat/webapps/ROOT.war.tmp
May 08, 2017 10:04:24 AM org.apache.catalina.core.ApplicationContext log
INFO: Manager: deploy: Deploying web application '/'
May 08, 2017 10:04:24 AM org.apache.catalina.core.ApplicationContext log
INFO: Manager: Uploading WAR file to /usr/local/tomcat/webapps/ROOT.war.tmp
May 08, 2017 10:05:36 AM org.apache.catalina.core.ApplicationContext log
INFO: Manager: deploy: Deploying web application '/'
May 08, 2017 10:05:36 AM org.apache.catalina.core.ApplicationContext log
INFO: Manager: Uploading WAR file to /usr/local/tomcat/webapps/ROOT.war.tmp
May 08, 2017 10:05:51 AM org.apache.catalina.core.ApplicationContext log
INFO: Manager: deploy: Deploying web application '/'
May 08, 2017 10:05:51 AM org.apache.catalina.core.ApplicationContext log
INFO: Manager: Uploading WAR file to /usr/local/tomcat/webapps/ROOT.war.tmp
May 08, 2017 10:07:40 AM org.apache.catalina.core.ApplicationContext log
INFO: Manager: deploy: Deploying web application '/'
May 08, 2017 10:07:40 AM org.apache.catalina.core.ApplicationContext log
INFO: Manager: Uploading WAR file to /usr/local/tomcat/webapps/ROOT.war.tmp
May 08, 2017 10:13:17 AM org.apache.catalina.core.ApplicationContext log
INFO: Manager: deploy: Deploying web application '/'
May 08, 2017 10:13:17 AM org.apache.catalina.core.ApplicationContext log
INFO: Manager: Uploading WAR file to /usr/local/tomcat/webapps/ROOT.war.tmp
May 08, 2017 10:14:56 AM org.apache.catalina.core.ApplicationContext log
INFO: Manager: deploy: Deploying web application '/'
May 08, 2017 10:14:56 AM org.apache.catalina.core.ApplicationContext log
INFO: Manager: Uploading WAR file to /usr/local/tomcat/webapps/ROOT.war.tmp
May 08, 2017 10:18:50 AM org.apache.catalina.core.ApplicationContext log
INFO: Manager: deploy: Deploying web application '/'
May 08, 2017 10:18:50 AM org.apache.catalina.core.ApplicationContext log
INFO: Manager: Uploading WAR file to /usr/local/tomcat/webapps/ROOT.war.tmp
May 08, 2017 10:20:25 AM org.apache.catalina.core.ApplicationContext log
INFO: Manager: deploy: Deploying web application '/'
May 08, 2017 10:20:25 AM org.apache.catalina.core.ApplicationContext log
INFO: Manager: Uploading WAR file to /usr/local/tomcat/webapps/ROOT.war.tmp
May 08, 2017 10:22:15 AM org.apache.catalina.core.ApplicationContext log
INFO: Manager: deploy: Deploying web application '/'
May 08, 2017 10:22:15 AM org.apache.catalina.core.ApplicationContext log
INFO: Manager: Uploading WAR file to /usr/local/tomcat/webapps/ROOT.war.tmp
May 08, 2017 10:24:39 AM org.apache.catalina.core.ApplicationContext log
INFO: Manager: deploy: Deploying web application '/'
May 08, 2017 10:24:39 AM org.apache.catalina.core.ApplicationContext log
INFO: Manager: Uploading WAR file to /usr/local/tomcat/webapps/ROOT.war.tmp
May 08, 2017 10:25:58 AM org.apache.catalina.core.ApplicationContext log
INFO: Manager: deploy: Deploying web application '/'
May 08, 2017 10:25:58 AM org.apache.catalina.core.ApplicationContext log
INFO: Manager: Uploading WAR file to /usr/local/tomcat/webapps/ROOT.war.tmp
May 08, 2017 10:35:21 AM org.apache.catalina.core.ApplicationContext log
INFO: Manager: deploy: Deploying web application '/'
May 08, 2017 10:35:21 AM org.apache.catalina.core.ApplicationContext log
INFO: Manager: Uploading WAR file to /usr/local/tomcat/webapps/ROOT.war.tmp
May 08, 2017 11:28:20 AM org.apache.catalina.core.ApplicationContext log
INFO: Manager: deploy: Deploying web application '/'
May 08, 2017 11:28:20 AM org.apache.catalina.core.ApplicationContext log
INFO: Manager: Uploading WAR file to /usr/local/tomcat/webapps/ROOT.war.tmp
May 08, 2017 11:36:44 AM org.apache.catalina.core.ApplicationContext log
INFO: Manager: deploy: Deploying web application '/'
May 08, 2017 11:36:44 AM org.apache.catalina.core.ApplicationContext log
INFO: Manager: Uploading WAR file to /usr/local/tomcat/webapps/ROOT.war.tmp
May 08, 2017 11:38:07 AM org.apache.catalina.core.ApplicationContext log
INFO: Manager: deploy: Deploying web application '/'
May 08, 2017 11:38:07 AM org.apache.catalina.core.ApplicationContext log
INFO: Manager: Uploading WAR file to /usr/local/tomcat/webapps/ROOT.war.tmp
May 08, 2017 3:20:23 PM org.apache.catalina.core.ApplicationContext log
INFO: Manager: deploy: Deploying web application '/'
May 08, 2017 3:20:23 PM org.apache.catalina.core.ApplicationContext log
INFO: Manager: Uploading WAR file to /usr/local/tomcat/webapps/ROOT.war.tmp
May 08, 2017 3:27:13 PM org.apache.catalina.core.ApplicationContext log
INFO: Manager: deploy: Deploying web application '/'
May 08, 2017 3:27:13 PM org.apache.catalina.core.ApplicationContext log
INFO: Manager: Uploading WAR file to /usr/local/tomcat/webapps/ROOT.war.tmp
May 08, 2017 3:38:48 PM org.apache.catalina.core.ApplicationContext log
INFO: Manager: deploy: Deploying web application '/'
May 08, 2017 3:38:48 PM org.apache.catalina.core.ApplicationContext log
INFO: Manager: Uploading WAR file to /usr/local/tomcat/webapps/ROOT.war.tmp
May 08, 2017 3:41:59 PM org.apache.catalina.core.ApplicationContext log
INFO: Manager: deploy: Deploying web application '/'
May 08, 2017 3:41:59 PM org.apache.catalina.core.ApplicationContext log
INFO: Manager: Uploading WAR file to /usr/local/tomcat/webapps/ROOT.war.tmp
May 08, 2017 3:43:05 PM org.apache.catalina.core.ApplicationContext log
INFO: Manager: deploy: Deploying web application '/'
May 08, 2017 3:43:05 PM org.apache.catalina.core.ApplicationContext log
INFO: Manager: Uploading WAR file to /usr/local/tomcat/webapps/ROOT.war.tmp
May 08, 2017 3:52:41 PM org.apache.catalina.core.ApplicationContext log
INFO: Manager: deploy: Deploying web application '/'
May 08, 2017 3:52:41 PM org.apache.catalina.core.ApplicationContext log
INFO: Manager: Uploading WAR file to /usr/local/tomcat/webapps/ROOT.war.tmp
May 08, 2017 4:02:15 PM org.apache.catalina.core.ApplicationContext log
INFO: Manager: deploy: Deploying web application '/'
May 08, 2017 4:02:15 PM org.apache.catalina.core.ApplicationContext log
INFO: Manager: Uploading WAR file to /usr/local/tomcat/webapps/ROOT.war.tmp
May 08, 2017 4:06:28 PM org.apache.catalina.core.ApplicationContext log
INFO: Manager: deploy: Deploying web application '/'
May 08, 2017 4:06:28 PM org.apache.catalina.core.ApplicationContext log
INFO: Manager: Uploading WAR file to /usr/local/tomcat/webapps/ROOT.war.tmp
May 08, 2017 4:19:12 PM org.apache.catalina.core.ApplicationContext log
INFO: Manager: deploy: Deploying web application '/'
May 08, 2017 4:19:12 PM org.apache.catalina.core.ApplicationContext log
INFO: Manager: Uploading WAR file to /usr/local/tomcat/webapps/ROOT.war.tmp
May 08, 2017 4:22:36 PM org.apache.catalina.core.ApplicationContext log
INFO: Manager: deploy: Deploying web application '/'
May 08, 2017 4:22:36 PM org.apache.catalina.core.ApplicationContext log
INFO: Manager: Uploading WAR file to /usr/local/tomcat/webapps/ROOT.war.tmp
May 08, 2017 4:24:27 PM org.apache.catalina.core.ApplicationContext log
INFO: Manager: deploy: Deploying web application '/'
May 08, 2017 4:24:27 PM org.apache.catalina.core.ApplicationContext log
INFO: Manager: Uploading WAR file to /usr/local/tomcat/webapps/ROOT.war.tmp
May 08, 2017 4:28:04 PM org.apache.catalina.core.ApplicationContext log
INFO: Manager: deploy: Deploying web application '/'
May 08, 2017 4:28:04 PM org.apache.catalina.core.ApplicationContext log
INFO: Manager: Uploading WAR file to /usr/local/tomcat/webapps/ROOT.war.tmp
May 08, 2017 4:29:46 PM org.apache.catalina.core.ApplicationContext log
INFO: Manager: deploy: Deploying web application '/'
May 08, 2017 4:29:46 PM org.apache.catalina.core.ApplicationContext log
INFO: Manager: Uploading WAR file to /usr/local/tomcat/webapps/ROOT.war.tmp
May 08, 2017 4:37:25 PM org.apache.catalina.core.ApplicationContext log
INFO: Manager: deploy: Deploying web application '/'
May 08, 2017 4:37:25 PM org.apache.catalina.core.ApplicationContext log
INFO: Manager: Uploading WAR file to /usr/local/tomcat/webapps/ROOT.war.tmp
May 08, 2017 4:41:53 PM org.apache.catalina.core.ApplicationContext log
INFO: Manager: deploy: Deploying web application '/'
May 08, 2017 4:41:53 PM org.apache.catalina.core.ApplicationContext log
INFO: Manager: Uploading WAR file to /usr/local/tomcat/webapps/ROOT.war.tmp
May 08, 2017 4:43:10 PM org.apache.catalina.core.ApplicationContext log
INFO: Manager: deploy: Deploying web application '/'
May 08, 2017 4:43:10 PM org.apache.catalina.core.ApplicationContext log
INFO: Manager: Uploading WAR file to /usr/local/tomcat/webapps/ROOT.war.tmp
May 08, 2017 4:44:20 PM org.apache.catalina.core.ApplicationContext log
INFO: Manager: deploy: Deploying web application '/'
May 08, 2017 4:44:20 PM org.apache.catalina.core.ApplicationContext log
INFO: Manager: Uploading WAR file to /usr/local/tomcat/webapps/ROOT.war.tmp
May 08, 2017 4:50:12 PM org.apache.catalina.core.ApplicationContext log
INFO: Manager: deploy: Deploying web application '/'
May 08, 2017 4:50:12 PM org.apache.catalina.core.ApplicationContext log
INFO: Manager: Uploading WAR file to /usr/local/tomcat/webapps/ROOT.war.tmp
May 08, 2017 4:52:07 PM org.apache.catalina.core.ApplicationContext log
INFO: Manager: deploy: Deploying web application '/'
May 08, 2017 4:52:07 PM org.apache.catalina.core.ApplicationContext log
INFO: Manager: Uploading WAR file to /usr/local/tomcat/webapps/ROOT.war.tmp
May 08, 2017 5:18:56 PM org.apache.catalina.core.ApplicationContext log
INFO: Manager: deploy: Deploying web application '/'
May 08, 2017 5:18:56 PM org.apache.catalina.core.ApplicationContext log
INFO: Manager: Uploading WAR file to /usr/local/tomcat/webapps/ROOT.war.tmp
May 08, 2017 6:44:37 PM org.apache.catalina.core.ApplicationContext log
INFO: Manager: init: Associated with Deployer 'Catalina:type=Deployer,host=localhost'
May 08, 2017 6:44:37 PM org.apache.catalina.core.ApplicationContext log
INFO: Manager: init: Global resources are available
May 08, 2017 6:44:37 PM org.apache.catalina.core.ApplicationContext log
INFO: Manager: deploy: Deploying web application '/'
May 08, 2017 6:44:37 PM org.apache.catalina.core.ApplicationContext log
INFO: Manager: Uploading WAR file to /usr/local/tomcat/webapps/ROOT.war.tmp
May 08, 2017 6:51:03 PM org.apache.catalina.core.ApplicationContext log
INFO: Manager: deploy: Deploying web application '/'
May 08, 2017 6:51:03 PM org.apache.catalina.core.ApplicationContext log
INFO: Manager: Uploading WAR file to /usr/local/tomcat/webapps/ROOT.war.tmp
May 08, 2017 7:13:01 PM org.apache.catalina.core.ApplicationContext log
INFO: Manager: deploy: Deploying web application '/'
May 08, 2017 7:13:01 PM org.apache.catalina.core.ApplicationContext log
INFO: Manager: Uploading WAR file to /usr/local/tomcat/webapps/ROOT.war.tmp
May 08, 2017 7:23:51 PM org.apache.catalina.core.ApplicationContext log
INFO: Manager: deploy: Deploying web application '/'
May 08, 2017 7:23:51 PM org.apache.catalina.core.ApplicationContext log
INFO: Manager: Uploading WAR file to /usr/local/tomcat/webapps/ROOT.war.tmp
May 08, 2017 7:27:42 PM org.apache.catalina.core.ApplicationContext log
INFO: Manager: deploy: Deploying web application '/'
May 08, 2017 7:27:42 PM org.apache.catalina.core.ApplicationContext log
INFO: Manager: Uploading WAR file to /usr/local/tomcat/webapps/ROOT.war.tmp
May 08, 2017 7:28:50 PM org.apache.catalina.core.ApplicationContext log
INFO: Manager: deploy: Deploying web application '/'
May 08, 2017 7:28:50 PM org.apache.catalina.core.ApplicationContext log
INFO: Manager: Uploading WAR file to /usr/local/tomcat/webapps/ROOT.war.tmp
May 08, 2017 7:30:43 PM org.apache.catalina.core.ApplicationContext log
INFO: Manager: deploy: Deploying web application '/'
May 08, 2017 7:30:43 PM org.apache.catalina.core.ApplicationContext log
INFO: Manager: Uploading WAR file to /usr/local/tomcat/webapps/ROOT.war.tmp
May 08, 2017 7:35:48 PM org.apache.catalina.core.ApplicationContext log
INFO: Manager: deploy: Deploying web application '/'
May 08, 2017 7:35:48 PM org.apache.catalina.core.ApplicationContext log
INFO: Manager: Uploading WAR file to /usr/local/tomcat/webapps/ROOT.war.tmp
May 08, 2017 7:38:45 PM org.apache.catalina.core.ApplicationContext log
INFO: Manager: deploy: Deploying web application '/'
May 08, 2017 7:38:45 PM org.apache.catalina.core.ApplicationContext log
INFO: Manager: Uploading WAR file to /usr/local/tomcat/webapps/ROOT.war.tmp
May 08, 2017 7:43:34 PM org.apache.catalina.core.ApplicationContext log
INFO: Manager: deploy: Deploying web application '/'
May 08, 2017 7:43:34 PM org.apache.catalina.core.ApplicationContext log
INFO: Manager: Uploading WAR file to /usr/local/tomcat/webapps/ROOT.war.tmp
