Apr 28, 2017 7:23:16 AM org.apache.catalina.core.ApplicationContext log
INFO: Manager: init: Associated with Deployer 'Catalina:type=Deployer,host=localhost'
Apr 28, 2017 7:23:16 AM org.apache.catalina.core.ApplicationContext log
INFO: Manager: init: Global resources are available
Apr 28, 2017 7:23:16 AM org.apache.catalina.core.ApplicationContext log
INFO: Manager: deploy: Deploying web application '/'
Apr 28, 2017 7:23:16 AM org.apache.catalina.core.ApplicationContext log
INFO: Manager: Uploading WAR file to /usr/local/tomcat/webapps/ROOT.war.tmp
Apr 28, 2017 7:27:32 AM org.apache.catalina.core.ApplicationContext log
INFO: Manager: deploy: Deploying web application '/'
Apr 28, 2017 7:27:32 AM org.apache.catalina.core.ApplicationContext log
INFO: Manager: Uploading WAR file to /usr/local/tomcat/webapps/ROOT.war.tmp
Apr 28, 2017 7:31:36 AM org.apache.catalina.core.ApplicationContext log
INFO: Manager: deploy: Deploying web application '/'
Apr 28, 2017 7:31:36 AM org.apache.catalina.core.ApplicationContext log
INFO: Manager: Uploading WAR file to /usr/local/tomcat/webapps/ROOT.war.tmp
Apr 28, 2017 7:32:53 AM org.apache.catalina.core.ApplicationContext log
INFO: Manager: deploy: Deploying web application '/'
Apr 28, 2017 7:32:53 AM org.apache.catalina.core.ApplicationContext log
INFO: Manager: Uploading WAR file to /usr/local/tomcat/webapps/ROOT.war.tmp
Apr 28, 2017 7:40:02 AM org.apache.catalina.core.ApplicationContext log
INFO: Manager: deploy: Deploying web application '/'
Apr 28, 2017 7:40:02 AM org.apache.catalina.core.ApplicationContext log
INFO: Manager: Uploading WAR file to /usr/local/tomcat/webapps/ROOT.war.tmp
Apr 28, 2017 7:43:10 AM org.apache.catalina.core.ApplicationContext log
INFO: Manager: deploy: Deploying web application '/'
Apr 28, 2017 7:43:10 AM org.apache.catalina.core.ApplicationContext log
INFO: Manager: Uploading WAR file to /usr/local/tomcat/webapps/ROOT.war.tmp
Apr 28, 2017 8:07:49 AM org.apache.catalina.core.ApplicationContext log
INFO: Manager: deploy: Deploying web application '/'
Apr 28, 2017 8:07:49 AM org.apache.catalina.core.ApplicationContext log
INFO: Manager: Uploading WAR file to /usr/local/tomcat/webapps/ROOT.war.tmp
Apr 28, 2017 8:11:06 AM org.apache.catalina.core.ApplicationContext log
INFO: Manager: deploy: Deploying web application '/'
Apr 28, 2017 8:11:06 AM org.apache.catalina.core.ApplicationContext log
INFO: Manager: Uploading WAR file to /usr/local/tomcat/webapps/ROOT.war.tmp
Apr 28, 2017 8:13:53 AM org.apache.catalina.core.ApplicationContext log
INFO: Manager: deploy: Deploying web application '/'
Apr 28, 2017 8:13:53 AM org.apache.catalina.core.ApplicationContext log
INFO: Manager: Uploading WAR file to /usr/local/tomcat/webapps/ROOT.war.tmp
Apr 28, 2017 8:15:19 AM org.apache.catalina.core.ApplicationContext log
INFO: Manager: deploy: Deploying web application '/'
Apr 28, 2017 8:15:19 AM org.apache.catalina.core.ApplicationContext log
INFO: Manager: Uploading WAR file to /usr/local/tomcat/webapps/ROOT.war.tmp
Apr 28, 2017 8:39:06 AM org.apache.catalina.core.ApplicationContext log
INFO: Manager: deploy: Deploying web application '/'
Apr 28, 2017 8:39:06 AM org.apache.catalina.core.ApplicationContext log
INFO: Manager: Uploading WAR file to /usr/local/tomcat/webapps/ROOT.war.tmp
Apr 28, 2017 8:46:15 AM org.apache.catalina.core.ApplicationContext log
INFO: Manager: deploy: Deploying web application '/'
Apr 28, 2017 8:46:15 AM org.apache.catalina.core.ApplicationContext log
INFO: Manager: Uploading WAR file to /usr/local/tomcat/webapps/ROOT.war.tmp
Apr 28, 2017 8:48:39 AM org.apache.catalina.core.ApplicationContext log
INFO: Manager: deploy: Deploying web application '/'
Apr 28, 2017 8:48:39 AM org.apache.catalina.core.ApplicationContext log
INFO: Manager: Uploading WAR file to /usr/local/tomcat/webapps/ROOT.war.tmp
Apr 28, 2017 8:49:38 AM org.apache.catalina.core.ApplicationContext log
INFO: Manager: deploy: Deploying web application '/'
Apr 28, 2017 8:49:38 AM org.apache.catalina.core.ApplicationContext log
INFO: Manager: Uploading WAR file to /usr/local/tomcat/webapps/ROOT.war.tmp
Apr 28, 2017 8:55:07 AM org.apache.catalina.core.ApplicationContext log
INFO: Manager: deploy: Deploying web application '/'
Apr 28, 2017 8:55:07 AM org.apache.catalina.core.ApplicationContext log
INFO: Manager: Uploading WAR file to /usr/local/tomcat/webapps/ROOT.war.tmp
Apr 28, 2017 9:45:02 AM org.apache.catalina.core.ApplicationContext log
INFO: Manager: deploy: Deploying web application '/'
Apr 28, 2017 9:45:02 AM org.apache.catalina.core.ApplicationContext log
INFO: Manager: Uploading WAR file to /usr/local/tomcat/webapps/ROOT.war.tmp
Apr 28, 2017 9:47:29 AM org.apache.catalina.core.ApplicationContext log
INFO: Manager: deploy: Deploying web application '/'
Apr 28, 2017 9:47:29 AM org.apache.catalina.core.ApplicationContext log
INFO: Manager: Uploading WAR file to /usr/local/tomcat/webapps/ROOT.war.tmp
Apr 28, 2017 9:53:04 AM org.apache.catalina.core.ApplicationContext log
INFO: Manager: deploy: Deploying web application '/'
Apr 28, 2017 9:53:04 AM org.apache.catalina.core.ApplicationContext log
INFO: Manager: Uploading WAR file to /usr/local/tomcat/webapps/ROOT.war.tmp
Apr 28, 2017 9:54:27 AM org.apache.catalina.core.ApplicationContext log
INFO: Manager: deploy: Deploying web application '/'
Apr 28, 2017 9:54:27 AM org.apache.catalina.core.ApplicationContext log
INFO: Manager: Uploading WAR file to /usr/local/tomcat/webapps/ROOT.war.tmp
Apr 28, 2017 10:00:08 AM org.apache.catalina.core.ApplicationContext log
INFO: Manager: deploy: Deploying web application '/'
Apr 28, 2017 10:00:08 AM org.apache.catalina.core.ApplicationContext log
INFO: Manager: Uploading WAR file to /usr/local/tomcat/webapps/ROOT.war.tmp
Apr 28, 2017 10:03:42 AM org.apache.catalina.core.ApplicationContext log
INFO: Manager: deploy: Deploying web application '/'
Apr 28, 2017 10:03:42 AM org.apache.catalina.core.ApplicationContext log
INFO: Manager: Uploading WAR file to /usr/local/tomcat/webapps/ROOT.war.tmp
Apr 28, 2017 10:07:26 AM org.apache.catalina.core.ApplicationContext log
INFO: Manager: deploy: Deploying web application '/'
Apr 28, 2017 10:07:26 AM org.apache.catalina.core.ApplicationContext log
INFO: Manager: Uploading WAR file to /usr/local/tomcat/webapps/ROOT.war.tmp
Apr 28, 2017 10:11:08 AM org.apache.catalina.core.ApplicationContext log
INFO: Manager: deploy: Deploying web application '/'
Apr 28, 2017 10:11:08 AM org.apache.catalina.core.ApplicationContext log
INFO: Manager: Uploading WAR file to /usr/local/tomcat/webapps/ROOT.war.tmp
Apr 28, 2017 10:12:47 AM org.apache.catalina.core.ApplicationContext log
INFO: Manager: deploy: Deploying web application '/'
Apr 28, 2017 10:12:47 AM org.apache.catalina.core.ApplicationContext log
INFO: Manager: Uploading WAR file to /usr/local/tomcat/webapps/ROOT.war.tmp
Apr 28, 2017 10:14:13 AM org.apache.catalina.core.ApplicationContext log
INFO: Manager: deploy: Deploying web application '/'
Apr 28, 2017 10:14:13 AM org.apache.catalina.core.ApplicationContext log
INFO: Manager: Uploading WAR file to /usr/local/tomcat/webapps/ROOT.war.tmp
Apr 28, 2017 10:15:51 AM org.apache.catalina.core.ApplicationContext log
INFO: Manager: deploy: Deploying web application '/'
Apr 28, 2017 10:15:51 AM org.apache.catalina.core.ApplicationContext log
INFO: Manager: Uploading WAR file to /usr/local/tomcat/webapps/ROOT.war.tmp
Apr 28, 2017 10:17:13 AM org.apache.catalina.core.ApplicationContext log
INFO: Manager: deploy: Deploying web application '/'
Apr 28, 2017 10:17:13 AM org.apache.catalina.core.ApplicationContext log
INFO: Manager: Uploading WAR file to /usr/local/tomcat/webapps/ROOT.war.tmp
Apr 28, 2017 10:18:22 AM org.apache.catalina.core.ApplicationContext log
INFO: Manager: deploy: Deploying web application '/'
Apr 28, 2017 10:18:22 AM org.apache.catalina.core.ApplicationContext log
INFO: Manager: Uploading WAR file to /usr/local/tomcat/webapps/ROOT.war.tmp
Apr 28, 2017 10:37:39 AM org.apache.catalina.core.ApplicationContext log
INFO: Manager: deploy: Deploying web application '/'
Apr 28, 2017 10:37:39 AM org.apache.catalina.core.ApplicationContext log
INFO: Manager: Uploading WAR file to /usr/local/tomcat/webapps/ROOT.war.tmp
Apr 28, 2017 12:03:01 PM org.apache.catalina.core.ApplicationContext log
INFO: Manager: deploy: Deploying web application '/'
Apr 28, 2017 12:03:01 PM org.apache.catalina.core.ApplicationContext log
INFO: Manager: Uploading WAR file to /usr/local/tomcat/webapps/ROOT.war.tmp
Apr 28, 2017 12:15:13 PM org.apache.catalina.core.ApplicationContext log
INFO: Manager: deploy: Deploying web application '/'
Apr 28, 2017 12:15:13 PM org.apache.catalina.core.ApplicationContext log
INFO: Manager: Uploading WAR file to /usr/local/tomcat/webapps/ROOT.war.tmp
Apr 28, 2017 12:18:42 PM org.apache.catalina.core.ApplicationContext log
INFO: Manager: deploy: Deploying web application '/'
Apr 28, 2017 12:18:42 PM org.apache.catalina.core.ApplicationContext log
INFO: Manager: Uploading WAR file to /usr/local/tomcat/webapps/ROOT.war.tmp
Apr 28, 2017 12:25:50 PM org.apache.catalina.core.ApplicationContext log
INFO: Manager: deploy: Deploying web application '/'
Apr 28, 2017 12:25:50 PM org.apache.catalina.core.ApplicationContext log
INFO: Manager: Uploading WAR file to /usr/local/tomcat/webapps/ROOT.war.tmp
Apr 28, 2017 12:27:49 PM org.apache.catalina.core.ApplicationContext log
INFO: Manager: deploy: Deploying web application '/'
Apr 28, 2017 12:27:49 PM org.apache.catalina.core.ApplicationContext log
INFO: Manager: Uploading WAR file to /usr/local/tomcat/webapps/ROOT.war.tmp
Apr 28, 2017 12:31:15 PM org.apache.catalina.core.ApplicationContext log
INFO: Manager: deploy: Deploying web application '/'
Apr 28, 2017 12:31:15 PM org.apache.catalina.core.ApplicationContext log
INFO: Manager: Uploading WAR file to /usr/local/tomcat/webapps/ROOT.war.tmp
Apr 28, 2017 12:34:52 PM org.apache.catalina.core.ApplicationContext log
INFO: Manager: deploy: Deploying web application '/'
Apr 28, 2017 12:34:52 PM org.apache.catalina.core.ApplicationContext log
INFO: Manager: Uploading WAR file to /usr/local/tomcat/webapps/ROOT.war.tmp
Apr 28, 2017 12:36:18 PM org.apache.catalina.core.ApplicationContext log
INFO: Manager: deploy: Deploying web application '/'
Apr 28, 2017 12:36:18 PM org.apache.catalina.core.ApplicationContext log
INFO: Manager: Uploading WAR file to /usr/local/tomcat/webapps/ROOT.war.tmp
Apr 28, 2017 12:37:52 PM org.apache.catalina.core.ApplicationContext log
INFO: Manager: deploy: Deploying web application '/'
Apr 28, 2017 12:37:52 PM org.apache.catalina.core.ApplicationContext log
INFO: Manager: Uploading WAR file to /usr/local/tomcat/webapps/ROOT.war.tmp
Apr 28, 2017 12:41:00 PM org.apache.catalina.core.ApplicationContext log
INFO: Manager: deploy: Deploying web application '/'
Apr 28, 2017 12:41:00 PM org.apache.catalina.core.ApplicationContext log
INFO: Manager: Uploading WAR file to /usr/local/tomcat/webapps/ROOT.war.tmp
Apr 28, 2017 12:42:49 PM org.apache.catalina.core.ApplicationContext log
INFO: Manager: deploy: Deploying web application '/'
Apr 28, 2017 12:42:49 PM org.apache.catalina.core.ApplicationContext log
INFO: Manager: Uploading WAR file to /usr/local/tomcat/webapps/ROOT.war.tmp
Apr 28, 2017 12:48:08 PM org.apache.catalina.core.ApplicationContext log
INFO: Manager: deploy: Deploying web application '/'
Apr 28, 2017 12:48:08 PM org.apache.catalina.core.ApplicationContext log
INFO: Manager: Uploading WAR file to /usr/local/tomcat/webapps/ROOT.war.tmp
Apr 28, 2017 12:50:57 PM org.apache.catalina.core.ApplicationContext log
INFO: Manager: deploy: Deploying web application '/'
Apr 28, 2017 12:50:57 PM org.apache.catalina.core.ApplicationContext log
INFO: Manager: Uploading WAR file to /usr/local/tomcat/webapps/ROOT.war.tmp
Apr 28, 2017 12:52:29 PM org.apache.catalina.core.ApplicationContext log
INFO: Manager: deploy: Deploying web application '/'
Apr 28, 2017 12:52:29 PM org.apache.catalina.core.ApplicationContext log
INFO: Manager: Uploading WAR file to /usr/local/tomcat/webapps/ROOT.war.tmp
Apr 28, 2017 12:53:14 PM org.apache.catalina.core.ApplicationContext log
INFO: Manager: deploy: Deploying web application '/'
Apr 28, 2017 12:53:14 PM org.apache.catalina.core.ApplicationContext log
INFO: Manager: Uploading WAR file to /usr/local/tomcat/webapps/ROOT.war.tmp
Apr 28, 2017 12:54:08 PM org.apache.catalina.core.ApplicationContext log
INFO: Manager: deploy: Deploying web application '/'
Apr 28, 2017 12:54:08 PM org.apache.catalina.core.ApplicationContext log
INFO: Manager: Uploading WAR file to /usr/local/tomcat/webapps/ROOT.war.tmp
Apr 28, 2017 12:58:24 PM org.apache.catalina.core.ApplicationContext log
INFO: Manager: deploy: Deploying web application '/'
Apr 28, 2017 12:58:24 PM org.apache.catalina.core.ApplicationContext log
INFO: Manager: Uploading WAR file to /usr/local/tomcat/webapps/ROOT.war.tmp
Apr 28, 2017 1:02:28 PM org.apache.catalina.core.ApplicationContext log
INFO: Manager: deploy: Deploying web application '/'
Apr 28, 2017 1:02:28 PM org.apache.catalina.core.ApplicationContext log
INFO: Manager: Uploading WAR file to /usr/local/tomcat/webapps/ROOT.war.tmp
Apr 28, 2017 1:07:54 PM org.apache.catalina.core.ApplicationContext log
INFO: Manager: deploy: Deploying web application '/'
Apr 28, 2017 1:07:54 PM org.apache.catalina.core.ApplicationContext log
INFO: Manager: Uploading WAR file to /usr/local/tomcat/webapps/ROOT.war.tmp
Apr 28, 2017 1:09:54 PM org.apache.catalina.core.ApplicationContext log
INFO: Manager: deploy: Deploying web application '/'
Apr 28, 2017 1:09:54 PM org.apache.catalina.core.ApplicationContext log
INFO: Manager: Uploading WAR file to /usr/local/tomcat/webapps/ROOT.war.tmp
Apr 28, 2017 1:10:35 PM org.apache.catalina.core.ApplicationContext log
INFO: Manager: deploy: Deploying web application '/'
Apr 28, 2017 1:10:35 PM org.apache.catalina.core.ApplicationContext log
INFO: Manager: Uploading WAR file to /usr/local/tomcat/webapps/ROOT.war.tmp
Apr 28, 2017 1:11:28 PM org.apache.catalina.core.ApplicationContext log
INFO: Manager: deploy: Deploying web application '/'
Apr 28, 2017 1:11:28 PM org.apache.catalina.core.ApplicationContext log
INFO: Manager: Uploading WAR file to /usr/local/tomcat/webapps/ROOT.war.tmp
Apr 28, 2017 1:12:34 PM org.apache.catalina.core.ApplicationContext log
INFO: Manager: deploy: Deploying web application '/'
Apr 28, 2017 1:12:34 PM org.apache.catalina.core.ApplicationContext log
INFO: Manager: Uploading WAR file to /usr/local/tomcat/webapps/ROOT.war.tmp
Apr 28, 2017 1:14:38 PM org.apache.catalina.core.ApplicationContext log
INFO: Manager: deploy: Deploying web application '/'
Apr 28, 2017 1:14:38 PM org.apache.catalina.core.ApplicationContext log
INFO: Manager: Uploading WAR file to /usr/local/tomcat/webapps/ROOT.war.tmp
Apr 28, 2017 1:15:53 PM org.apache.catalina.core.ApplicationContext log
INFO: Manager: deploy: Deploying web application '/'
Apr 28, 2017 1:15:53 PM org.apache.catalina.core.ApplicationContext log
INFO: Manager: Uploading WAR file to /usr/local/tomcat/webapps/ROOT.war.tmp
Apr 28, 2017 7:00:59 PM org.apache.catalina.core.ApplicationContext log
INFO: Manager: deploy: Deploying web application '/'
Apr 28, 2017 7:01:00 PM org.apache.catalina.core.ApplicationContext log
INFO: Manager: Uploading WAR file to /usr/local/tomcat/webapps/ROOT.war.tmp
Apr 28, 2017 7:03:37 PM org.apache.catalina.core.ApplicationContext log
INFO: Manager: deploy: Deploying web application '/'
Apr 28, 2017 7:03:37 PM org.apache.catalina.core.ApplicationContext log
INFO: Manager: Uploading WAR file to /usr/local/tomcat/webapps/ROOT.war.tmp
Apr 28, 2017 7:03:43 PM org.apache.catalina.core.ApplicationContext log
SEVERE: Manager: managerServlet.check[/]
javax.management.InstanceNotFoundException: Catalina:type=Deployer,host=localhost
	at com.sun.jmx.interceptor.DefaultMBeanServerInterceptor.getMBean(DefaultMBeanServerInterceptor.java:1095)
	at com.sun.jmx.interceptor.DefaultMBeanServerInterceptor.invoke(DefaultMBeanServerInterceptor.java:816)
	at com.sun.jmx.mbeanserver.JmxMBeanServer.invoke(JmxMBeanServer.java:801)
	at org.apache.catalina.manager.ManagerServlet.removeServiced(ManagerServlet.java:1541)
	at org.apache.catalina.manager.ManagerServlet.deploy(ManagerServlet.java:731)
	at org.apache.catalina.manager.ManagerServlet.doPut(ManagerServlet.java:447)
	at javax.servlet.http.HttpServlet.service(HttpServlet.java:653)
	at javax.servlet.http.HttpServlet.service(HttpServlet.java:731)
	at org.apache.catalina.core.ApplicationFilterChain.internalDoFilter(ApplicationFilterChain.java:303)
	at org.apache.catalina.core.ApplicationFilterChain.doFilter(ApplicationFilterChain.java:208)
	at org.apache.tomcat.websocket.server.WsFilter.doFilter(WsFilter.java:52)
	at org.apache.catalina.core.ApplicationFilterChain.internalDoFilter(ApplicationFilterChain.java:241)
	at org.apache.catalina.core.ApplicationFilterChain.doFilter(ApplicationFilterChain.java:208)
	at org.apache.catalina.filters.SetCharacterEncodingFilter.doFilter(SetCharacterEncodingFilter.java:108)
	at org.apache.catalina.core.ApplicationFilterChain.internalDoFilter(ApplicationFilterChain.java:241)
	at org.apache.catalina.core.ApplicationFilterChain.doFilter(ApplicationFilterChain.java:208)
	at org.apache.catalina.core.StandardWrapperValve.invoke(StandardWrapperValve.java:218)
	at org.apache.catalina.core.StandardContextValve.invoke(StandardContextValve.java:110)
	at org.apache.catalina.authenticator.AuthenticatorBase.invoke(AuthenticatorBase.java:615)
	at org.apache.catalina.core.StandardHostValve.invoke(StandardHostValve.java:169)
	at org.apache.catalina.valves.ErrorReportValve.invoke(ErrorReportValve.java:103)
	at org.apache.catalina.valves.AccessLogValve.invoke(AccessLogValve.java:962)
	at org.apache.catalina.core.StandardEngineValve.invoke(StandardEngineValve.java:116)
	at org.apache.catalina.connector.CoyoteAdapter.service(CoyoteAdapter.java:452)
	at org.apache.coyote.http11.AbstractHttp11Processor.process(AbstractHttp11Processor.java:1087)
	at org.apache.coyote.AbstractProtocol$AbstractConnectionHandler.process(AbstractProtocol.java:637)
	at org.apache.tomcat.util.net.AprEndpoint$SocketWithOptionsProcessor.run(AprEndpoint.java:2473)
	at java.util.concurrent.ThreadPoolExecutor.runWorker(ThreadPoolExecutor.java:1142)
	at java.util.concurrent.ThreadPoolExecutor$Worker.run(ThreadPoolExecutor.java:617)
	at org.apache.tomcat.util.threads.TaskThread$WrappingRunnable.run(TaskThread.java:61)
	at java.lang.Thread.run(Thread.java:745)

Apr 28, 2017 7:07:17 PM org.apache.catalina.core.ApplicationContext log
INFO: Manager: init: Associated with Deployer 'Catalina:type=Deployer,host=localhost'
Apr 28, 2017 7:07:17 PM org.apache.catalina.core.ApplicationContext log
INFO: Manager: init: Global resources are available
Apr 28, 2017 7:07:17 PM org.apache.catalina.core.ApplicationContext log
INFO: Manager: deploy: Deploying web application '/'
Apr 28, 2017 7:07:17 PM org.apache.catalina.core.ApplicationContext log
INFO: Manager: Uploading WAR file to /usr/local/tomcat/webapps/ROOT.war.tmp
Apr 28, 2017 7:08:24 PM org.apache.catalina.core.ApplicationContext log
INFO: Manager: init: Associated with Deployer 'Catalina:type=Deployer,host=localhost'
Apr 28, 2017 7:08:24 PM org.apache.catalina.core.ApplicationContext log
INFO: Manager: init: Global resources are available
Apr 28, 2017 7:08:24 PM org.apache.catalina.core.ApplicationContext log
INFO: Manager: deploy: Deploying web application '/'
Apr 28, 2017 7:08:24 PM org.apache.catalina.core.ApplicationContext log
INFO: Manager: Uploading WAR file to /usr/local/tomcat/webapps/ROOT.war.tmp
Apr 28, 2017 7:14:37 PM org.apache.catalina.core.ApplicationContext log
INFO: Manager: deploy: Deploying web application '/'
Apr 28, 2017 7:14:37 PM org.apache.catalina.core.ApplicationContext log
INFO: Manager: Uploading WAR file to /usr/local/tomcat/webapps/ROOT.war.tmp
Apr 28, 2017 7:15:54 PM org.apache.catalina.core.ApplicationContext log
INFO: Manager: deploy: Deploying web application '/'
Apr 28, 2017 7:15:54 PM org.apache.catalina.core.ApplicationContext log
INFO: Manager: Uploading WAR file to /usr/local/tomcat/webapps/ROOT.war.tmp
Apr 28, 2017 7:34:50 PM org.apache.catalina.core.ApplicationContext log
INFO: Manager: deploy: Deploying web application '/'
Apr 28, 2017 7:34:50 PM org.apache.catalina.core.ApplicationContext log
INFO: Manager: Uploading WAR file to /usr/local/tomcat/webapps/ROOT.war.tmp
Apr 28, 2017 7:48:37 PM org.apache.catalina.core.ApplicationContext log
INFO: Manager: deploy: Deploying web application '/'
Apr 28, 2017 7:48:37 PM org.apache.catalina.core.ApplicationContext log
INFO: Manager: Uploading WAR file to /usr/local/tomcat/webapps/ROOT.war.tmp
