May 06, 2017 11:05:04 AM org.apache.catalina.core.ApplicationContext log
INFO: Manager: init: Associated with Deployer 'Catalina:type=Deployer,host=localhost'
May 06, 2017 11:05:04 AM org.apache.catalina.core.ApplicationContext log
INFO: Manager: init: Global resources are available
May 06, 2017 11:05:04 AM org.apache.catalina.core.ApplicationContext log
INFO: Manager: deploy: Deploying web application '/'
May 06, 2017 11:05:04 AM org.apache.catalina.core.ApplicationContext log
INFO: Manager: Uploading WAR file to /usr/local/tomcat/webapps/ROOT.war.tmp
May 06, 2017 11:07:44 AM org.apache.catalina.core.ApplicationContext log
INFO: Manager: deploy: Deploying web application '/'
May 06, 2017 11:07:44 AM org.apache.catalina.core.ApplicationContext log
INFO: Manager: Uploading WAR file to /usr/local/tomcat/webapps/ROOT.war.tmp
May 06, 2017 11:21:45 AM org.apache.catalina.core.ApplicationContext log
INFO: Manager: deploy: Deploying web application '/'
May 06, 2017 11:21:45 AM org.apache.catalina.core.ApplicationContext log
INFO: Manager: Uploading WAR file to /usr/local/tomcat/webapps/ROOT.war.tmp
May 06, 2017 11:31:53 AM org.apache.catalina.core.ApplicationContext log
INFO: Manager: deploy: Deploying web application '/'
May 06, 2017 11:31:53 AM org.apache.catalina.core.ApplicationContext log
INFO: Manager: Uploading WAR file to /usr/local/tomcat/webapps/ROOT.war.tmp
May 06, 2017 11:40:06 AM org.apache.catalina.core.ApplicationContext log
INFO: Manager: deploy: Deploying web application '/'
May 06, 2017 11:40:06 AM org.apache.catalina.core.ApplicationContext log
INFO: Manager: Uploading WAR file to /usr/local/tomcat/webapps/ROOT.war.tmp
May 06, 2017 12:04:05 PM org.apache.catalina.core.ApplicationContext log
INFO: Manager: deploy: Deploying web application '/'
May 06, 2017 12:04:05 PM org.apache.catalina.core.ApplicationContext log
INFO: Manager: Uploading WAR file to /usr/local/tomcat/webapps/ROOT.war.tmp
May 06, 2017 12:04:51 PM org.apache.catalina.core.ApplicationContext log
INFO: Manager: deploy: Deploying web application '/'
May 06, 2017 12:04:51 PM org.apache.catalina.core.ApplicationContext log
INFO: Manager: Uploading WAR file to /usr/local/tomcat/webapps/ROOT.war.tmp
May 06, 2017 12:05:41 PM org.apache.catalina.core.ApplicationContext log
INFO: Manager: deploy: Deploying web application '/'
May 06, 2017 12:05:41 PM org.apache.catalina.core.ApplicationContext log
INFO: Manager: Uploading WAR file to /usr/local/tomcat/webapps/ROOT.war.tmp
May 06, 2017 12:08:38 PM org.apache.catalina.core.ApplicationContext log
INFO: Manager: deploy: Deploying web application '/'
May 06, 2017 12:08:38 PM org.apache.catalina.core.ApplicationContext log
INFO: Manager: Uploading WAR file to /usr/local/tomcat/webapps/ROOT.war.tmp
May 06, 2017 12:30:59 PM org.apache.catalina.core.ApplicationContext log
INFO: Manager: deploy: Deploying web application '/'
May 06, 2017 12:30:59 PM org.apache.catalina.core.ApplicationContext log
INFO: Manager: Uploading WAR file to /usr/local/tomcat/webapps/ROOT.war.tmp
