Apr 29, 2017 7:09:03 AM org.apache.catalina.core.ApplicationContext log
INFO: Manager: init: Associated with Deployer 'Catalina:type=Deployer,host=localhost'
Apr 29, 2017 7:09:03 AM org.apache.catalina.core.ApplicationContext log
INFO: Manager: init: Global resources are available
Apr 29, 2017 7:09:03 AM org.apache.catalina.core.ApplicationContext log
INFO: Manager: deploy: Deploying web application '/'
Apr 29, 2017 7:09:03 AM org.apache.catalina.core.ApplicationContext log
INFO: Manager: Uploading WAR file to /usr/local/tomcat/webapps/ROOT.war.tmp
Apr 29, 2017 7:11:21 AM org.apache.catalina.core.ApplicationContext log
INFO: Manager: init: Associated with Deployer 'Catalina:type=Deployer,host=localhost'
Apr 29, 2017 7:11:21 AM org.apache.catalina.core.ApplicationContext log
INFO: Manager: init: Global resources are available
Apr 29, 2017 7:11:21 AM org.apache.catalina.core.ApplicationContext log
INFO: Manager: deploy: Deploying web application '/'
Apr 29, 2017 7:11:21 AM org.apache.catalina.core.ApplicationContext log
INFO: Manager: Uploading WAR file to /usr/local/tomcat/webapps/ROOT.war.tmp
Apr 29, 2017 7:25:59 AM org.apache.catalina.core.ApplicationContext log
INFO: Manager: deploy: Deploying web application '/'
Apr 29, 2017 7:25:59 AM org.apache.catalina.core.ApplicationContext log
INFO: Manager: Uploading WAR file to /usr/local/tomcat/webapps/ROOT.war.tmp
Apr 29, 2017 7:30:21 AM org.apache.catalina.core.ApplicationContext log
INFO: Manager: deploy: Deploying web application '/'
Apr 29, 2017 7:30:21 AM org.apache.catalina.core.ApplicationContext log
INFO: Manager: Uploading WAR file to /usr/local/tomcat/webapps/ROOT.war.tmp
Apr 29, 2017 7:31:21 AM org.apache.catalina.core.ApplicationContext log
INFO: Manager: deploy: Deploying web application '/'
Apr 29, 2017 7:31:21 AM org.apache.catalina.core.ApplicationContext log
INFO: Manager: Uploading WAR file to /usr/local/tomcat/webapps/ROOT.war.tmp
Apr 29, 2017 7:50:48 AM org.apache.catalina.core.ApplicationContext log
INFO: Manager: deploy: Deploying web application '/'
Apr 29, 2017 7:50:48 AM org.apache.catalina.core.ApplicationContext log
INFO: Manager: Uploading WAR file to /usr/local/tomcat/webapps/ROOT.war.tmp
Apr 29, 2017 7:53:56 AM org.apache.catalina.core.ApplicationContext log
INFO: Manager: deploy: Deploying web application '/'
Apr 29, 2017 7:53:56 AM org.apache.catalina.core.ApplicationContext log
INFO: Manager: Uploading WAR file to /usr/local/tomcat/webapps/ROOT.war.tmp
Apr 29, 2017 7:56:23 AM org.apache.catalina.core.ApplicationContext log
INFO: Manager: deploy: Deploying web application '/'
Apr 29, 2017 7:56:23 AM org.apache.catalina.core.ApplicationContext log
INFO: Manager: Uploading WAR file to /usr/local/tomcat/webapps/ROOT.war.tmp
Apr 29, 2017 8:04:25 AM org.apache.catalina.core.ApplicationContext log
INFO: Manager: deploy: Deploying web application '/'
Apr 29, 2017 8:04:25 AM org.apache.catalina.core.ApplicationContext log
INFO: Manager: Uploading WAR file to /usr/local/tomcat/webapps/ROOT.war.tmp
Apr 29, 2017 8:12:21 AM org.apache.catalina.core.ApplicationContext log
INFO: Manager: deploy: Deploying web application '/'
Apr 29, 2017 8:12:21 AM org.apache.catalina.core.ApplicationContext log
INFO: Manager: Uploading WAR file to /usr/local/tomcat/webapps/ROOT.war.tmp
Apr 29, 2017 8:16:33 AM org.apache.catalina.core.ApplicationContext log
INFO: Manager: deploy: Deploying web application '/'
Apr 29, 2017 8:16:33 AM org.apache.catalina.core.ApplicationContext log
INFO: Manager: Uploading WAR file to /usr/local/tomcat/webapps/ROOT.war.tmp
Apr 29, 2017 8:19:46 AM org.apache.catalina.core.ApplicationContext log
INFO: Manager: deploy: Deploying web application '/'
Apr 29, 2017 8:19:46 AM org.apache.catalina.core.ApplicationContext log
INFO: Manager: Uploading WAR file to /usr/local/tomcat/webapps/ROOT.war.tmp
Apr 29, 2017 9:34:27 AM org.apache.catalina.core.ApplicationContext log
INFO: Manager: deploy: Deploying web application '/'
Apr 29, 2017 9:34:27 AM org.apache.catalina.core.ApplicationContext log
INFO: Manager: Uploading WAR file to /usr/local/tomcat/webapps/ROOT.war.tmp
Apr 29, 2017 9:37:01 AM org.apache.catalina.core.ApplicationContext log
INFO: Manager: deploy: Deploying web application '/'
Apr 29, 2017 9:37:01 AM org.apache.catalina.core.ApplicationContext log
INFO: Manager: Uploading WAR file to /usr/local/tomcat/webapps/ROOT.war.tmp
Apr 29, 2017 9:38:37 AM org.apache.catalina.core.ApplicationContext log
INFO: Manager: deploy: Deploying web application '/'
Apr 29, 2017 9:38:37 AM org.apache.catalina.core.ApplicationContext log
INFO: Manager: Uploading WAR file to /usr/local/tomcat/webapps/ROOT.war.tmp
Apr 29, 2017 9:41:10 AM org.apache.catalina.core.ApplicationContext log
INFO: Manager: deploy: Deploying web application '/'
Apr 29, 2017 9:41:10 AM org.apache.catalina.core.ApplicationContext log
INFO: Manager: Uploading WAR file to /usr/local/tomcat/webapps/ROOT.war.tmp
Apr 29, 2017 9:43:27 AM org.apache.catalina.core.ApplicationContext log
INFO: Manager: deploy: Deploying web application '/'
Apr 29, 2017 9:43:27 AM org.apache.catalina.core.ApplicationContext log
INFO: Manager: Uploading WAR file to /usr/local/tomcat/webapps/ROOT.war.tmp
Apr 29, 2017 9:44:38 AM org.apache.catalina.core.ApplicationContext log
INFO: Manager: deploy: Deploying web application '/'
Apr 29, 2017 9:44:38 AM org.apache.catalina.core.ApplicationContext log
INFO: Manager: Uploading WAR file to /usr/local/tomcat/webapps/ROOT.war.tmp
