May 09, 2017 7:06:07 AM org.apache.catalina.core.ApplicationContext log
INFO: Manager: init: Associated with Deployer 'Catalina:type=Deployer,host=localhost'
May 09, 2017 7:06:07 AM org.apache.catalina.core.ApplicationContext log
INFO: Manager: init: Global resources are available
May 09, 2017 7:06:07 AM org.apache.catalina.core.ApplicationContext log
INFO: Manager: deploy: Deploying web application '/'
May 09, 2017 7:06:07 AM org.apache.catalina.core.ApplicationContext log
INFO: Manager: Uploading WAR file to /usr/local/tomcat/webapps/ROOT.war.tmp
May 09, 2017 7:39:12 AM org.apache.catalina.core.ApplicationContext log
INFO: Manager: deploy: Deploying web application '/'
May 09, 2017 7:39:12 AM org.apache.catalina.core.ApplicationContext log
INFO: Manager: Uploading WAR file to /usr/local/tomcat/webapps/ROOT.war.tmp
May 09, 2017 7:42:52 AM org.apache.catalina.core.ApplicationContext log
INFO: Manager: deploy: Deploying web application '/'
May 09, 2017 7:42:52 AM org.apache.catalina.core.ApplicationContext log
INFO: Manager: Uploading WAR file to /usr/local/tomcat/webapps/ROOT.war.tmp
May 09, 2017 7:46:34 AM org.apache.catalina.core.ApplicationContext log
INFO: Manager: deploy: Deploying web application '/'
May 09, 2017 7:46:34 AM org.apache.catalina.core.ApplicationContext log
INFO: Manager: Uploading WAR file to /usr/local/tomcat/webapps/ROOT.war.tmp
May 09, 2017 7:51:03 AM org.apache.catalina.core.ApplicationContext log
INFO: Manager: deploy: Deploying web application '/'
May 09, 2017 7:51:03 AM org.apache.catalina.core.ApplicationContext log
INFO: Manager: Uploading WAR file to /usr/local/tomcat/webapps/ROOT.war.tmp
May 09, 2017 7:52:46 AM org.apache.catalina.core.ApplicationContext log
INFO: Manager: deploy: Deploying web application '/'
May 09, 2017 7:52:46 AM org.apache.catalina.core.ApplicationContext log
INFO: Manager: Uploading WAR file to /usr/local/tomcat/webapps/ROOT.war.tmp
May 09, 2017 7:53:50 AM org.apache.catalina.core.ApplicationContext log
INFO: Manager: deploy: Deploying web application '/'
May 09, 2017 7:53:50 AM org.apache.catalina.core.ApplicationContext log
INFO: Manager: Uploading WAR file to /usr/local/tomcat/webapps/ROOT.war.tmp
May 09, 2017 7:55:36 AM org.apache.catalina.core.ApplicationContext log
INFO: Manager: deploy: Deploying web application '/'
May 09, 2017 7:55:36 AM org.apache.catalina.core.ApplicationContext log
INFO: Manager: Uploading WAR file to /usr/local/tomcat/webapps/ROOT.war.tmp
May 09, 2017 7:58:21 AM org.apache.catalina.core.ApplicationContext log
INFO: Manager: deploy: Deploying web application '/'
May 09, 2017 7:58:21 AM org.apache.catalina.core.ApplicationContext log
INFO: Manager: Uploading WAR file to /usr/local/tomcat/webapps/ROOT.war.tmp
May 09, 2017 8:00:59 AM org.apache.catalina.core.ApplicationContext log
INFO: Manager: deploy: Deploying web application '/'
May 09, 2017 8:00:59 AM org.apache.catalina.core.ApplicationContext log
INFO: Manager: Uploading WAR file to /usr/local/tomcat/webapps/ROOT.war.tmp
May 09, 2017 8:01:51 AM org.apache.catalina.core.ApplicationContext log
INFO: Manager: deploy: Deploying web application '/'
May 09, 2017 8:01:51 AM org.apache.catalina.core.ApplicationContext log
INFO: Manager: Uploading WAR file to /usr/local/tomcat/webapps/ROOT.war.tmp
May 09, 2017 8:03:49 AM org.apache.catalina.core.ApplicationContext log
INFO: Manager: deploy: Deploying web application '/'
May 09, 2017 8:03:49 AM org.apache.catalina.core.ApplicationContext log
INFO: Manager: Uploading WAR file to /usr/local/tomcat/webapps/ROOT.war.tmp
May 09, 2017 8:07:00 AM org.apache.catalina.core.ApplicationContext log
INFO: Manager: deploy: Deploying web application '/'
May 09, 2017 8:07:00 AM org.apache.catalina.core.ApplicationContext log
INFO: Manager: Uploading WAR file to /usr/local/tomcat/webapps/ROOT.war.tmp
May 09, 2017 8:17:41 AM org.apache.catalina.core.ApplicationContext log
INFO: Manager: deploy: Deploying web application '/'
May 09, 2017 8:17:41 AM org.apache.catalina.core.ApplicationContext log
INFO: Manager: Uploading WAR file to /usr/local/tomcat/webapps/ROOT.war.tmp
May 09, 2017 8:19:28 AM org.apache.catalina.core.ApplicationContext log
INFO: Manager: deploy: Deploying web application '/'
May 09, 2017 8:19:28 AM org.apache.catalina.core.ApplicationContext log
INFO: Manager: Uploading WAR file to /usr/local/tomcat/webapps/ROOT.war.tmp
May 09, 2017 8:28:24 AM org.apache.catalina.core.ApplicationContext log
INFO: Manager: deploy: Deploying web application '/'
May 09, 2017 8:28:24 AM org.apache.catalina.core.ApplicationContext log
INFO: Manager: Uploading WAR file to /usr/local/tomcat/webapps/ROOT.war.tmp
May 09, 2017 8:33:33 AM org.apache.catalina.core.ApplicationContext log
INFO: Manager: deploy: Deploying web application '/'
May 09, 2017 8:33:33 AM org.apache.catalina.core.ApplicationContext log
INFO: Manager: Uploading WAR file to /usr/local/tomcat/webapps/ROOT.war.tmp
May 09, 2017 8:36:12 AM org.apache.catalina.core.ApplicationContext log
INFO: Manager: deploy: Deploying web application '/'
May 09, 2017 8:36:12 AM org.apache.catalina.core.ApplicationContext log
INFO: Manager: Uploading WAR file to /usr/local/tomcat/webapps/ROOT.war.tmp
May 09, 2017 8:42:10 AM org.apache.catalina.core.ApplicationContext log
INFO: Manager: deploy: Deploying web application '/'
May 09, 2017 8:42:10 AM org.apache.catalina.core.ApplicationContext log
INFO: Manager: Uploading WAR file to /usr/local/tomcat/webapps/ROOT.war.tmp
May 09, 2017 9:32:54 AM org.apache.catalina.core.ApplicationContext log
INFO: Manager: deploy: Deploying web application '/'
May 09, 2017 9:32:54 AM org.apache.catalina.core.ApplicationContext log
INFO: Manager: Uploading WAR file to /usr/local/tomcat/webapps/ROOT.war.tmp
May 09, 2017 9:35:48 AM org.apache.catalina.core.ApplicationContext log
INFO: Manager: deploy: Deploying web application '/'
May 09, 2017 9:35:48 AM org.apache.catalina.core.ApplicationContext log
INFO: Manager: Uploading WAR file to /usr/local/tomcat/webapps/ROOT.war.tmp
May 09, 2017 10:09:08 AM org.apache.catalina.core.ApplicationContext log
INFO: Manager: deploy: Deploying web application '/'
May 09, 2017 10:09:08 AM org.apache.catalina.core.ApplicationContext log
INFO: Manager: Uploading WAR file to /usr/local/tomcat/webapps/ROOT.war.tmp
May 09, 2017 10:17:18 AM org.apache.catalina.core.ApplicationContext log
INFO: Manager: deploy: Deploying web application '/'
May 09, 2017 10:17:18 AM org.apache.catalina.core.ApplicationContext log
INFO: Manager: Uploading WAR file to /usr/local/tomcat/webapps/ROOT.war.tmp
May 09, 2017 10:18:31 AM org.apache.catalina.core.ApplicationContext log
INFO: Manager: deploy: Deploying web application '/'
May 09, 2017 10:18:31 AM org.apache.catalina.core.ApplicationContext log
INFO: Manager: Uploading WAR file to /usr/local/tomcat/webapps/ROOT.war.tmp
May 09, 2017 10:22:32 AM org.apache.catalina.core.ApplicationContext log
INFO: Manager: deploy: Deploying web application '/'
May 09, 2017 10:22:32 AM org.apache.catalina.core.ApplicationContext log
INFO: Manager: Uploading WAR file to /usr/local/tomcat/webapps/ROOT.war.tmp
May 09, 2017 10:25:44 AM org.apache.catalina.core.ApplicationContext log
INFO: Manager: deploy: Deploying web application '/'
May 09, 2017 10:25:44 AM org.apache.catalina.core.ApplicationContext log
INFO: Manager: Uploading WAR file to /usr/local/tomcat/webapps/ROOT.war.tmp
May 09, 2017 10:40:05 AM org.apache.catalina.core.ApplicationContext log
INFO: Manager: deploy: Deploying web application '/'
May 09, 2017 10:40:05 AM org.apache.catalina.core.ApplicationContext log
INFO: Manager: Uploading WAR file to /usr/local/tomcat/webapps/ROOT.war.tmp
May 09, 2017 10:41:36 AM org.apache.catalina.core.ApplicationContext log
INFO: Manager: deploy: Deploying web application '/'
May 09, 2017 10:41:36 AM org.apache.catalina.core.ApplicationContext log
INFO: Manager: Uploading WAR file to /usr/local/tomcat/webapps/ROOT.war.tmp
May 09, 2017 10:56:25 AM org.apache.catalina.core.ApplicationContext log
INFO: Manager: deploy: Deploying web application '/'
May 09, 2017 10:56:25 AM org.apache.catalina.core.ApplicationContext log
INFO: Manager: Uploading WAR file to /usr/local/tomcat/webapps/ROOT.war.tmp
May 09, 2017 11:02:00 AM org.apache.catalina.core.ApplicationContext log
INFO: Manager: deploy: Deploying web application '/'
May 09, 2017 11:02:00 AM org.apache.catalina.core.ApplicationContext log
INFO: Manager: Uploading WAR file to /usr/local/tomcat/webapps/ROOT.war.tmp
May 09, 2017 11:03:45 AM org.apache.catalina.core.ApplicationContext log
INFO: Manager: deploy: Deploying web application '/'
May 09, 2017 11:03:45 AM org.apache.catalina.core.ApplicationContext log
INFO: Manager: Uploading WAR file to /usr/local/tomcat/webapps/ROOT.war.tmp
May 09, 2017 12:36:25 PM org.apache.catalina.core.ApplicationContext log
INFO: Manager: deploy: Deploying web application '/'
May 09, 2017 12:36:25 PM org.apache.catalina.core.ApplicationContext log
INFO: Manager: Uploading WAR file to /usr/local/tomcat/webapps/ROOT.war.tmp
May 09, 2017 12:39:15 PM org.apache.catalina.core.ApplicationContext log
INFO: Manager: deploy: Deploying web application '/'
May 09, 2017 12:39:15 PM org.apache.catalina.core.ApplicationContext log
INFO: Manager: Uploading WAR file to /usr/local/tomcat/webapps/ROOT.war.tmp
May 09, 2017 12:42:42 PM org.apache.catalina.core.ApplicationContext log
INFO: Manager: deploy: Deploying web application '/'
May 09, 2017 12:42:42 PM org.apache.catalina.core.ApplicationContext log
INFO: Manager: Uploading WAR file to /usr/local/tomcat/webapps/ROOT.war.tmp
May 09, 2017 12:44:29 PM org.apache.catalina.core.ApplicationContext log
INFO: Manager: deploy: Deploying web application '/'
May 09, 2017 12:44:29 PM org.apache.catalina.core.ApplicationContext log
INFO: Manager: Uploading WAR file to /usr/local/tomcat/webapps/ROOT.war.tmp
May 09, 2017 12:47:07 PM org.apache.catalina.core.ApplicationContext log
INFO: Manager: deploy: Deploying web application '/'
May 09, 2017 12:47:07 PM org.apache.catalina.core.ApplicationContext log
INFO: Manager: Uploading WAR file to /usr/local/tomcat/webapps/ROOT.war.tmp
May 09, 2017 12:49:16 PM org.apache.catalina.core.ApplicationContext log
INFO: Manager: deploy: Deploying web application '/'
May 09, 2017 12:49:16 PM org.apache.catalina.core.ApplicationContext log
INFO: Manager: Uploading WAR file to /usr/local/tomcat/webapps/ROOT.war.tmp
May 09, 2017 12:53:47 PM org.apache.catalina.core.ApplicationContext log
INFO: Manager: deploy: Deploying web application '/'
May 09, 2017 12:53:47 PM org.apache.catalina.core.ApplicationContext log
INFO: Manager: Uploading WAR file to /usr/local/tomcat/webapps/ROOT.war.tmp
May 09, 2017 1:02:14 PM org.apache.catalina.core.ApplicationContext log
INFO: Manager: deploy: Deploying web application '/'
May 09, 2017 1:02:14 PM org.apache.catalina.core.ApplicationContext log
INFO: Manager: Uploading WAR file to /usr/local/tomcat/webapps/ROOT.war.tmp
May 09, 2017 1:13:29 PM org.apache.catalina.core.ApplicationContext log
INFO: Manager: deploy: Deploying web application '/'
May 09, 2017 1:13:29 PM org.apache.catalina.core.ApplicationContext log
INFO: Manager: Uploading WAR file to /usr/local/tomcat/webapps/ROOT.war.tmp
May 09, 2017 1:14:45 PM org.apache.catalina.core.ApplicationContext log
INFO: Manager: deploy: Deploying web application '/'
May 09, 2017 1:14:45 PM org.apache.catalina.core.ApplicationContext log
INFO: Manager: Uploading WAR file to /usr/local/tomcat/webapps/ROOT.war.tmp
May 09, 2017 1:16:49 PM org.apache.catalina.core.ApplicationContext log
INFO: Manager: deploy: Deploying web application '/'
May 09, 2017 1:16:49 PM org.apache.catalina.core.ApplicationContext log
INFO: Manager: Uploading WAR file to /usr/local/tomcat/webapps/ROOT.war.tmp
May 09, 2017 1:21:13 PM org.apache.catalina.core.ApplicationContext log
INFO: Manager: deploy: Deploying web application '/'
May 09, 2017 1:21:13 PM org.apache.catalina.core.ApplicationContext log
INFO: Manager: Uploading WAR file to /usr/local/tomcat/webapps/ROOT.war.tmp
May 09, 2017 1:29:36 PM org.apache.catalina.core.ApplicationContext log
INFO: Manager: deploy: Deploying web application '/'
May 09, 2017 1:29:36 PM org.apache.catalina.core.ApplicationContext log
INFO: Manager: Uploading WAR file to /usr/local/tomcat/webapps/ROOT.war.tmp
May 09, 2017 1:34:03 PM org.apache.catalina.core.ApplicationContext log
INFO: Manager: deploy: Deploying web application '/'
May 09, 2017 1:34:03 PM org.apache.catalina.core.ApplicationContext log
INFO: Manager: Uploading WAR file to /usr/local/tomcat/webapps/ROOT.war.tmp
May 09, 2017 1:35:27 PM org.apache.catalina.core.ApplicationContext log
INFO: Manager: deploy: Deploying web application '/'
May 09, 2017 1:35:27 PM org.apache.catalina.core.ApplicationContext log
INFO: Manager: Uploading WAR file to /usr/local/tomcat/webapps/ROOT.war.tmp
May 09, 2017 1:39:16 PM org.apache.catalina.core.ApplicationContext log
INFO: Manager: deploy: Deploying web application '/'
May 09, 2017 1:39:16 PM org.apache.catalina.core.ApplicationContext log
INFO: Manager: Uploading WAR file to /usr/local/tomcat/webapps/ROOT.war.tmp
May 09, 2017 1:40:39 PM org.apache.catalina.core.ApplicationContext log
INFO: Manager: deploy: Deploying web application '/'
May 09, 2017 1:40:39 PM org.apache.catalina.core.ApplicationContext log
INFO: Manager: Uploading WAR file to /usr/local/tomcat/webapps/ROOT.war.tmp
May 09, 2017 1:41:58 PM org.apache.catalina.core.ApplicationContext log
INFO: Manager: deploy: Deploying web application '/'
May 09, 2017 1:41:58 PM org.apache.catalina.core.ApplicationContext log
INFO: Manager: Uploading WAR file to /usr/local/tomcat/webapps/ROOT.war.tmp
May 09, 2017 2:10:08 PM org.apache.catalina.core.ApplicationContext log
INFO: Manager: deploy: Deploying web application '/'
May 09, 2017 2:10:08 PM org.apache.catalina.core.ApplicationContext log
INFO: Manager: Uploading WAR file to /usr/local/tomcat/webapps/ROOT.war.tmp
May 09, 2017 2:14:55 PM org.apache.catalina.core.ApplicationContext log
INFO: Manager: deploy: Deploying web application '/'
May 09, 2017 2:14:55 PM org.apache.catalina.core.ApplicationContext log
INFO: Manager: Uploading WAR file to /usr/local/tomcat/webapps/ROOT.war.tmp
May 09, 2017 2:16:19 PM org.apache.catalina.core.ApplicationContext log
INFO: Manager: deploy: Deploying web application '/'
May 09, 2017 2:16:19 PM org.apache.catalina.core.ApplicationContext log
INFO: Manager: Uploading WAR file to /usr/local/tomcat/webapps/ROOT.war.tmp
May 09, 2017 2:17:48 PM org.apache.catalina.core.ApplicationContext log
INFO: Manager: deploy: Deploying web application '/'
May 09, 2017 2:17:48 PM org.apache.catalina.core.ApplicationContext log
INFO: Manager: Uploading WAR file to /usr/local/tomcat/webapps/ROOT.war.tmp
May 09, 2017 2:18:56 PM org.apache.catalina.core.ApplicationContext log
INFO: Manager: deploy: Deploying web application '/'
May 09, 2017 2:18:56 PM org.apache.catalina.core.ApplicationContext log
INFO: Manager: Uploading WAR file to /usr/local/tomcat/webapps/ROOT.war.tmp
May 09, 2017 2:19:09 PM org.apache.catalina.core.ApplicationContext log
INFO: Manager: deploy: Deploying web application '/'
May 09, 2017 2:19:09 PM org.apache.catalina.core.ApplicationContext log
INFO: Manager: Uploading WAR file to /usr/local/tomcat/webapps/ROOT.war.tmp
May 09, 2017 2:24:32 PM org.apache.catalina.core.ApplicationContext log
INFO: Manager: deploy: Deploying web application '/'
May 09, 2017 2:24:32 PM org.apache.catalina.core.ApplicationContext log
INFO: Manager: Uploading WAR file to /usr/local/tomcat/webapps/ROOT.war.tmp
May 09, 2017 2:31:47 PM org.apache.catalina.core.ApplicationContext log
INFO: Manager: deploy: Deploying web application '/'
May 09, 2017 2:31:47 PM org.apache.catalina.core.ApplicationContext log
INFO: Manager: Uploading WAR file to /usr/local/tomcat/webapps/ROOT.war.tmp
May 09, 2017 2:38:12 PM org.apache.catalina.core.ApplicationContext log
INFO: Manager: deploy: Deploying web application '/'
May 09, 2017 2:38:12 PM org.apache.catalina.core.ApplicationContext log
INFO: Manager: Uploading WAR file to /usr/local/tomcat/webapps/ROOT.war.tmp
May 09, 2017 2:40:57 PM org.apache.catalina.core.ApplicationContext log
INFO: Manager: deploy: Deploying web application '/'
May 09, 2017 2:40:57 PM org.apache.catalina.core.ApplicationContext log
INFO: Manager: Uploading WAR file to /usr/local/tomcat/webapps/ROOT.war.tmp
May 09, 2017 2:42:56 PM org.apache.catalina.core.ApplicationContext log
INFO: Manager: deploy: Deploying web application '/'
May 09, 2017 2:42:56 PM org.apache.catalina.core.ApplicationContext log
INFO: Manager: Uploading WAR file to /usr/local/tomcat/webapps/ROOT.war.tmp
May 09, 2017 2:43:59 PM org.apache.catalina.core.ApplicationContext log
INFO: Manager: deploy: Deploying web application '/'
May 09, 2017 2:43:59 PM org.apache.catalina.core.ApplicationContext log
INFO: Manager: Uploading WAR file to /usr/local/tomcat/webapps/ROOT.war.tmp
May 09, 2017 2:45:15 PM org.apache.catalina.core.ApplicationContext log
INFO: Manager: deploy: Deploying web application '/'
May 09, 2017 2:45:15 PM org.apache.catalina.core.ApplicationContext log
INFO: Manager: Uploading WAR file to /usr/local/tomcat/webapps/ROOT.war.tmp
May 09, 2017 2:46:48 PM org.apache.catalina.core.ApplicationContext log
INFO: Manager: deploy: Deploying web application '/'
May 09, 2017 2:46:48 PM org.apache.catalina.core.ApplicationContext log
INFO: Manager: Uploading WAR file to /usr/local/tomcat/webapps/ROOT.war.tmp
May 09, 2017 2:47:21 PM org.apache.catalina.core.ApplicationContext log
INFO: Manager: deploy: Deploying web application '/'
May 09, 2017 2:47:21 PM org.apache.catalina.core.ApplicationContext log
INFO: Manager: Uploading WAR file to /usr/local/tomcat/webapps/ROOT.war.tmp
May 09, 2017 2:48:53 PM org.apache.catalina.core.ApplicationContext log
INFO: Manager: deploy: Deploying web application '/'
May 09, 2017 2:48:53 PM org.apache.catalina.core.ApplicationContext log
INFO: Manager: Uploading WAR file to /usr/local/tomcat/webapps/ROOT.war.tmp
May 09, 2017 2:50:39 PM org.apache.catalina.core.ApplicationContext log
INFO: Manager: deploy: Deploying web application '/'
May 09, 2017 2:50:39 PM org.apache.catalina.core.ApplicationContext log
INFO: Manager: Uploading WAR file to /usr/local/tomcat/webapps/ROOT.war.tmp
May 09, 2017 2:53:39 PM org.apache.catalina.core.ApplicationContext log
INFO: Manager: deploy: Deploying web application '/'
May 09, 2017 2:53:39 PM org.apache.catalina.core.ApplicationContext log
INFO: Manager: Uploading WAR file to /usr/local/tomcat/webapps/ROOT.war.tmp
May 09, 2017 2:57:34 PM org.apache.catalina.core.ApplicationContext log
INFO: Manager: deploy: Deploying web application '/'
May 09, 2017 2:57:34 PM org.apache.catalina.core.ApplicationContext log
INFO: Manager: Uploading WAR file to /usr/local/tomcat/webapps/ROOT.war.tmp
May 09, 2017 2:59:22 PM org.apache.catalina.core.ApplicationContext log
INFO: Manager: deploy: Deploying web application '/'
May 09, 2017 2:59:22 PM org.apache.catalina.core.ApplicationContext log
INFO: Manager: Uploading WAR file to /usr/local/tomcat/webapps/ROOT.war.tmp
May 09, 2017 3:02:42 PM org.apache.catalina.core.ApplicationContext log
INFO: Manager: deploy: Deploying web application '/'
May 09, 2017 3:02:42 PM org.apache.catalina.core.ApplicationContext log
INFO: Manager: Uploading WAR file to /usr/local/tomcat/webapps/ROOT.war.tmp
May 09, 2017 3:03:00 PM org.apache.catalina.core.ApplicationContext log
INFO: Manager: deploy: Deploying web application '/'
May 09, 2017 3:03:00 PM org.apache.catalina.core.ApplicationContext log
INFO: Manager: Uploading WAR file to /usr/local/tomcat/webapps/ROOT.war.tmp
May 09, 2017 3:14:46 PM org.apache.catalina.core.ApplicationContext log
INFO: Manager: deploy: Deploying web application '/'
May 09, 2017 3:14:46 PM org.apache.catalina.core.ApplicationContext log
INFO: Manager: Uploading WAR file to /usr/local/tomcat/webapps/ROOT.war.tmp
May 09, 2017 3:16:30 PM org.apache.catalina.core.ApplicationContext log
INFO: Manager: deploy: Deploying web application '/'
May 09, 2017 3:16:30 PM org.apache.catalina.core.ApplicationContext log
INFO: Manager: Uploading WAR file to /usr/local/tomcat/webapps/ROOT.war.tmp
May 09, 2017 3:17:49 PM org.apache.catalina.core.ApplicationContext log
INFO: Manager: deploy: Deploying web application '/'
May 09, 2017 3:17:49 PM org.apache.catalina.core.ApplicationContext log
INFO: Manager: Uploading WAR file to /usr/local/tomcat/webapps/ROOT.war.tmp
May 09, 2017 3:18:22 PM org.apache.catalina.core.ApplicationContext log
INFO: Manager: deploy: Deploying web application '/'
May 09, 2017 3:18:22 PM org.apache.catalina.core.ApplicationContext log
INFO: Manager: Uploading WAR file to /usr/local/tomcat/webapps/ROOT.war.tmp
May 09, 2017 3:31:45 PM org.apache.catalina.core.ApplicationContext log
INFO: Manager: deploy: Deploying web application '/'
May 09, 2017 3:31:45 PM org.apache.catalina.core.ApplicationContext log
INFO: Manager: Uploading WAR file to /usr/local/tomcat/webapps/ROOT.war.tmp
May 09, 2017 3:48:39 PM org.apache.catalina.core.ApplicationContext log
INFO: Manager: deploy: Deploying web application '/'
May 09, 2017 3:48:39 PM org.apache.catalina.core.ApplicationContext log
INFO: Manager: Uploading WAR file to /usr/local/tomcat/webapps/ROOT.war.tmp
May 09, 2017 3:49:59 PM org.apache.catalina.core.ApplicationContext log
INFO: Manager: deploy: Deploying web application '/'
May 09, 2017 3:49:59 PM org.apache.catalina.core.ApplicationContext log
INFO: Manager: Uploading WAR file to /usr/local/tomcat/webapps/ROOT.war.tmp
May 09, 2017 4:23:00 PM org.apache.catalina.core.ApplicationContext log
INFO: Manager: deploy: Deploying web application '/'
May 09, 2017 4:23:00 PM org.apache.catalina.core.ApplicationContext log
INFO: Manager: Uploading WAR file to /usr/local/tomcat/webapps/ROOT.war.tmp
May 09, 2017 4:24:24 PM org.apache.catalina.core.ApplicationContext log
INFO: Manager: deploy: Deploying web application '/'
May 09, 2017 4:24:24 PM org.apache.catalina.core.ApplicationContext log
INFO: Manager: Uploading WAR file to /usr/local/tomcat/webapps/ROOT.war.tmp
May 09, 2017 4:25:42 PM org.apache.catalina.core.ApplicationContext log
INFO: Manager: deploy: Deploying web application '/'
May 09, 2017 4:25:42 PM org.apache.catalina.core.ApplicationContext log
INFO: Manager: Uploading WAR file to /usr/local/tomcat/webapps/ROOT.war.tmp
May 09, 2017 4:28:38 PM org.apache.catalina.core.ApplicationContext log
INFO: Manager: deploy: Deploying web application '/'
May 09, 2017 4:28:38 PM org.apache.catalina.core.ApplicationContext log
INFO: Manager: Uploading WAR file to /usr/local/tomcat/webapps/ROOT.war.tmp
May 09, 2017 4:53:33 PM org.apache.catalina.core.ApplicationContext log
INFO: Manager: deploy: Deploying web application '/'
May 09, 2017 4:53:33 PM org.apache.catalina.core.ApplicationContext log
INFO: Manager: Uploading WAR file to /usr/local/tomcat/webapps/ROOT.war.tmp
May 09, 2017 4:55:59 PM org.apache.catalina.core.ApplicationContext log
INFO: Manager: deploy: Deploying web application '/'
May 09, 2017 4:55:59 PM org.apache.catalina.core.ApplicationContext log
INFO: Manager: Uploading WAR file to /usr/local/tomcat/webapps/ROOT.war.tmp
May 09, 2017 4:56:52 PM org.apache.catalina.core.ApplicationContext log
INFO: Manager: deploy: Deploying web application '/'
May 09, 2017 4:56:52 PM org.apache.catalina.core.ApplicationContext log
INFO: Manager: Uploading WAR file to /usr/local/tomcat/webapps/ROOT.war.tmp
May 09, 2017 5:05:58 PM org.apache.catalina.core.ApplicationContext log
INFO: Manager: deploy: Deploying web application '/'
May 09, 2017 5:05:58 PM org.apache.catalina.core.ApplicationContext log
INFO: Manager: Uploading WAR file to /usr/local/tomcat/webapps/ROOT.war.tmp
May 09, 2017 5:07:57 PM org.apache.catalina.core.ApplicationContext log
INFO: Manager: deploy: Deploying web application '/'
May 09, 2017 5:07:57 PM org.apache.catalina.core.ApplicationContext log
INFO: Manager: Uploading WAR file to /usr/local/tomcat/webapps/ROOT.war.tmp
May 09, 2017 5:10:21 PM org.apache.catalina.core.ApplicationContext log
INFO: Manager: deploy: Deploying web application '/'
May 09, 2017 5:10:21 PM org.apache.catalina.core.ApplicationContext log
INFO: Manager: Uploading WAR file to /usr/local/tomcat/webapps/ROOT.war.tmp
May 09, 2017 5:35:30 PM org.apache.catalina.core.ApplicationContext log
INFO: Manager: deploy: Deploying web application '/'
May 09, 2017 5:35:30 PM org.apache.catalina.core.ApplicationContext log
INFO: Manager: Uploading WAR file to /usr/local/tomcat/webapps/ROOT.war.tmp
May 09, 2017 5:43:58 PM org.apache.catalina.core.ApplicationContext log
INFO: Manager: deploy: Deploying web application '/'
May 09, 2017 5:43:58 PM org.apache.catalina.core.ApplicationContext log
INFO: Manager: Uploading WAR file to /usr/local/tomcat/webapps/ROOT.war.tmp
May 09, 2017 5:47:53 PM org.apache.catalina.core.ApplicationContext log
INFO: Manager: deploy: Deploying web application '/'
May 09, 2017 5:47:53 PM org.apache.catalina.core.ApplicationContext log
INFO: Manager: Uploading WAR file to /usr/local/tomcat/webapps/ROOT.war.tmp
May 09, 2017 5:55:26 PM org.apache.catalina.core.ApplicationContext log
INFO: Manager: deploy: Deploying web application '/'
May 09, 2017 5:55:26 PM org.apache.catalina.core.ApplicationContext log
INFO: Manager: Uploading WAR file to /usr/local/tomcat/webapps/ROOT.war.tmp
May 09, 2017 5:56:10 PM org.apache.catalina.core.ApplicationContext log
INFO: Manager: deploy: Deploying web application '/'
May 09, 2017 5:56:10 PM org.apache.catalina.core.ApplicationContext log
INFO: Manager: Uploading WAR file to /usr/local/tomcat/webapps/ROOT.war.tmp
May 09, 2017 6:12:12 PM org.apache.catalina.core.ApplicationContext log
INFO: Manager: deploy: Deploying web application '/'
May 09, 2017 6:12:12 PM org.apache.catalina.core.ApplicationContext log
INFO: Manager: Uploading WAR file to /usr/local/tomcat/webapps/ROOT.war.tmp
May 09, 2017 6:20:06 PM org.apache.catalina.core.ApplicationContext log
INFO: Manager: deploy: Deploying web application '/'
May 09, 2017 6:20:06 PM org.apache.catalina.core.ApplicationContext log
INFO: Manager: Uploading WAR file to /usr/local/tomcat/webapps/ROOT.war.tmp
May 09, 2017 7:25:11 PM org.apache.catalina.core.ApplicationContext log
INFO: Manager: deploy: Deploying web application '/'
May 09, 2017 7:25:11 PM org.apache.catalina.core.ApplicationContext log
INFO: Manager: Uploading WAR file to /usr/local/tomcat/webapps/ROOT.war.tmp
May 09, 2017 7:30:18 PM org.apache.catalina.core.ApplicationContext log
INFO: Manager: deploy: Deploying web application '/'
May 09, 2017 7:30:18 PM org.apache.catalina.core.ApplicationContext log
INFO: Manager: Uploading WAR file to /usr/local/tomcat/webapps/ROOT.war.tmp
May 09, 2017 7:41:40 PM org.apache.catalina.core.ApplicationContext log
INFO: Manager: deploy: Deploying web application '/'
May 09, 2017 7:41:40 PM org.apache.catalina.core.ApplicationContext log
INFO: Manager: Uploading WAR file to /usr/local/tomcat/webapps/ROOT.war.tmp
May 09, 2017 7:43:43 PM org.apache.catalina.core.ApplicationContext log
INFO: Manager: deploy: Deploying web application '/'
May 09, 2017 7:43:43 PM org.apache.catalina.core.ApplicationContext log
INFO: Manager: Uploading WAR file to /usr/local/tomcat/webapps/ROOT.war.tmp
May 09, 2017 7:48:41 PM org.apache.catalina.core.ApplicationContext log
INFO: Manager: deploy: Deploying web application '/'
May 09, 2017 7:48:41 PM org.apache.catalina.core.ApplicationContext log
INFO: Manager: Uploading WAR file to /usr/local/tomcat/webapps/ROOT.war.tmp
May 09, 2017 7:50:01 PM org.apache.catalina.core.ApplicationContext log
INFO: Manager: deploy: Deploying web application '/'
May 09, 2017 7:50:01 PM org.apache.catalina.core.ApplicationContext log
INFO: Manager: Uploading WAR file to /usr/local/tomcat/webapps/ROOT.war.tmp
May 09, 2017 7:52:55 PM org.apache.catalina.core.ApplicationContext log
INFO: Manager: deploy: Deploying web application '/'
May 09, 2017 7:52:55 PM org.apache.catalina.core.ApplicationContext log
INFO: Manager: Uploading WAR file to /usr/local/tomcat/webapps/ROOT.war.tmp
May 09, 2017 8:55:55 PM org.apache.catalina.core.ApplicationContext log
INFO: Manager: init: Associated with Deployer 'Catalina:type=Deployer,host=localhost'
May 09, 2017 8:55:55 PM org.apache.catalina.core.ApplicationContext log
INFO: Manager: init: Global resources are available
May 09, 2017 8:55:56 PM org.apache.catalina.core.ApplicationContext log
INFO: Manager: deploy: Deploying web application '/'
May 09, 2017 8:55:56 PM org.apache.catalina.core.ApplicationContext log
INFO: Manager: Uploading WAR file to /usr/local/tomcat/webapps/ROOT.war.tmp
May 09, 2017 8:59:15 PM org.apache.catalina.core.ApplicationContext log
INFO: Manager: deploy: Deploying web application '/'
May 09, 2017 8:59:15 PM org.apache.catalina.core.ApplicationContext log
INFO: Manager: Uploading WAR file to /usr/local/tomcat/webapps/ROOT.war.tmp
May 09, 2017 9:25:44 PM org.apache.catalina.core.ApplicationContext log
INFO: Manager: deploy: Deploying web application '/'
May 09, 2017 9:25:44 PM org.apache.catalina.core.ApplicationContext log
INFO: Manager: Uploading WAR file to /usr/local/tomcat/webapps/ROOT.war.tmp
May 09, 2017 9:48:52 PM org.apache.catalina.core.ApplicationContext log
INFO: Manager: deploy: Deploying web application '/'
May 09, 2017 9:48:52 PM org.apache.catalina.core.ApplicationContext log
INFO: Manager: Uploading WAR file to /usr/local/tomcat/webapps/ROOT.war.tmp
May 09, 2017 9:56:12 PM org.apache.catalina.core.ApplicationContext log
INFO: Manager: deploy: Deploying web application '/'
May 09, 2017 9:56:12 PM org.apache.catalina.core.ApplicationContext log
INFO: Manager: Uploading WAR file to /usr/local/tomcat/webapps/ROOT.war.tmp
